#
# There is insufficient memory for the Java Runtime Environment to continue.
# Native memory allocation (malloc) failed to allocate 317936 bytes for Chunk::new
# Possible reasons:
#   The system is out of physical RAM or swap space
#   In 32 bit mode, the process size limit was hit
# Possible solutions:
#   Reduce memory load on the system
#   Increase physical memory or swap space
#   Check if swap backing store is full
#   Use 64 bit Java on a 64 bit OS
#   Decrease Java heap size (-Xmx/-Xms)
#   Decrease number of Java threads
#   Decrease Java thread stack sizes (-Xss)
#   Set larger code cache with -XX:ReservedCodeCacheSize=
# This output file may be truncated or incomplete.
#
#  Out of Memory Error (allocation.cpp:390), pid=10292, tid=0x00000000000019d4
#
# JRE version: OpenJDK Runtime Environment (8.0_112-b06) (build 1.8.0_112-release-b06)
# Java VM: OpenJDK 64-Bit Server VM (25.112-b06 mixed mode windows-amd64 compressed oops)
# Failed to write core dump. Minidumps are not enabled by default on client versions of Windows
#

---------------  T H R E A D  ---------------

Current thread (0x00000000565be000):  JavaThread "C2 CompilerThread0" daemon [_thread_in_native, id=6612, stack(0x0000000056b70000,0x0000000056c70000)]

Stack: [0x0000000056b70000,0x0000000056c70000]
[error occurred during error reporting (printing stack bounds), id 0xc0000005]

Native frames: (J=compiled Java code, j=interpreted, Vv=VM code, C=native code)


Current CompileTask:
C2:  89800 13317       4       com.google.common.collect.AbstractMapBasedMultimap::put (92 bytes)


---------------  P R O C E S S  ---------------

Java Threads: ( => current thread )
  0x0000000059b66800 JavaThread "Forward streams with process: command 'D:\Android_Studio\jre\bin\java.exe' Thread 3" [_thread_in_native, id=4852, stack(0x000000005af00000,0x000000005b000000)]
  0x0000000059b63800 JavaThread "Forward streams with process: command 'D:\Android_Studio\jre\bin\java.exe' Thread 2" [_thread_in_native, id=2408, stack(0x0000000063410000,0x0000000063510000)]
  0x0000000059b65000 JavaThread "Forward streams with process: command 'D:\Android_Studio\jre\bin\java.exe'" [_thread_blocked, id=5688, stack(0x0000000062d10000,0x0000000062e10000)]
  0x0000000059b62800 JavaThread "Run command 'D:\Android_Studio\jre\bin\java.exe'" [_thread_in_native, id=9704, stack(0x0000000064150000,0x0000000064250000)]
  0x000000005d5fa000 JavaThread "Stdin handler" [_thread_blocked, id=4384, stack(0x0000000064560000,0x0000000064660000)]
  0x000000005d5fc000 JavaThread "Asynchronous log dispatcher for DefaultDaemonConnection: socket connection from /127.0.0.1:54669 to /127.0.0.1:54699" [_thread_blocked, id=10524, stack(0x0000000064260000,0x0000000064360000)]
  0x0000000058ebc000 JavaThread "Cancel handler" [_thread_blocked, id=11396, stack(0x0000000064020000,0x0000000064120000)]
  0x0000000058ec0800 JavaThread "Handler for socket connection from /127.0.0.1:54669 to /127.0.0.1:54699" [_thread_in_native, id=9960, stack(0x00000000631f0000,0x00000000632f0000)]
  0x000000005d5fd800 JavaThread "Forward streams with process: command 'D:\Android_Studio\jre\bin\java.exe' Thread 3" [_thread_in_native, id=11276, stack(0x0000000063d20000,0x0000000063e20000)]
  0x000000005d5f9000 JavaThread "Forward streams with process: command 'D:\Android_Studio\jre\bin\java.exe' Thread 2" [_thread_in_native, id=9132, stack(0x0000000063b40000,0x0000000063c40000)]
  0x000000005d5ff000 JavaThread "Forward streams with process: command 'D:\Android_Studio\jre\bin\java.exe'" [_thread_blocked, id=6304, stack(0x00000000637a0000,0x00000000638a0000)]
  0x0000000058eb2000 JavaThread "Run command 'D:\Android_Studio\jre\bin\java.exe'" [_thread_in_native, id=9476, stack(0x000000005a690000,0x000000005a790000)]
  0x0000000058eba800 JavaThread "pool-10-thread-4" [_thread_blocked, id=5084, stack(0x000000005b460000,0x000000005b560000)]
  0x0000000058eb6000 JavaThread "pool-10-thread-3" [_thread_blocked, id=9884, stack(0x0000000061a60000,0x0000000061b60000)]
  0x0000000058eb6800 JavaThread "pool-10-thread-2" [_thread_in_native, id=11160, stack(0x000000005b020000,0x000000005b120000)]
  0x0000000058ebc800 JavaThread "pool-10-thread-1" [_thread_blocked, id=8128, stack(0x000000005adf0000,0x000000005aef0000)]
  0x0000000058ebe000 JavaThread "pool-9-thread-4" [_thread_blocked, id=8888, stack(0x00000000632f0000,0x00000000633f0000)]
  0x0000000058ebf000 JavaThread "pool-9-thread-3" [_thread_blocked, id=11236, stack(0x0000000063990000,0x0000000063a90000)]
  0x0000000058ebd800 JavaThread "pool-9-thread-2" [_thread_blocked, id=11152, stack(0x00000000630d0000,0x00000000631d0000)]
  0x0000000058eb9800 JavaThread "pool-9-thread-1" [_thread_blocked, id=2460, stack(0x000000005b2d0000,0x000000005b3d0000)]
  0x0000000058eb1800 JavaThread "File lock request listener" [_thread_in_native, id=11960, stack(0x00000000604d0000,0x00000000605d0000)]
  0x0000000058f71000 JavaThread "Daemon worker" [_thread_in_native, id=7840, stack(0x000000005b130000,0x000000005b230000)]
  0x0000000058945000 JavaThread "Daemon" [_thread_blocked, id=7048, stack(0x000000005ace0000,0x000000005ade0000)]
  0x00000000591e8800 JavaThread "pool-1-thread-1" [_thread_blocked, id=2704, stack(0x000000005ab80000,0x000000005ac80000)]
  0x000000005841c000 JavaThread "Incoming local TCP Connector on port 54669" [_thread_in_native, id=4612, stack(0x000000005a790000,0x000000005a890000)]
  0x0000000056613000 JavaThread "Service Thread" daemon [_thread_blocked, id=7480, stack(0x0000000057a20000,0x0000000057b20000)]
  0x0000000056612800 JavaThread "C1 CompilerThread2" daemon [_thread_blocked, id=2844, stack(0x0000000056fd0000,0x00000000570d0000)]
  0x00000000565c1000 JavaThread "C2 CompilerThread1" daemon [_thread_blocked, id=4472, stack(0x0000000056d70000,0x0000000056e70000)]
=>0x00000000565be000 JavaThread "C2 CompilerThread0" daemon [_thread_in_native, id=6612, stack(0x0000000056b70000,0x0000000056c70000)]
  0x00000000565ab800 JavaThread "Attach Listener" daemon [_thread_blocked, id=240, stack(0x0000000056310000,0x0000000056410000)]
  0x00000000565aa800 JavaThread "Signal Dispatcher" daemon [_thread_blocked, id=5852, stack(0x00000000569c0000,0x0000000056ac0000)]
  0x0000000055188000 JavaThread "Finalizer" daemon [_thread_blocked, id=10444, stack(0x00000000564a0000,0x00000000565a0000)]
  0x0000000055144800 JavaThread "Reference Handler" daemon [_thread_blocked, id=9636, stack(0x00000000561e0000,0x00000000562e0000)]
  0x0000000001c4f000 JavaThread "main" [_thread_blocked, id=8908, stack(0x0000000002750000,0x0000000002850000)]

Other Threads:
  0x000000005513b800 VMThread [stack: 0x0000000056020000,0x0000000056120000] [id=9052]
  0x0000000056615800 WatcherThread [stack: 0x0000000056e70000,0x0000000056f70000] [id=11324]

VM state:not at safepoint (normal execution)

VM Mutex/Monitor currently owned by a thread: None

Heap:
 PSYoungGen      total 308224K, used 303628K [0x00000000eab00000, 0x0000000100000000, 0x0000000100000000)
  eden space 280576K, 98% used [0x00000000eab00000,0x00000000fb8ad1b8,0x00000000fbd00000)
  from space 27648K, 99% used [0x00000000fbd00000,0x00000000fd7d5fd0,0x00000000fd800000)
  to   space 36864K, 0% used [0x00000000fdc00000,0x00000000fdc00000,0x0000000100000000)
 ParOldGen       total 118784K, used 37337K [0x00000000c0000000, 0x00000000c7400000, 0x00000000eab00000)
  object space 118784K, 31% used [0x00000000c0000000,0x00000000c2476580,0x00000000c7400000)
 Metaspace       used 65212K, capacity 67766K, committed 68096K, reserved 1107968K
  class space    used 8313K, capacity 8843K, committed 8960K, reserved 1048576K

Card table byte_map: [0x0000000011c10000,0x0000000011e20000] byte_map_base: 0x0000000011610000

Marking Bits: (ParMarkBitMap*) 0x00000000579a18f0
 Begin Bits: [0x00000000125b0000, 0x00000000135b0000)
 End Bits:   [0x00000000135b0000, 0x00000000145b0000)

Polling page: 0x0000000000240000

CodeCache: size=245760Kb used=36559Kb max_used=36559Kb free=209200Kb
 bounds [0x0000000002850000, 0x0000000004c40000, 0x0000000011850000]
 total_blobs=11628 nmethods=10841 adapters=698
 compilation: enabled

Compilation events (10 events):
Event: 89.735 Thread 0x0000000056612800 13333       1       org.gradle.api.internal.artifacts.configurations.DefaultConfiguration::access$1800 (5 bytes)
Event: 89.735 Thread 0x0000000056612800 nmethod 13333 0x0000000004c30a50 code [0x0000000004c30ba0, 0x0000000004c30c90]
Event: 89.736 Thread 0x0000000056612800 13346       3       org.gradle.internal.metaobject.InvokeMethodResult::result (11 bytes)
Event: 89.736 Thread 0x0000000056612800 nmethod 13346 0x0000000004c30d10 code [0x0000000004c30e60, 0x0000000004c30fd0]
Event: 89.737 Thread 0x0000000056612800 13347       3       org.gradle.internal.logging.source.DefaultStdOutLoggingSystem::get (4 bytes)
Event: 89.737 Thread 0x0000000056612800 nmethod 13347 0x0000000004c31050 code [0x0000000004c311a0, 0x0000000004c312f0]
Event: 89.737 Thread 0x0000000056612800 13348       3       org.gradle.internal.logging.source.DefaultStdErrLoggingSystem::get (4 bytes)
Event: 89.738 Thread 0x0000000056612800 nmethod 13348 0x0000000004c31390 code [0x0000000004c314e0, 0x0000000004c31630]
Event: 89.744 Thread 0x0000000056612800 13349       3       sun.nio.fs.WindowsException::<init> (15 bytes)
Event: 89.744 Thread 0x0000000056612800 nmethod 13349 0x0000000004c316d0 code [0x0000000004c31860, 0x0000000004c31c08]

GC Heap History (10 events):
Event: 34.441 GC heap before
{Heap before GC invocations=10 (full 2):
 PSYoungGen      total 181760K, used 181730K [0x00000000eab00000, 0x00000000fd500000, 0x0000000100000000)
  eden space 167936K, 100% used [0x00000000eab00000,0x00000000f4f00000,0x00000000f4f00000)
  from space 13824K, 99% used [0x00000000f4f00000,0x00000000f5c78ad0,0x00000000f5c80000)
  to   space 17408K, 0% used [0x00000000fc400000,0x00000000fc400000,0x00000000fd500000)
 ParOldGen       total 80896K, used 17998K [0x00000000c0000000, 0x00000000c4f00000, 0x00000000eab00000)
  object space 80896K, 22% used [0x00000000c0000000,0x00000000c1193b40,0x00000000c4f00000)
 Metaspace       used 52004K, capacity 53650K, committed 54016K, reserved 1095680K
  class space    used 6942K, capacity 7300K, committed 7424K, reserved 1048576K
Event: 34.482 GC heap after
Heap after GC invocations=10 (full 2):
 PSYoungGen      total 277504K, used 17386K [0x00000000eab00000, 0x00000000fda00000, 0x0000000100000000)
  eden space 260096K, 0% used [0x00000000eab00000,0x00000000eab00000,0x00000000fa900000)
  from space 17408K, 99% used [0x00000000fc400000,0x00000000fd4faa40,0x00000000fd500000)
  to   space 25088K, 0% used [0x00000000fa900000,0x00000000fa900000,0x00000000fc180000)
 ParOldGen       total 80896K, used 29772K [0x00000000c0000000, 0x00000000c4f00000, 0x00000000eab00000)
  object space 80896K, 36% used [0x00000000c0000000,0x00000000c1d131d8,0x00000000c4f00000)
 Metaspace       used 52004K, capacity 53650K, committed 54016K, reserved 1095680K
  class space    used 6942K, capacity 7300K, committed 7424K, reserved 1048576K
}
Event: 46.906 GC heap before
{Heap before GC invocations=11 (full 2):
 PSYoungGen      total 277504K, used 211592K [0x00000000eab00000, 0x00000000fda00000, 0x0000000100000000)
  eden space 260096K, 74% used [0x00000000eab00000,0x00000000f68a7660,0x00000000fa900000)
  from space 17408K, 99% used [0x00000000fc400000,0x00000000fd4faa40,0x00000000fd500000)
  to   space 25088K, 0% used [0x00000000fa900000,0x00000000fa900000,0x00000000fc180000)
 ParOldGen       total 80896K, used 29772K [0x00000000c0000000, 0x00000000c4f00000, 0x00000000eab00000)
  object space 80896K, 36% used [0x00000000c0000000,0x00000000c1d131d8,0x00000000c4f00000)
 Metaspace       used 57214K, capacity 59072K, committed 59136K, reserved 1099776K
  class space    used 7515K, capacity 7927K, committed 7936K, reserved 1048576K
Event: 46.970 GC heap after
Heap after GC invocations=11 (full 2):
 PSYoungGen      total 285184K, used 25010K [0x00000000eab00000, 0x0000000100000000, 0x0000000100000000)
  eden space 260096K, 0% used [0x00000000eab00000,0x00000000eab00000,0x00000000fa900000)
  from space 25088K, 99% used [0x00000000fa900000,0x00000000fc16c858,0x00000000fc180000)
  to   space 29184K, 0% used [0x00000000fe380000,0x00000000fe380000,0x0000000100000000)
 ParOldGen       total 80896K, used 29780K [0x00000000c0000000, 0x00000000c4f00000, 0x00000000eab00000)
  object space 80896K, 36% used [0x00000000c0000000,0x00000000c1d151d8,0x00000000c4f00000)
 Metaspace       used 57214K, capacity 59072K, committed 59136K, reserved 1099776K
  class space    used 7515K, capacity 7927K, committed 7936K, reserved 1048576K
}
Event: 46.970 GC heap before
{Heap before GC invocations=12 (full 3):
 PSYoungGen      total 285184K, used 25010K [0x00000000eab00000, 0x0000000100000000, 0x0000000100000000)
  eden space 260096K, 0% used [0x00000000eab00000,0x00000000eab00000,0x00000000fa900000)
  from space 25088K, 99% used [0x00000000fa900000,0x00000000fc16c858,0x00000000fc180000)
  to   space 29184K, 0% used [0x00000000fe380000,0x00000000fe380000,0x0000000100000000)
 ParOldGen       total 80896K, used 29780K [0x00000000c0000000, 0x00000000c4f00000, 0x00000000eab00000)
  object space 80896K, 36% used [0x00000000c0000000,0x00000000c1d151d8,0x00000000c4f00000)
 Metaspace       used 57214K, capacity 59072K, committed 59136K, reserved 1099776K
  class space    used 7515K, capacity 7927K, committed 7936K, reserved 1048576K
Event: 47.261 GC heap after
Heap after GC invocations=12 (full 3):
 PSYoungGen      total 285184K, used 0K [0x00000000eab00000, 0x0000000100000000, 0x0000000100000000)
  eden space 260096K, 0% used [0x00000000eab00000,0x00000000eab00000,0x00000000fa900000)
  from space 25088K, 0% used [0x00000000fa900000,0x00000000fa900000,0x00000000fc180000)
  to   space 29184K, 0% used [0x00000000fe380000,0x00000000fe380000,0x0000000100000000)
 ParOldGen       total 118784K, used 34494K [0x00000000c0000000, 0x00000000c7400000, 0x00000000eab00000)
  object space 118784K, 29% used [0x00000000c0000000,0x00000000c21af920,0x00000000c7400000)
 Metaspace       used 57213K, capacity 59066K, committed 59136K, reserved 1099776K
  class space    used 7514K, capacity 7926K, committed 7936K, reserved 1048576K
}
Event: 71.212 GC heap before
{Heap before GC invocations=13 (full 3):
 PSYoungGen      total 285184K, used 259363K [0x00000000eab00000, 0x0000000100000000, 0x0000000100000000)
  eden space 260096K, 99% used [0x00000000eab00000,0x00000000fa848e50,0x00000000fa900000)
  from space 25088K, 0% used [0x00000000fa900000,0x00000000fa900000,0x00000000fc180000)
  to   space 29184K, 0% used [0x00000000fe380000,0x00000000fe380000,0x0000000100000000)
 ParOldGen       total 118784K, used 34494K [0x00000000c0000000, 0x00000000c7400000, 0x00000000eab00000)
  object space 118784K, 29% used [0x00000000c0000000,0x00000000c21af920,0x00000000c7400000)
 Metaspace       used 62680K, capacity 64786K, committed 64896K, reserved 1105920K
  class space    used 8074K, capacity 8522K, committed 8576K, reserved 1048576K
Event: 71.249 GC heap after
Heap after GC invocations=13 (full 3):
 PSYoungGen      total 309760K, used 29173K [0x00000000eab00000, 0x0000000100000000, 0x0000000100000000)
  eden space 280576K, 0% used [0x00000000eab00000,0x00000000eab00000,0x00000000fbd00000)
  from space 29184K, 99% used [0x00000000fe380000,0x00000000ffffd498,0x0000000100000000)
  to   space 34304K, 0% used [0x00000000fbd00000,0x00000000fbd00000,0x00000000fde80000)
 ParOldGen       total 118784K, used 37329K [0x00000000c0000000, 0x00000000c7400000, 0x00000000eab00000)
  object space 118784K, 31% used [0x00000000c0000000,0x00000000c2474580,0x00000000c7400000)
 Metaspace       used 62680K, capacity 64786K, committed 64896K, reserved 1105920K
  class space    used 8074K, capacity 8522K, committed 8576K, reserved 1048576K
}
Event: 77.189 GC heap before
{Heap before GC invocations=14 (full 3):
 PSYoungGen      total 309760K, used 309749K [0x00000000eab00000, 0x0000000100000000, 0x0000000100000000)
  eden space 280576K, 100% used [0x00000000eab00000,0x00000000fbd00000,0x00000000fbd00000)
  from space 29184K, 99% used [0x00000000fe380000,0x00000000ffffd498,0x0000000100000000)
  to   space 34304K, 0% used [0x00000000fbd00000,0x00000000fbd00000,0x00000000fde80000)
 ParOldGen       total 118784K, used 37329K [0x00000000c0000000, 0x00000000c7400000, 0x00000000eab00000)
  object space 118784K, 31% used [0x00000000c0000000,0x00000000c2474580,0x00000000c7400000)
 Metaspace       used 64010K, capacity 66260K, committed 66304K, reserved 1107968K
  class space    used 8190K, capacity 8666K, committed 8704K, reserved 1048576K
Event: 77.235 GC heap after
Heap after GC invocations=14 (full 3):
 PSYoungGen      total 308224K, used 27479K [0x00000000eab00000, 0x0000000100000000, 0x0000000100000000)
  eden space 280576K, 0% used [0x00000000eab00000,0x00000000eab00000,0x00000000fbd00000)
  from space 27648K, 99% used [0x00000000fbd00000,0x00000000fd7d5fd0,0x00000000fd800000)
  to   space 36864K, 0% used [0x00000000fdc00000,0x00000000fdc00000,0x0000000100000000)
 ParOldGen       total 118784K, used 37337K [0x00000000c0000000, 0x00000000c7400000, 0x00000000eab00000)
  object space 118784K, 31% used [0x00000000c0000000,0x00000000c2476580,0x00000000c7400000)
 Metaspace       used 64010K, capacity 66260K, committed 66304K, reserved 1107968K
  class space    used 8190K, capacity 8666K, committed 8704K, reserved 1048576K
}

Deoptimization events (10 events):
Event: 83.839 Thread 0x0000000058f71000 Uncommon trap: reason=class_check action=maybe_recompile pc=0x0000000003222a1c method=com.sun.org.apache.xerces.internal.impl.XMLDocumentFragmentScannerImpl.scanStartElement()Z @ 372
Event: 83.839 Thread 0x0000000058f71000 Uncommon trap: reason=bimorphic action=maybe_recompile pc=0x00000000034e21f8 method=com.sun.org.apache.xerces.internal.dom.ElementImpl.getAttributes()Lorg/w3c/dom/NamedNodeMap; @ 8
Event: 85.043 Thread 0x0000000058f71000 Uncommon trap: reason=bimorphic action=maybe_recompile pc=0x0000000004056a9c method=com.google.common.collect.AbstractMapBasedMultimap.put(Ljava/lang/Object;Ljava/lang/Object;)Z @ 70
Event: 85.043 Thread 0x0000000058f71000 Uncommon trap: reason=bimorphic action=maybe_recompile pc=0x0000000004056a9c method=com.google.common.collect.AbstractMapBasedMultimap.put(Ljava/lang/Object;Ljava/lang/Object;)Z @ 70
Event: 85.043 Thread 0x0000000058f71000 Uncommon trap: reason=bimorphic action=maybe_recompile pc=0x0000000004056a9c method=com.google.common.collect.AbstractMapBasedMultimap.put(Ljava/lang/Object;Ljava/lang/Object;)Z @ 70
Event: 85.043 Thread 0x0000000058f71000 Uncommon trap: reason=bimorphic action=maybe_recompile pc=0x0000000004056a9c method=com.google.common.collect.AbstractMapBasedMultimap.put(Ljava/lang/Object;Ljava/lang/Object;)Z @ 70
Event: 85.802 Thread 0x0000000058ebf800 Uncommon trap: reason=class_check action=maybe_recompile pc=0x0000000003a8d1ac method=java.util.concurrent.locks.ReentrantLock.lock()V @ 4
Event: 86.791 Thread 0x0000000058ec0800 Uncommon trap: reason=class_check action=maybe_recompile pc=0x0000000003af251c method=java.lang.reflect.Array.newInstance(Ljava/lang/Class;I)Ljava/lang/Object; @ 2
Event: 87.097 Thread 0x0000000058f71000 Uncommon trap: reason=bimorphic action=maybe_recompile pc=0x00000000033555b8 method=com.google.common.io.ByteStreams.copy(Ljava/io/InputStream;Ljava/io/OutputStream;)J @ 39
Event: 87.640 Thread 0x0000000058f71000 Uncommon trap: reason=bimorphic action=maybe_recompile pc=0x00000000033555b8 method=com.google.common.io.ByteStreams.copy(Ljava/io/InputStream;Ljava/io/OutputStream;)J @ 39

Internal exceptions (10 events):
Event: 89.195 Thread 0x0000000058eba800 Exception <a 'sun/nio/fs/WindowsException'> (0x00000000f9060be0) thrown at [C:\src\android\AOSP-openjdk\external\jetbrains\jdk\hotspot\src\share\vm\prims\jni.cpp, line 709]
Event: 89.632 Thread 0x0000000058eba800 Exception <a 'sun/nio/fs/WindowsException'> (0x00000000f907e7c0) thrown at [C:\src\android\AOSP-openjdk\external\jetbrains\jdk\hotspot\src\share\vm\prims\jni.cpp, line 709]
Event: 89.744 Thread 0x0000000058f71000 Exception <a 'sun/nio/fs/WindowsException'> (0x00000000fb637c40) thrown at [C:\src\android\AOSP-openjdk\external\jetbrains\jdk\hotspot\src\share\vm\prims\jni.cpp, line 709]
Event: 89.744 Thread 0x0000000058f71000 Exception <a 'sun/nio/fs/WindowsException'> (0x00000000fb6385b0) thrown at [C:\src\android\AOSP-openjdk\external\jetbrains\jdk\hotspot\src\share\vm\prims\jni.cpp, line 709]
Event: 89.744 Thread 0x0000000058f71000 Exception <a 'sun/nio/fs/WindowsException'> (0x00000000fb639fc0) thrown at [C:\src\android\AOSP-openjdk\external\jetbrains\jdk\hotspot\src\share\vm\prims\jni.cpp, line 709]
Event: 89.744 Thread 0x0000000058f71000 Exception <a 'sun/nio/fs/WindowsException'> (0x00000000fb63a950) thrown at [C:\src\android\AOSP-openjdk\external\jetbrains\jdk\hotspot\src\share\vm\prims\jni.cpp, line 709]
Event: 89.744 Thread 0x0000000058f71000 Exception <a 'sun/nio/fs/WindowsException'> (0x00000000fb63e8a0) thrown at [C:\src\android\AOSP-openjdk\external\jetbrains\jdk\hotspot\src\share\vm\prims\jni.cpp, line 709]
Event: 89.744 Thread 0x0000000058f71000 Exception <a 'sun/nio/fs/WindowsException'> (0x00000000fb63f2d0) thrown at [C:\src\android\AOSP-openjdk\external\jetbrains\jdk\hotspot\src\share\vm\prims\jni.cpp, line 709]
Event: 89.744 Thread 0x0000000058f71000 Exception <a 'sun/nio/fs/WindowsException'> (0x00000000fb640d30) thrown at [C:\src\android\AOSP-openjdk\external\jetbrains\jdk\hotspot\src\share\vm\prims\jni.cpp, line 709]
Event: 89.744 Thread 0x0000000058f71000 Exception <a 'sun/nio/fs/WindowsException'> (0x00000000fb6417a0) thrown at [C:\src\android\AOSP-openjdk\external\jetbrains\jdk\hotspot\src\share\vm\prims\jni.cpp, line 709]

Events (10 events):
Event: 89.054 Thread 0x0000000059b64000 Thread exited: 0x0000000059b64000
Event: 89.056 Thread 0x0000000059b68000 Thread exited: 0x0000000059b68000
Event: 89.064 Thread 0x0000000058eb8000 Thread exited: 0x0000000058eb8000
Event: 89.068 Thread 0x0000000056612800 flushing nmethod 0x00000000038ea690
Event: 89.187 Executing VM operation: RevokeBias
Event: 89.187 Executing VM operation: RevokeBias done
Event: 89.283 Thread 0x0000000056612800 flushing nmethod 0x00000000048acd90
Event: 89.284 Thread 0x0000000056612800 flushing nmethod 0x0000000004906210
Event: 89.701 Executing VM operation: RevokeBias
Event: 89.713 Executing VM operation: RevokeBias done


Dynamic libraries:
0x000000013ff00000 - 0x000000013ff31000 	D:\Android_Studio\jre\bin\java.exe
0x0000000077970000 - 0x0000000077b1a000 	C:\windows\SYSTEM32\ntdll.dll
0x0000000077750000 - 0x000000007786f000 	C:\windows\system32\kernel32.dll
0x000007fefd680000 - 0x000007fefd6ea000 	C:\windows\system32\KERNELBASE.dll
0x000007feff060000 - 0x000007feff13b000 	C:\windows\system32\ADVAPI32.dll
0x000007fefe990000 - 0x000007fefea2f000 	C:\windows\system32\msvcrt.dll
0x000007feff1f0000 - 0x000007feff20f000 	C:\windows\SYSTEM32\sechost.dll
0x000007feff210000 - 0x000007feff33d000 	C:\windows\system32\RPCRT4.dll
0x0000000077870000 - 0x000000007796a000 	C:\windows\system32\USER32.dll
0x000007feffc10000 - 0x000007feffc77000 	C:\windows\system32\GDI32.dll
0x000007fefec30000 - 0x000007fefec3e000 	C:\windows\system32\LPK.dll
0x000007feff7b0000 - 0x000007feff87b000 	C:\windows\system32\USP10.dll
0x000007fefb640000 - 0x000007fefb834000 	C:\windows\WinSxS\amd64_microsoft.windows.common-controls_6595b64144ccf1df_6.0.7601.18837_none_fa3b1e3d17594757\COMCTL32.dll
0x000007feff730000 - 0x000007feff7a1000 	C:\windows\system32\SHLWAPI.dll
0x000007fefda20000 - 0x000007fefda4e000 	C:\windows\system32\IMM32.DLL
0x000007fefdaf0000 - 0x000007fefdbf9000 	C:\windows\system32\MSCTF.dll
0x0000000070fc0000 - 0x0000000071092000 	D:\Android_Studio\jre\jre\bin\msvcr100.dll
0x00000000571e0000 - 0x0000000057a1c000 	D:\Android_Studio\jre\jre\bin\server\jvm.dll
0x000007fef9990000 - 0x000007fef9999000 	C:\windows\system32\WSOCK32.dll
0x000007feff1a0000 - 0x000007feff1ed000 	C:\windows\system32\WS2_32.dll
0x000007fefef70000 - 0x000007fefef78000 	C:\windows\system32\NSI.dll
0x000007fefa500000 - 0x000007fefa53b000 	C:\windows\system32\WINMM.dll
0x000007fefc730000 - 0x000007fefc73c000 	C:\windows\system32\VERSION.dll
0x0000000077b30000 - 0x0000000077b37000 	C:\windows\system32\PSAPI.DLL
0x000007fefb220000 - 0x000007fefb22f000 	D:\Android_Studio\jre\jre\bin\verify.dll
0x000007fef98d0000 - 0x000007fef98f9000 	D:\Android_Studio\jre\jre\bin\java.dll
0x000007fef9910000 - 0x000007fef9926000 	D:\Android_Studio\jre\jre\bin\zip.dll
0x000007fefdc00000 - 0x000007fefe98b000 	C:\windows\system32\SHELL32.dll
0x000007feffa10000 - 0x000007feffc0c000 	C:\windows\system32\ole32.dll
0x000007fefd660000 - 0x000007fefd66f000 	C:\windows\system32\profapi.dll
0x000007fef98b0000 - 0x000007fef98ca000 	D:\Android_Studio\jre\jre\bin\net.dll
0x000007fefce30000 - 0x000007fefce85000 	C:\windows\system32\mswsock.dll
0x000007fefce20000 - 0x000007fefce27000 	C:\windows\System32\wship6.dll
0x000007fef8d90000 - 0x000007fef8da1000 	D:\Android_Studio\jre\jre\bin\nio.dll
0x000007fef8d70000 - 0x000007fef8d8e000 	C:\Users\zhangzhijun\.gradle\native\23\windows-amd64\native-platform.dll
0x000007fefce90000 - 0x000007fefcea8000 	C:\windows\system32\CRYPTSP.dll
0x000007fefcb90000 - 0x000007fefcbd7000 	C:\windows\system32\rsaenh.dll
0x000007fefd9c0000 - 0x000007fefd9de000 	C:\windows\system32\USERENV.dll
0x000007fefd500000 - 0x000007fefd50f000 	C:\windows\system32\CRYPTBASE.dll
0x000007fefb3c0000 - 0x000007fefb3e7000 	C:\windows\system32\IPHLPAPI.DLL
0x000007fefb3b0000 - 0x000007fefb3bb000 	C:\windows\system32\WINNSI.DLL
0x000007fefaed0000 - 0x000007fefaee1000 	C:\windows\system32\dhcpcsvc6.DLL
0x000007fefaef0000 - 0x000007fefaf08000 	C:\windows\system32\dhcpcsvc.DLL
0x000007fefc060000 - 0x000007fefc06d000 	D:\Android_Studio\jre\jre\bin\management.dll
0x000007fefd4a0000 - 0x000007fefd4f7000 	C:\windows\system32\apphelp.dll

VM Arguments:
jvm_args: -XX:MaxPermSize=256m -XX:+HeapDumpOnOutOfMemoryError -Xmx1024m -Dfile.encoding=GBK -Duser.country=CN -Duser.language=zh -Duser.variant 
java_command: org.gradle.launcher.daemon.bootstrap.GradleDaemon 3.3
java_class_path (initial): C:\Users\zhangzhijun\.gradle\wrapper\dists\gradle-3.3-all\55gk2rcmfc6p2dg9u9ohc3hw9\gradle-3.3\lib\gradle-launcher-3.3.jar
Launcher Type: SUN_STANDARD

Environment Variables:
JAVA_HOME=C:\Program Files\Java\jdk1.8.0_144
CLASSPATH=.;
PATH=C:\Python27\;C:\Python27\Scripts;C:\windows\system32;C:\windows;C:\windows\System32\Wbem;C:\windows\System32\WindowsPowerShell\v1.0\;D:\node\;D:\Git\cmd;D:\tortoisSVN\bin;C:\Ruby23-x64\bin;C:\Users\zhangzhijun\AppData\Roaming\npm;D:\Microsoft VS Code\bin;D:\Android_SDK\platform-tools;C:\nginx\php;C:\ProgramData\ComposerSetup\bin;C:\ProgramData\chocolatey\bin;C:\Program Files\Java\jdk1.8.0_144\bin;C:\Ruby23-x64\bin;C:\Users\zhangzhijun\AppData\Roaming\npm;D:\Microsoft VS Code\bin;C:\Users\zhangzhijun\AppData\Roaming\Composer\vendor\bin;C:\Users\zhangzhijun\AppData\Local\Programs\Fiddler
USERNAME=zhangzhijun
OS=Windows_NT
PROCESSOR_IDENTIFIER=Intel64 Family 6 Model 69 Stepping 1, GenuineIntel



---------------  S Y S T E M  ---------------

OS: Windows 7 , 64 bit Build 7601 (6.1.7601.23807)

CPU:total 4 (2 cores per cpu, 2 threads per core) family 6 model 69 stepping 1, cmov, cx8, fxsr, mmx, sse, sse2, sse3, ssse3, sse4.1, sse4.2, popcnt, avx, avx2, clmul, erms, lzcnt, ht, tsc, tscinvbit, bmi1, bmi2

Memory: 4k page, physical 8079796k(725872k free), swap 8436336k(2948k free)

vm_info: OpenJDK 64-Bit Server VM (25.112-b06) for windows-amd64 JRE (1.8.0_112-release-b06), built on Dec  8 2016 00:54:26 by "builder" with MS VC++ 10.0 (VS2010)

time: Thu Sep 28 21:12:24 2017
elapsed time: 89 seconds (0d 0h 1m 29s)

