#
# There is insufficient memory for the Java Runtime Environment to continue.
# Native memory allocation (malloc) failed to allocate 32744 bytes for ChunkPool::allocate
# Possible reasons:
#   The system is out of physical RAM or swap space
#   In 32 bit mode, the process size limit was hit
# Possible solutions:
#   Reduce memory load on the system
#   Increase physical memory or swap space
#   Check if swap backing store is full
#   Use 64 bit Java on a 64 bit OS
#   Decrease Java heap size (-Xmx/-Xms)
#   Decrease number of Java threads
#   Decrease Java thread stack sizes (-Xss)
#   Set larger code cache with -XX:ReservedCodeCacheSize=
# This output file may be truncated or incomplete.
#
#  Out of Memory Error (allocation.cpp:273), pid=7000, tid=0x0000000000002bcc
#
# JRE version: OpenJDK Runtime Environment (8.0_112-b06) (build 1.8.0_112-release-b06)
# Java VM: OpenJDK 64-Bit Server VM (25.112-b06 mixed mode windows-amd64 compressed oops)
# Failed to write core dump. Minidumps are not enabled by default on client versions of Windows
#

---------------  T H R E A D  ---------------

Current thread (0x000000005657b000):  JavaThread "C2 CompilerThread0" daemon [_thread_in_native, id=11212, stack(0x0000000056dd0000,0x0000000056ed0000)]

Stack: [0x0000000056dd0000,0x0000000056ed0000]
[error occurred during error reporting (printing stack bounds), id 0xc0000005]

Native frames: (J=compiled Java code, j=interpreted, Vv=VM code, C=native code)


Current CompileTask:
C2:   2874  950   !   4       com.android.dx.cf.code.BytecodeArray::parseInstruction (2764 bytes)


---------------  P R O C E S S  ---------------

Java Threads: ( => current thread )
  0x0000000056893000 JavaThread "pool-2-thread-4" [_thread_blocked, id=9888, stack(0x00000000580b0000,0x00000000581b0000)]
  0x0000000056716000 JavaThread "pool-2-thread-3" [_thread_blocked, id=8872, stack(0x0000000057fa0000,0x00000000580a0000)]
  0x0000000056711000 JavaThread "pool-2-thread-2" [_thread_blocked, id=756, stack(0x0000000057e40000,0x0000000057f40000)]
  0x0000000056710800 JavaThread "pool-3-thread-1" [_thread_blocked, id=5716, stack(0x0000000057cd0000,0x0000000057dd0000)]
  0x000000005670e000 JavaThread "pool-2-thread-1" [_thread_in_vm, id=10860, stack(0x0000000057a40000,0x0000000057b40000)]
  0x0000000056580000 JavaThread "Service Thread" daemon [_thread_blocked, id=11824, stack(0x00000000570d0000,0x00000000571d0000)]
  0x000000005657e000 JavaThread "C1 CompilerThread2" daemon [_thread_blocked, id=11204, stack(0x0000000056cc0000,0x0000000056dc0000)]
  0x000000005657d000 JavaThread "C2 CompilerThread1" daemon [_thread_in_native, id=4700, stack(0x0000000056ee0000,0x0000000056fe0000)]
=>0x000000005657b000 JavaThread "C2 CompilerThread0" daemon [_thread_in_native, id=11212, stack(0x0000000056dd0000,0x0000000056ed0000)]
  0x000000005657a000 JavaThread "Attach Listener" daemon [_thread_blocked, id=11196, stack(0x00000000569e0000,0x0000000056ae0000)]
  0x0000000055065000 JavaThread "Signal Dispatcher" daemon [_thread_blocked, id=6152, stack(0x0000000056b10000,0x0000000056c10000)]
  0x0000000055052800 JavaThread "Finalizer" daemon [_thread_blocked, id=2148, stack(0x0000000056460000,0x0000000056560000)]
  0x000000005500f000 JavaThread "Reference Handler" daemon [_thread_blocked, id=7976, stack(0x0000000056250000,0x0000000056350000)]
  0x000000000244e800 JavaThread "main" [_thread_blocked, id=2028, stack(0x0000000002790000,0x0000000002890000)]

Other Threads:
  0x0000000055009800 VMThread [stack: 0x0000000056060000,0x0000000056160000] [id=10036]
  0x0000000056583000 WatcherThread [stack: 0x0000000057b70000,0x0000000057c70000] [id=11032]

VM state:not at safepoint (normal execution)

VM Mutex/Monitor currently owned by a thread: None

Heap:
 PSYoungGen      total 36864K, used 25425K [0x00000000eab00000, 0x00000000ed400000, 0x0000000100000000)
  eden space 31744K, 80% used [0x00000000eab00000,0x00000000ec3d4628,0x00000000eca00000)
  from space 5120K, 0% used [0x00000000ecf00000,0x00000000ecf00000,0x00000000ed400000)
  to   space 5120K, 0% used [0x00000000eca00000,0x00000000eca00000,0x00000000ecf00000)
 ParOldGen       total 84992K, used 0K [0x00000000c0000000, 0x00000000c5300000, 0x00000000eab00000)
  object space 84992K, 0% used [0x00000000c0000000,0x00000000c0000000,0x00000000c5300000)
 Metaspace       used 5645K, capacity 6832K, committed 7040K, reserved 1056768K
  class space    used 555K, capacity 616K, committed 640K, reserved 1048576K

Card table byte_map: [0x0000000011c50000,0x0000000011e60000] byte_map_base: 0x0000000011650000

Marking Bits: (ParMarkBitMap*) 0x00000000579a18f0
 Begin Bits: [0x0000000012480000, 0x0000000013480000)
 End Bits:   [0x0000000013480000, 0x0000000014480000)

Polling page: 0x0000000000230000

CodeCache: size=245760Kb used=4069Kb max_used=4079Kb free=241690Kb
 bounds [0x0000000002890000, 0x0000000002c90000, 0x0000000011890000]
 total_blobs=1288 nmethods=1025 adapters=177
 compilation: enabled

Compilation events (10 events):
Event: 2.857 Thread 0x000000005657e000 1036       3       java.util.concurrent.locks.AbstractOwnableSynchronizer::setExclusiveOwnerThread (6 bytes)
Event: 2.857 Thread 0x000000005657e000 nmethod 1036 0x0000000002c840d0 code [0x0000000002c84220, 0x0000000002c84390]
Event: 2.864 Thread 0x000000005657d000 nmethod 1035 0x0000000002c87510 code [0x0000000002c87680, 0x0000000002c87cb8]
Event: 2.864 Thread 0x000000005657d000 1037       4       com.android.dx.rop.cst.StdConstantPool::set (123 bytes)
Event: 2.868 Thread 0x000000005657d000 nmethod 1037 0x0000000002c8e9d0 code [0x0000000002c8eb40, 0x0000000002c8edf8]
Event: 2.869 Thread 0x000000005657d000 1038       4       com.android.dx.rop.code.BasicBlockList::labelToBlock (46 bytes)
Event: 2.870 Thread 0x000000005657d000 nmethod 1038 0x0000000002c8cc50 code [0x0000000002c8cda0, 0x0000000002c8cef8]
Event: 2.871 Thread 0x000000005657e000 1039       3       com.android.dx.rop.code.RegisterSpec::getBasicFrameType (10 bytes)
Event: 2.871 Thread 0x000000005657e000 nmethod 1039 0x0000000002c89550 code [0x0000000002c896c0, 0x0000000002c898e8]
Event: 2.871 Thread 0x000000005657d000 1040       4       com.android.dx.rop.code.BasicBlockList$RegCountVisitor::visitPlainInsn (6 bytes)

GC Heap History (0 events):
No events

Deoptimization events (6 events):
Event: 1.855 Thread 0x0000000056711000 Uncommon trap: reason=unstable_if action=reinterpret pc=0x0000000002ac8810 method=com.android.dx.rop.cst.CstFieldRef.compareTo0(Lcom/android/dx/rop/cst/Constant;)I @ 7
Event: 1.941 Thread 0x000000000244e800 Uncommon trap: reason=unstable_if action=reinterpret pc=0x0000000002acaf50 method=java.lang.String.<init>([CII)V @ 18
Event: 1.951 Thread 0x000000000244e800 Uncommon trap: reason=unstable_if action=reinterpret pc=0x0000000002abb8a0 method=java.util.BitSet.nextSetBit(I)I @ 87
Event: 2.412 Thread 0x000000000244e800 Uncommon trap: reason=unstable_if action=reinterpret pc=0x0000000002b7a9b0 method=com.android.dx.rop.code.RegisterSpec.equals(ILcom/android/dx/rop/type/TypeBearer;Lcom/android/dx/rop/code/LocalItem;)Z @ 16
Event: 2.430 Thread 0x000000000244e800 Uncommon trap: reason=unstable_if action=reinterpret pc=0x0000000002ac7128 method=java.util.BitSet.ensureCapacity(I)V @ 6
Event: 2.433 Thread 0x000000000244e800 Uncommon trap: reason=unloaded action=reinterpret pc=0x0000000002b9c8cc method=com.android.dx.ssa.SsaRenamer$BlockRenamer.visitMoveInsn(Lcom/android/dx/ssa/NormalSsaInsn;)V @ 208

Internal exceptions (2 events):
Event: 0.061 Thread 0x000000000244e800 Exception <a 'java/lang/NoSuchMethodError': Method sun.misc.Unsafe.defineClass(Ljava/lang/String;[BII)Ljava/lang/Class; name or signature does not match> (0x00000000eab07c78) thrown at [C:\src\android\AOSP-openjdk\external\jetbrains\jdk\hotspot\src\share\v,[^³ñ|¯?
Event: 0.062 Thread 0x000000000244e800 Exception <a 'java/lang/NoSuchMethodError': Method sun.misc.Unsafe.prefetchRead(Ljava/lang/Object;J)V name or signature does not match> (0x00000000eab07f60) thrown at [C:\src\android\AOSP-openjdk\external\jetbrains\jdk\hotspot\src\share\vm\prims\jni.cpp, l

Events (10 events):
Event: 2.433 Thread 0x000000000244e800 DEOPT PACKING pc=0x0000000002b9c8cc sp=0x000000000288db80
Event: 2.433 Thread 0x000000000244e800 DEOPT UNPACKING pc=0x00000000028d556a sp=0x000000000288db00 mode 2
Event: 2.439 loading class com/android/dx/cf/code/BytecodeArray$ConstantParserVisitor
Event: 2.439 loading class com/android/dx/cf/code/BytecodeArray$ConstantParserVisitor done
Event: 2.786 loading class com/android/dx/cf/direct/DirectClassFile$DcfTypeList
Event: 2.786 loading class com/android/dx/cf/direct/DirectClassFile$DcfTypeList done
Event: 2.788 loading class com/android/dx/cf/attrib/AttEnclosingMethod
Event: 2.788 loading class com/android/dx/cf/attrib/AttEnclosingMethod done
Event: 2.838 Thread 0x000000005670e000 DEOPT PACKING pc=0x0000000002ac325c sp=0x0000000057b3e9a0
Event: 2.838 Thread 0x000000005670e000 DEOPT UNPACKING pc=0x00000000028d75bf sp=0x0000000057b3e6e8 mode 0


Dynamic libraries:
0x000000013fba0000 - 0x000000013fbd1000 	D:\Android_Studio\jre\bin\java.exe
0x0000000077970000 - 0x0000000077b1a000 	C:\windows\SYSTEM32\ntdll.dll
0x0000000077750000 - 0x000000007786f000 	C:\windows\system32\kernel32.dll
0x000007fefd680000 - 0x000007fefd6ea000 	C:\windows\system32\KERNELBASE.dll
0x000007feff060000 - 0x000007feff13b000 	C:\windows\system32\ADVAPI32.dll
0x000007fefe990000 - 0x000007fefea2f000 	C:\windows\system32\msvcrt.dll
0x000007feff1f0000 - 0x000007feff20f000 	C:\windows\SYSTEM32\sechost.dll
0x000007feff210000 - 0x000007feff33d000 	C:\windows\system32\RPCRT4.dll
0x0000000077870000 - 0x000000007796a000 	C:\windows\system32\USER32.dll
0x000007feffc10000 - 0x000007feffc77000 	C:\windows\system32\GDI32.dll
0x000007fefec30000 - 0x000007fefec3e000 	C:\windows\system32\LPK.dll
0x000007feff7b0000 - 0x000007feff87b000 	C:\windows\system32\USP10.dll
0x000007fefb640000 - 0x000007fefb834000 	C:\windows\WinSxS\amd64_microsoft.windows.common-controls_6595b64144ccf1df_6.0.7601.18837_none_fa3b1e3d17594757\COMCTL32.dll
0x000007feff730000 - 0x000007feff7a1000 	C:\windows\system32\SHLWAPI.dll
0x000007fefda20000 - 0x000007fefda4e000 	C:\windows\system32\IMM32.DLL
0x000007fefdaf0000 - 0x000007fefdbf9000 	C:\windows\system32\MSCTF.dll
0x0000000070fc0000 - 0x0000000071092000 	D:\Android_Studio\jre\jre\bin\msvcr100.dll
0x00000000571e0000 - 0x0000000057a1c000 	D:\Android_Studio\jre\jre\bin\server\jvm.dll
0x000007fef9990000 - 0x000007fef9999000 	C:\windows\system32\WSOCK32.dll
0x000007feff1a0000 - 0x000007feff1ed000 	C:\windows\system32\WS2_32.dll
0x000007fefef70000 - 0x000007fefef78000 	C:\windows\system32\NSI.dll
0x000007fefa500000 - 0x000007fefa53b000 	C:\windows\system32\WINMM.dll
0x000007fefc730000 - 0x000007fefc73c000 	C:\windows\system32\VERSION.dll
0x0000000077b30000 - 0x0000000077b37000 	C:\windows\system32\PSAPI.DLL
0x000007fef9f70000 - 0x000007fef9f7f000 	D:\Android_Studio\jre\jre\bin\verify.dll
0x000007fef98d0000 - 0x000007fef98f9000 	D:\Android_Studio\jre\jre\bin\java.dll
0x000007fef98b0000 - 0x000007fef98c6000 	D:\Android_Studio\jre\jre\bin\zip.dll
0x000007fefdc00000 - 0x000007fefe98b000 	C:\windows\system32\SHELL32.dll
0x000007feffa10000 - 0x000007feffc0c000 	C:\windows\system32\ole32.dll
0x000007fefd660000 - 0x000007fefd66f000 	C:\windows\system32\profapi.dll

VM Arguments:
jvm_args: -Djava.awt.headless=true -Xmx1024M -Dfile.encoding=GBK -Duser.country=CN -Duser.language=zh -Duser.variant 
java_command: com.android.dx.command.Main --dex --force-jumbo --num-threads=4 --multi-dex --output E:\projects-learn\Rn-Android-SmartHome\new-android-add-react\android\app\build\intermediates\transforms\dex\debug\folders\1000\5\slice_2 E:\projects-learn\Rn-Android-SmartHome\new-android-add-react\android\app\build\intermediates\transforms\instantRunSlicer\debug\folders\1\5\slice_2
java_class_path (initial): D:\Android_SDK\build-tools\25.0.0\lib\dx.jar
Launcher Type: SUN_STANDARD

Environment Variables:
JAVA_HOME=C:\Program Files\Java\jdk1.8.0_144
CLASSPATH=.;
PATH=C:\Python27\;C:\Python27\Scripts;C:\windows\system32;C:\windows;C:\windows\System32\Wbem;C:\windows\System32\WindowsPowerShell\v1.0\;D:\node\;D:\Git\cmd;D:\tortoisSVN\bin;C:\Ruby23-x64\bin;C:\Users\zhangzhijun\AppData\Roaming\npm;D:\Microsoft VS Code\bin;D:\Android_SDK\platform-tools;C:\nginx\php;C:\ProgramData\ComposerSetup\bin;C:\ProgramData\chocolatey\bin;C:\Program Files\Java\jdk1.8.0_144\bin;C:\Ruby23-x64\bin;C:\Users\zhangzhijun\AppData\Roaming\npm;D:\Microsoft VS Code\bin;C:\Users\zhangzhijun\AppData\Roaming\Composer\vendor\bin;C:\Users\zhangzhijun\AppData\Local\Programs\Fiddler
USERNAME=zhangzhijun
OS=Windows_NT
PROCESSOR_IDENTIFIER=Intel64 Family 6 Model 69 Stepping 1, GenuineIntel



---------------  S Y S T E M  ---------------

OS: Windows 7 , 64 bit Build 7601 (6.1.7601.23807)

CPU:total 4 (2 cores per cpu, 2 threads per core) family 6 model 69 stepping 1, cmov, cx8, fxsr, mmx, sse, sse2, sse3, ssse3, sse4.1, sse4.2, popcnt, avx, avx2, clmul, erms, lzcnt, ht, tsc, tscinvbit, bmi1, bmi2

Memory: 4k page, physical 8079796k(1098624k free), swap 8436336k(1972k free)

vm_info: OpenJDK 64-Bit Server VM (25.112-b06) for windows-amd64 JRE (1.8.0_112-release-b06), built on Dec  8 2016 00:54:26 by "builder" with MS VC++ 10.0 (VS2010)

time: Thu Sep 28 20:11:11 2017
elapsed time: 2 seconds (0d 0h 0m 2s)

