#
# There is insufficient memory for the Java Runtime Environment to continue.
# Native memory allocation (malloc) failed to allocate 1088544 bytes for Chunk::new
# Possible reasons:
#   The system is out of physical RAM or swap space
#   In 32 bit mode, the process size limit was hit
# Possible solutions:
#   Reduce memory load on the system
#   Increase physical memory or swap space
#   Check if swap backing store is full
#   Use 64 bit Java on a 64 bit OS
#   Decrease Java heap size (-Xmx/-Xms)
#   Decrease number of Java threads
#   Decrease Java thread stack sizes (-Xss)
#   Set larger code cache with -XX:ReservedCodeCacheSize=
# This output file may be truncated or incomplete.
#
#  Out of Memory Error (allocation.cpp:390), pid=8352, tid=0x0000000000000cfc
#
# JRE version: OpenJDK Runtime Environment (8.0_112-b06) (build 1.8.0_112-release-b06)
# Java VM: OpenJDK 64-Bit Server VM (25.112-b06 mixed mode windows-amd64 compressed oops)
# Failed to write core dump. Minidumps are not enabled by default on client versions of Windows
#

---------------  T H R E A D  ---------------

Current thread (0x000000005646b000):  JavaThread "C2 CompilerThread0" daemon [_thread_in_native, id=3324, stack(0x0000000056b20000,0x0000000056c20000)]

Stack: [0x0000000056b20000,0x0000000056c20000]
[error occurred during error reporting (printing stack bounds), id 0xc0000005]

Native frames: (J=compiled Java code, j=interpreted, Vv=VM code, C=native code)


Current CompileTask:
C2:  14343 1893   !   4       com.android.dx.cf.code.Ropper::processBlock (1101 bytes)


---------------  P R O C E S S  ---------------

Java Threads: ( => current thread )
  0x00000000567b4000 JavaThread "pool-2-thread-4" [_thread_blocked, id=7252, stack(0x0000000058530000,0x0000000058630000)]
  0x00000000567ae800 JavaThread "pool-2-thread-3" [_thread_blocked, id=11052, stack(0x00000000588a0000,0x00000000589a0000)]
  0x00000000566d6000 JavaThread "pool-2-thread-2" [_thread_blocked, id=7600, stack(0x0000000058660000,0x0000000058760000)]
  0x00000000566ce000 JavaThread "pool-3-thread-1" [_thread_blocked, id=11484, stack(0x0000000058430000,0x0000000058530000)]
  0x0000000056770000 JavaThread "pool-2-thread-1" [_thread_blocked, id=10132, stack(0x0000000058280000,0x0000000058380000)]
  0x00000000564c0000 JavaThread "Service Thread" daemon [_thread_blocked, id=11972, stack(0x0000000056e70000,0x0000000056f70000)]
  0x00000000564bf000 JavaThread "C1 CompilerThread2" daemon [_thread_blocked, id=10060, stack(0x00000000560d0000,0x00000000561d0000)]
  0x000000005646d000 JavaThread "C2 CompilerThread1" daemon [_thread_in_native, id=9528, stack(0x0000000056ce0000,0x0000000056de0000)]
=>0x000000005646b000 JavaThread "C2 CompilerThread0" daemon [_thread_in_native, id=3324, stack(0x0000000056b20000,0x0000000056c20000)]
  0x000000005645a800 JavaThread "Attach Listener" daemon [_thread_blocked, id=7188, stack(0x0000000056980000,0x0000000056a80000)]
  0x000000005528f000 JavaThread "Signal Dispatcher" daemon [_thread_blocked, id=2736, stack(0x0000000056860000,0x0000000056960000)]
  0x0000000055262800 JavaThread "Finalizer" daemon [_thread_blocked, id=1112, stack(0x0000000056350000,0x0000000056450000)]
  0x000000005521f000 JavaThread "Reference Handler" daemon [_thread_blocked, id=11356, stack(0x00000000561d0000,0x00000000562d0000)]
  0x000000000251e800 JavaThread "main" [_thread_blocked, id=7924, stack(0x0000000002570000,0x0000000002670000)]

Other Threads:
  0x0000000055219800 VMThread [stack: 0x0000000055fc0000,0x00000000560c0000] [id=12084]
  0x00000000564c2800 WatcherThread [stack: 0x00000000570d0000,0x00000000571d0000] [id=10000]

VM state:not at safepoint (normal execution)

VM Mutex/Monitor currently owned by a thread: None

Heap:
 PSYoungGen      total 68608K, used 30834K [0x00000000eab00000, 0x00000000ef300000, 0x0000000100000000)
  eden space 63488K, 40% used [0x00000000eab00000,0x00000000ec41dd80,0x00000000ee900000)
  from space 5120K, 99% used [0x00000000ee900000,0x00000000eedfec08,0x00000000eee00000)
  to   space 5120K, 0% used [0x00000000eee00000,0x00000000eee00000,0x00000000ef300000)
 ParOldGen       total 84992K, used 13699K [0x00000000c0000000, 0x00000000c5300000, 0x00000000eab00000)
  object space 84992K, 16% used [0x00000000c0000000,0x00000000c0d60c28,0x00000000c5300000)
 Metaspace       used 6252K, capacity 7088K, committed 7296K, reserved 1056768K
  class space    used 573K, capacity 616K, committed 640K, reserved 1048576K

Card table byte_map: [0x0000000011b00000,0x0000000011d10000] byte_map_base: 0x0000000011500000

Marking Bits: (ParMarkBitMap*) 0x00000000579a18f0
 Begin Bits: [0x0000000012690000, 0x0000000013690000)
 End Bits:   [0x0000000013690000, 0x0000000014690000)

Polling page: 0x0000000000140000

CodeCache: size=245760Kb used=9314Kb max_used=9320Kb free=236445Kb
 bounds [0x0000000002740000, 0x0000000003070000, 0x0000000011740000]
 total_blobs=2230 nmethods=1959 adapters=183
 compilation: enabled

Compilation events (10 events):
Event: 14.106 Thread 0x000000005646d000 nmethod 1987 0x000000000305ef50 code [0x000000000305f140, 0x0000000003060488]
Event: 14.106 Thread 0x000000005646d000 1970       4       com.android.dx.cf.code.Frame::setImmutable (15 bytes)
Event: 14.111 Thread 0x000000005646d000 nmethod 1970 0x0000000003032d90 code [0x0000000003032ee0, 0x0000000003033118]
Event: 14.111 Thread 0x000000005646d000 1980       4       com.android.dx.util.IntList::makeImmutable (20 bytes)
Event: 14.113 Thread 0x000000005646d000 nmethod 1980 0x0000000003050090 code [0x00000000030501e0, 0x0000000003050358]
Event: 14.160 Thread 0x000000005646d000 1990       4       java.util.HashMap::newNode (13 bytes)
Event: 14.161 Thread 0x00000000564bf000 1991       3       com.android.dx.ssa.back.FirstFitLocalCombiningAllocator$Alignment$2::nextClearBit (26 bytes)
Event: 14.161 Thread 0x000000005646d000 nmethod 1990 0x0000000003032a90 code [0x0000000003032be0, 0x0000000003032cd8]
Event: 14.161 Thread 0x00000000564bf000 nmethod 1991 0x0000000003032390 code [0x0000000003032520, 0x00000000030328d8]
Event: 14.162 Thread 0x000000005646d000 1992       4       com.android.dx.ssa.ConstCollector::getConstsSortedByCountUse (386 bytes)

GC Heap History (6 events):
Event: 2.606 GC heap before
{Heap before GC invocations=1 (full 0):
 PSYoungGen      total 36864K, used 31744K [0x00000000eab00000, 0x00000000ed400000, 0x0000000100000000)
  eden space 31744K, 100% used [0x00000000eab00000,0x00000000eca00000,0x00000000eca00000)
  from space 5120K, 0% used [0x00000000ecf00000,0x00000000ecf00000,0x00000000ed400000)
  to   space 5120K, 0% used [0x00000000eca00000,0x00000000eca00000,0x00000000ecf00000)
 ParOldGen       total 84992K, used 0K [0x00000000c0000000, 0x00000000c5300000, 0x00000000eab00000)
  object space 84992K, 0% used [0x00000000c0000000,0x00000000c0000000,0x00000000c5300000)
 Metaspace       used 5924K, capacity 6896K, committed 7040K, reserved 1056768K
  class space    used 569K, capacity 616K, committed 640K, reserved 1048576K
Event: 2.653 GC heap after
Heap after GC invocations=1 (full 0):
 PSYoungGen      total 36864K, used 5103K [0x00000000eab00000, 0x00000000ef300000, 0x0000000100000000)
  eden space 31744K, 0% used [0x00000000eab00000,0x00000000eab00000,0x00000000eca00000)
  from space 5120K, 99% used [0x00000000eca00000,0x00000000ecefbe28,0x00000000ecf00000)
  to   space 5120K, 0% used [0x00000000eee00000,0x00000000eee00000,0x00000000ef300000)
 ParOldGen       total 84992K, used 973K [0x00000000c0000000, 0x00000000c5300000, 0x00000000eab00000)
  object space 84992K, 1% used [0x00000000c0000000,0x00000000c00f37f0,0x00000000c5300000)
 Metaspace       used 5924K, capacity 6896K, committed 7040K, reserved 1056768K
  class space    used 569K, capacity 616K, committed 640K, reserved 1048576K
}
Event: 6.516 GC heap before
{Heap before GC invocations=2 (full 0):
 PSYoungGen      total 36864K, used 36847K [0x00000000eab00000, 0x00000000ef300000, 0x0000000100000000)
  eden space 31744K, 100% used [0x00000000eab00000,0x00000000eca00000,0x00000000eca00000)
  from space 5120K, 99% used [0x00000000eca00000,0x00000000ecefbe28,0x00000000ecf00000)
  to   space 5120K, 0% used [0x00000000eee00000,0x00000000eee00000,0x00000000ef300000)
 ParOldGen       total 84992K, used 973K [0x00000000c0000000, 0x00000000c5300000, 0x00000000eab00000)
  object space 84992K, 1% used [0x00000000c0000000,0x00000000c00f37f0,0x00000000c5300000)
 Metaspace       used 6127K, capacity 7024K, committed 7296K, reserved 1056768K
  class space    used 572K, capacity 616K, committed 640K, reserved 1048576K
Event: 6.854 GC heap after
Heap after GC invocations=2 (full 0):
 PSYoungGen      total 68608K, used 5112K [0x00000000eab00000, 0x00000000ef300000, 0x0000000100000000)
  eden space 63488K, 0% used [0x00000000eab00000,0x00000000eab00000,0x00000000ee900000)
  from space 5120K, 99% used [0x00000000eee00000,0x00000000ef2fe058,0x00000000ef300000)
  to   space 5120K, 0% used [0x00000000ee900000,0x00000000ee900000,0x00000000eee00000)
 ParOldGen       total 84992K, used 4656K [0x00000000c0000000, 0x00000000c5300000, 0x00000000eab00000)
  object space 84992K, 5% used [0x00000000c0000000,0x00000000c048c1d0,0x00000000c5300000)
 Metaspace       used 6127K, capacity 7024K, committed 7296K, reserved 1056768K
  class space    used 572K, capacity 616K, committed 640K, reserved 1048576K
}
Event: 12.160 GC heap before
{Heap before GC invocations=3 (full 0):
 PSYoungGen      total 68608K, used 68600K [0x00000000eab00000, 0x00000000ef300000, 0x0000000100000000)
  eden space 63488K, 100% used [0x00000000eab00000,0x00000000ee900000,0x00000000ee900000)
  from space 5120K, 99% used [0x00000000eee00000,0x00000000ef2fe058,0x00000000ef300000)
  to   space 5120K, 0% used [0x00000000ee900000,0x00000000ee900000,0x00000000eee00000)
 ParOldGen       total 84992K, used 4656K [0x00000000c0000000, 0x00000000c5300000, 0x00000000eab00000)
  object space 84992K, 5% used [0x00000000c0000000,0x00000000c048c1d0,0x00000000c5300000)
 Metaspace       used 6232K, capacity 7088K, committed 7296K, reserved 1056768K
  class space    used 573K, capacity 616K, committed 640K, reserved 1048576K
Event: 12.629 GC heap after
Heap after GC invocations=3 (full 0):
 PSYoungGen      total 68608K, used 5115K [0x00000000eab00000, 0x00000000ef300000, 0x0000000100000000)
  eden space 63488K, 0% used [0x00000000eab00000,0x00000000eab00000,0x00000000ee900000)
  from space 5120K, 99% used [0x00000000ee900000,0x00000000eedfec08,0x00000000eee00000)
  to   space 5120K, 0% used [0x00000000eee00000,0x00000000eee00000,0x00000000ef300000)
 ParOldGen       total 84992K, used 13699K [0x00000000c0000000, 0x00000000c5300000, 0x00000000eab00000)
  object space 84992K, 16% used [0x00000000c0000000,0x00000000c0d60c28,0x00000000c5300000)
 Metaspace       used 6232K, capacity 7088K, committed 7296K, reserved 1056768K
  class space    used 573K, capacity 616K, committed 640K, reserved 1048576K
}

Deoptimization events (10 events):
Event: 12.737 Thread 0x00000000567ae800 Uncommon trap: reason=unstable_if action=reinterpret pc=0x0000000002e8f9a0 method=java.util.HashMap.putVal(ILjava/lang/Object;Ljava/lang/Object;ZZ)Ljava/lang/Object; @ 94
Event: 13.229 Thread 0x00000000567ae800 Uncommon trap: reason=class_check action=maybe_recompile pc=0x0000000002f2e338 method=com.android.dx.cf.code.RopperMachine.run(Lcom/android/dx/cf/code/Frame;II)V @ 310
Event: 13.329 Thread 0x00000000567ae800 Uncommon trap: reason=bimorphic action=maybe_recompile pc=0x0000000002ec3024 method=com.android.dx.cf.code.BytecodeArray.parseInstruction(ILcom/android/dx/cf/code/BytecodeArray$Visitor;)I @ 923
Event: 13.330 Thread 0x00000000567ae800 Uncommon trap: reason=bimorphic action=maybe_recompile pc=0x0000000002ec3024 method=com.android.dx.cf.code.BytecodeArray.parseInstruction(ILcom/android/dx/cf/code/BytecodeArray$Visitor;)I @ 923
Event: 13.333 Thread 0x00000000567ae800 Uncommon trap: reason=bimorphic action=maybe_recompile pc=0x0000000002ec34e8 method=com.android.dx.cf.code.BytecodeArray.parseInstruction(ILcom/android/dx/cf/code/BytecodeArray$Visitor;)I @ 1161
Event: 13.333 Thread 0x00000000567ae800 Uncommon trap: reason=bimorphic action=maybe_recompile pc=0x0000000002ec34e8 method=com.android.dx.cf.code.BytecodeArray.parseInstruction(ILcom/android/dx/cf/code/BytecodeArray$Visitor;)I @ 1161
Event: 13.946 Thread 0x00000000567ae800 Uncommon trap: reason=speculate_class_check action=maybe_recompile pc=0x0000000002fe2e08 method=com.android.dx.rop.cst.TypedConstant.getBasicType()I @ 1
Event: 13.946 Thread 0x00000000567ae800 Uncommon trap: reason=speculate_class_check action=maybe_recompile pc=0x0000000002fe2e08 method=com.android.dx.rop.cst.TypedConstant.getBasicType()I @ 1
Event: 14.011 Thread 0x00000000567ae800 Uncommon trap: reason=speculate_class_check action=maybe_recompile pc=0x0000000002fe2e08 method=com.android.dx.rop.cst.TypedConstant.getBasicType()I @ 1
Event: 14.011 Thread 0x00000000567ae800 Uncommon trap: reason=speculate_class_check action=maybe_recompile pc=0x0000000002fe2e08 method=com.android.dx.rop.cst.TypedConstant.getBasicType()I @ 1

Internal exceptions (3 events):
Event: 0.058 Thread 0x000000000251e800 Exception <a 'java/lang/NoSuchMethodError': Method sun.misc.Unsafe.defineClass(Ljava/lang/String;[BII)Ljava/lang/Class; name or signature does not match> (0x00000000eab07c78) thrown at [C:\src\android\AOSP-openjdk\external\jetbrains\jdk\hotspot\src\share\v+ëªW\´­?
Event: 0.058 Thread 0x000000000251e800 Exception <a 'java/lang/NoSuchMethodError': Method sun.misc.Unsafe.prefetchRead(Ljava/lang/Object;J)V name or signature does not match> (0x00000000eab07f60) thrown at [C:\src\android\AOSP-openjdk\external\jetbrains\jdk\hotspot\src\share\vm\prims\jni.cpp, lí:ÙÔ`@
Event: 3.797 Thread 0x00000000567ae800 Implicit null exception at 0x00000000029fefd2 to 0x00000000029ff0ca

Events (10 events):
Event: 13.946 Thread 0x00000000567ae800 DEOPT UNPACKING pc=0x000000000278556a sp=0x000000005899e680 mode 2
Event: 13.946 Thread 0x00000000567ae800 Uncommon trap: trap_request=0xffffff76 fr.pc=0x0000000002fe2e08
Event: 13.946 Thread 0x00000000567ae800 DEOPT PACKING pc=0x0000000002fe2e08 sp=0x000000005899e760
Event: 13.946 Thread 0x00000000567ae800 DEOPT UNPACKING pc=0x000000000278556a sp=0x000000005899e680 mode 2
Event: 14.011 Thread 0x00000000567ae800 Uncommon trap: trap_request=0xffffff76 fr.pc=0x0000000002fe2e08
Event: 14.011 Thread 0x00000000567ae800 DEOPT PACKING pc=0x0000000002fe2e08 sp=0x000000005899e760
Event: 14.011 Thread 0x00000000567ae800 DEOPT UNPACKING pc=0x000000000278556a sp=0x000000005899e680 mode 2
Event: 14.011 Thread 0x00000000567ae800 Uncommon trap: trap_request=0xffffff76 fr.pc=0x0000000002fe2e08
Event: 14.011 Thread 0x00000000567ae800 DEOPT PACKING pc=0x0000000002fe2e08 sp=0x000000005899e760
Event: 14.011 Thread 0x00000000567ae800 DEOPT UNPACKING pc=0x000000000278556a sp=0x000000005899e680 mode 2


Dynamic libraries:
0x000000013fbe0000 - 0x000000013fc11000 	D:\Android_Studio\jre\bin\java.exe
0x0000000077970000 - 0x0000000077b1a000 	C:\windows\SYSTEM32\ntdll.dll
0x0000000077750000 - 0x000000007786f000 	C:\windows\system32\kernel32.dll
0x000007fefd680000 - 0x000007fefd6ea000 	C:\windows\system32\KERNELBASE.dll
0x000007feff060000 - 0x000007feff13b000 	C:\windows\system32\ADVAPI32.dll
0x000007fefe990000 - 0x000007fefea2f000 	C:\windows\system32\msvcrt.dll
0x000007feff1f0000 - 0x000007feff20f000 	C:\windows\SYSTEM32\sechost.dll
0x000007feff210000 - 0x000007feff33d000 	C:\windows\system32\RPCRT4.dll
0x0000000077870000 - 0x000000007796a000 	C:\windows\system32\USER32.dll
0x000007feffc10000 - 0x000007feffc77000 	C:\windows\system32\GDI32.dll
0x000007fefec30000 - 0x000007fefec3e000 	C:\windows\system32\LPK.dll
0x000007feff7b0000 - 0x000007feff87b000 	C:\windows\system32\USP10.dll
0x000007fefb640000 - 0x000007fefb834000 	C:\windows\WinSxS\amd64_microsoft.windows.common-controls_6595b64144ccf1df_6.0.7601.18837_none_fa3b1e3d17594757\COMCTL32.dll
0x000007feff730000 - 0x000007feff7a1000 	C:\windows\system32\SHLWAPI.dll
0x000007fefda20000 - 0x000007fefda4e000 	C:\windows\system32\IMM32.DLL
0x000007fefdaf0000 - 0x000007fefdbf9000 	C:\windows\system32\MSCTF.dll
0x0000000066d80000 - 0x0000000066e52000 	D:\Android_Studio\jre\jre\bin\msvcr100.dll
0x00000000571e0000 - 0x0000000057a1c000 	D:\Android_Studio\jre\jre\bin\server\jvm.dll
0x000007fef9990000 - 0x000007fef9999000 	C:\windows\system32\WSOCK32.dll
0x000007feff1a0000 - 0x000007feff1ed000 	C:\windows\system32\WS2_32.dll
0x000007fefef70000 - 0x000007fefef78000 	C:\windows\system32\NSI.dll
0x000007fefa500000 - 0x000007fefa53b000 	C:\windows\system32\WINMM.dll
0x000007fefc730000 - 0x000007fefc73c000 	C:\windows\system32\VERSION.dll
0x0000000077b30000 - 0x0000000077b37000 	C:\windows\system32\PSAPI.DLL
0x000007fefc060000 - 0x000007fefc06f000 	D:\Android_Studio\jre\jre\bin\verify.dll
0x000007fef8da0000 - 0x000007fef8dc9000 	D:\Android_Studio\jre\jre\bin\java.dll
0x000007fef8d80000 - 0x000007fef8d96000 	D:\Android_Studio\jre\jre\bin\zip.dll
0x000007fefdc00000 - 0x000007fefe98b000 	C:\windows\system32\SHELL32.dll
0x000007feffa10000 - 0x000007feffc0c000 	C:\windows\system32\ole32.dll
0x000007fefd660000 - 0x000007fefd66f000 	C:\windows\system32\profapi.dll

VM Arguments:
jvm_args: -Djava.awt.headless=true -Xmx1024M -Dfile.encoding=GBK -Duser.country=CN -Duser.language=zh -Duser.variant 
java_command: com.android.dx.command.Main --dex --force-jumbo --num-threads=4 --multi-dex --output E:\projects-learn\Rn-Android-SmartHome\new-android-add-react\android\app\build\intermediates\transforms\dex\debug\folders\1000\2\Msc_5ae59c771bc32b769c60b08f34d5f86b655f2808 E:\projects-learn\Rn-Android-SmartHome\new-android-add-react\android\app\libs\Msc.jar
java_class_path (initial): D:\Android_SDK\build-tools\25.0.0\lib\dx.jar
Launcher Type: SUN_STANDARD

Environment Variables:
JAVA_HOME=C:\Program Files\Java\jdk1.8.0_144
CLASSPATH=.;
PATH=C:\Python27\;C:\Python27\Scripts;C:\windows\system32;C:\windows;C:\windows\System32\Wbem;C:\windows\System32\WindowsPowerShell\v1.0\;D:\node\;D:\Git\cmd;D:\tortoisSVN\bin;C:\Ruby23-x64\bin;C:\Users\zhangzhijun\AppData\Roaming\npm;D:\Microsoft VS Code\bin;D:\Android_SDK\platform-tools;C:\nginx\php;C:\ProgramData\ComposerSetup\bin;C:\ProgramData\chocolatey\bin;C:\Program Files\Java\jdk1.8.0_144\bin;C:\Ruby23-x64\bin;C:\Users\zhangzhijun\AppData\Roaming\npm;D:\Microsoft VS Code\bin;C:\Users\zhangzhijun\AppData\Roaming\Composer\vendor\bin;C:\Users\zhangzhijun\AppData\Local\Programs\Fiddler
USERNAME=zhangzhijun
OS=Windows_NT
PROCESSOR_IDENTIFIER=Intel64 Family 6 Model 69 Stepping 1, GenuineIntel



---------------  S Y S T E M  ---------------

OS: Windows 7 , 64 bit Build 7601 (6.1.7601.23807)

CPU:total 4 (2 cores per cpu, 2 threads per core) family 6 model 69 stepping 1, cmov, cx8, fxsr, mmx, sse, sse2, sse3, ssse3, sse4.1, sse4.2, popcnt, avx, avx2, clmul, erms, lzcnt, ht, tsc, tscinvbit, bmi1, bmi2

Memory: 4k page, physical 8079796k(1014000k free), swap 8436336k(3384k free)

vm_info: OpenJDK 64-Bit Server VM (25.112-b06) for windows-amd64 JRE (1.8.0_112-release-b06), built on Dec  8 2016 00:54:26 by "builder" with MS VC++ 10.0 (VS2010)

time: Thu Sep 28 21:14:25 2017
elapsed time: 14 seconds (0d 0h 0m 14s)

