#
# There is insufficient memory for the Java Runtime Environment to continue.
# Native memory allocation (malloc) failed to allocate 861056 bytes for Chunk::new
# Possible reasons:
#   The system is out of physical RAM or swap space
#   In 32 bit mode, the process size limit was hit
# Possible solutions:
#   Reduce memory load on the system
#   Increase physical memory or swap space
#   Check if swap backing store is full
#   Use 64 bit Java on a 64 bit OS
#   Decrease Java heap size (-Xmx/-Xms)
#   Decrease number of Java threads
#   Decrease Java thread stack sizes (-Xss)
#   Set larger code cache with -XX:ReservedCodeCacheSize=
# This output file may be truncated or incomplete.
#
#  Out of Memory Error (allocation.cpp:390), pid=2088, tid=0x000000000000247c
#
# JRE version: OpenJDK Runtime Environment (8.0_112-b06) (build 1.8.0_112-release-b06)
# Java VM: OpenJDK 64-Bit Server VM (25.112-b06 mixed mode windows-amd64 compressed oops)
# Failed to write core dump. Minidumps are not enabled by default on client versions of Windows
#

---------------  T H R E A D  ---------------

Current thread (0x000000005519f000):  JavaThread "C2 CompilerThread0" daemon [_thread_in_native, id=9340, stack(0x00000000569c0000,0x0000000056ac0000)]

Stack: [0x00000000569c0000,0x0000000056ac0000]
[error occurred during error reporting (printing stack bounds), id 0xc0000005]

Native frames: (J=compiled Java code, j=interpreted, Vv=VM code, C=native code)


Current CompileTask:
C2:   4516 1327   !   4       com.android.dx.cf.code.BytecodeArray::parseInstruction (2764 bytes)


---------------  P R O C E S S  ---------------

Java Threads: ( => current thread )
  0x000000005871b800 JavaThread "pool-2-thread-4" [_thread_blocked, id=8672, stack(0x0000000059a00000,0x0000000059b00000)]
  0x0000000056812800 JavaThread "pool-2-thread-3" [_thread_blocked, id=6488, stack(0x00000000580b0000,0x00000000581b0000)]
  0x00000000567f0800 JavaThread "pool-2-thread-2" [_thread_blocked, id=10920, stack(0x00000000570a0000,0x00000000571a0000)]
  0x00000000566f3000 JavaThread "pool-3-thread-1" [_thread_blocked, id=11652, stack(0x0000000057e90000,0x0000000057f90000)]
  0x00000000566ee000 JavaThread "pool-2-thread-1" [_thread_blocked, id=5176, stack(0x0000000057c40000,0x0000000057d40000)]
  0x00000000565bd800 JavaThread "Service Thread" daemon [_thread_blocked, id=10324, stack(0x0000000056bd0000,0x0000000056cd0000)]
  0x00000000565a4000 JavaThread "C1 CompilerThread2" daemon [_thread_blocked, id=4904, stack(0x0000000056f50000,0x0000000057050000)]
  0x00000000565a3800 JavaThread "C2 CompilerThread1" daemon [_thread_in_native, id=6680, stack(0x0000000056e20000,0x0000000056f20000)]
=>0x000000005519f000 JavaThread "C2 CompilerThread0" daemon [_thread_in_native, id=9340, stack(0x00000000569c0000,0x0000000056ac0000)]
  0x000000005653a800 JavaThread "Attach Listener" daemon [_thread_blocked, id=4548, stack(0x0000000056cd0000,0x0000000056dd0000)]
  0x0000000055187000 JavaThread "Signal Dispatcher" daemon [_thread_blocked, id=5568, stack(0x0000000056ad0000,0x0000000056bd0000)]
  0x0000000055174800 JavaThread "Finalizer" daemon [_thread_blocked, id=5924, stack(0x0000000056430000,0x0000000056530000)]
  0x0000000055131000 JavaThread "Reference Handler" daemon [_thread_blocked, id=7652, stack(0x0000000056250000,0x0000000056350000)]
  0x000000000026e800 JavaThread "main" [_thread_in_native, id=5976, stack(0x0000000002680000,0x0000000002780000)]

Other Threads:
  0x000000005512b800 VMThread [stack: 0x00000000560a0000,0x00000000561a0000] [id=11544]
  0x00000000565bf800 WatcherThread [stack: 0x0000000057ae0000,0x0000000057be0000] [id=7504]

VM state:not at safepoint (normal execution)

VM Mutex/Monitor currently owned by a thread: None

Heap:
 PSYoungGen      total 68608K, used 23294K [0x00000000eab00000, 0x00000000ef300000, 0x0000000100000000)
  eden space 63488K, 28% used [0x00000000eab00000,0x00000000ebcc6798,0x00000000ee900000)
  from space 5120K, 99% used [0x00000000eee00000,0x00000000ef2f9068,0x00000000ef300000)
  to   space 5120K, 0% used [0x00000000ee900000,0x00000000ee900000,0x00000000eee00000)
 ParOldGen       total 84992K, used 11324K [0x00000000c0000000, 0x00000000c5300000, 0x00000000eab00000)
  object space 84992K, 13% used [0x00000000c0000000,0x00000000c0b0f1d0,0x00000000c5300000)
 Metaspace       used 5803K, capacity 6960K, committed 7040K, reserved 1056768K
  class space    used 560K, capacity 616K, committed 640K, reserved 1048576K

Card table byte_map: [0x0000000011b40000,0x0000000011d50000] byte_map_base: 0x0000000011540000

Marking Bits: (ParMarkBitMap*) 0x00000000579a18f0
 Begin Bits: [0x00000000125a0000, 0x00000000135a0000)
 End Bits:   [0x00000000135a0000, 0x00000000145a0000)

Polling page: 0x0000000000130000

CodeCache: size=245760Kb used=5740Kb max_used=5761Kb free=240020Kb
 bounds [0x0000000002780000, 0x0000000002d30000, 0x0000000011780000]
 total_blobs=1565 nmethods=1302 adapters=177
 compilation: enabled

Compilation events (10 events):
Event: 4.337 Thread 0x00000000565a4000 1344       2       com.android.dx.rop.cst.CstFieldRef::<init> (7 bytes)
Event: 4.337 Thread 0x00000000565a4000 nmethod 1344 0x0000000002cf3c90 code [0x0000000002cf3e00, 0x0000000002cf3f68]
Event: 4.338 Thread 0x00000000565a4000 1345       2       com.android.dx.ssa.back.FirstFitLocalCombiningAllocator::handleUnassociatedParameters (60 bytes)
Event: 4.339 Thread 0x00000000565a4000 nmethod 1345 0x0000000002cf35d0 code [0x0000000002cf3760, 0x0000000002cf3a18]
Event: 4.340 Thread 0x00000000565a4000 1346       3       com.android.dx.ssa.SsaConverter::placePhiFunctions (394 bytes)
Event: 4.344 Thread 0x00000000565a4000 nmethod 1346 0x0000000002d11250 code [0x0000000002d117c0, 0x0000000002d14ad8]
Event: 4.344 Thread 0x00000000565a4000 1347       2       com.android.dx.ssa.SsaConverter::edgeSplitSuccessors (98 bytes)
Event: 4.345 Thread 0x00000000565a4000 nmethod 1347 0x0000000002d18050 code [0x0000000002d18260, 0x0000000002d18808]
Event: 4.355 Thread 0x000000005519f000 nmethod 1305 0x0000000002d1e4d0 code [0x0000000002d1e820, 0x0000000002d20fd0]
Event: 4.355 Thread 0x000000005519f000 1327   !   4       com.android.dx.cf.code.BytecodeArray::parseInstruction (2764 bytes)

GC Heap History (4 events):
Event: 2.257 GC heap before
{Heap before GC invocations=1 (full 0):
 PSYoungGen      total 36864K, used 31744K [0x00000000eab00000, 0x00000000ed400000, 0x0000000100000000)
  eden space 31744K, 100% used [0x00000000eab00000,0x00000000eca00000,0x00000000eca00000)
  from space 5120K, 0% used [0x00000000ecf00000,0x00000000ecf00000,0x00000000ed400000)
  to   space 5120K, 0% used [0x00000000eca00000,0x00000000eca00000,0x00000000ecf00000)
 ParOldGen       total 84992K, used 0K [0x00000000c0000000, 0x00000000c5300000, 0x00000000eab00000)
  object space 84992K, 0% used [0x00000000c0000000,0x00000000c0000000,0x00000000c5300000)
 Metaspace       used 5684K, capacity 6832K, committed 7040K, reserved 1056768K
  class space    used 556K, capacity 616K, committed 640K, reserved 1048576K
Event: 2.327 GC heap after
Heap after GC invocations=1 (full 0):
 PSYoungGen      total 36864K, used 5091K [0x00000000eab00000, 0x00000000ef300000, 0x0000000100000000)
  eden space 31744K, 0% used [0x00000000eab00000,0x00000000eab00000,0x00000000eca00000)
  from space 5120K, 99% used [0x00000000eca00000,0x00000000ecef8f30,0x00000000ecf00000)
  to   space 5120K, 0% used [0x00000000eee00000,0x00000000eee00000,0x00000000ef300000)
 ParOldGen       total 84992K, used 1475K [0x00000000c0000000, 0x00000000c5300000, 0x00000000eab00000)
  object space 84992K, 1% used [0x00000000c0000000,0x00000000c0170c00,0x00000000c5300000)
 Metaspace       used 5684K, capacity 6832K, committed 7040K, reserved 1056768K
  class space    used 556K, capacity 616K, committed 640K, reserved 1048576K
}
Event: 3.268 GC heap before
{Heap before GC invocations=2 (full 0):
 PSYoungGen      total 36864K, used 36835K [0x00000000eab00000, 0x00000000ef300000, 0x0000000100000000)
  eden space 31744K, 100% used [0x00000000eab00000,0x00000000eca00000,0x00000000eca00000)
  from space 5120K, 99% used [0x00000000eca00000,0x00000000ecef8f30,0x00000000ecf00000)
  to   space 5120K, 0% used [0x00000000eee00000,0x00000000eee00000,0x00000000ef300000)
 ParOldGen       total 84992K, used 1475K [0x00000000c0000000, 0x00000000c5300000, 0x00000000eab00000)
  object space 84992K, 1% used [0x00000000c0000000,0x00000000c0170c00,0x00000000c5300000)
 Metaspace       used 5734K, capacity 6896K, committed 7040K, reserved 1056768K
  class space    used 560K, capacity 616K, committed 640K, reserved 1048576K
Event: 3.719 GC heap after
Heap after GC invocations=2 (full 0):
 PSYoungGen      total 68608K, used 5092K [0x00000000eab00000, 0x00000000ef300000, 0x0000000100000000)
  eden space 63488K, 0% used [0x00000000eab00000,0x00000000eab00000,0x00000000ee900000)
  from space 5120K, 99% used [0x00000000eee00000,0x00000000ef2f9068,0x00000000ef300000)
  to   space 5120K, 0% used [0x00000000ee900000,0x00000000ee900000,0x00000000eee00000)
 ParOldGen       total 84992K, used 11324K [0x00000000c0000000, 0x00000000c5300000, 0x00000000eab00000)
  object space 84992K, 13% used [0x00000000c0000000,0x00000000c0b0f1d0,0x00000000c5300000)
 Metaspace       used 5734K, capacity 6896K, committed 7040K, reserved 1056768K
  class space    used 560K, capacity 616K, committed 640K, reserved 1048576K
}

Deoptimization events (10 events):
Event: 1.618 Thread 0x00000000566ee000 Uncommon trap: reason=unstable_if action=reinterpret pc=0x0000000002b1ff90 method=com.android.dx.util.IntList.binarysearch(I)I @ 26
Event: 2.222 Thread 0x00000000566ee000 Uncommon trap: reason=class_check action=maybe_recompile pc=0x0000000002a4ea2c method=com.android.dx.ssa.NormalSsaInsn.accept(Lcom/android/dx/ssa/SsaInsn$Visitor;)V @ 9
Event: 2.223 Thread 0x00000000566ee000 Uncommon trap: reason=class_check action=maybe_recompile pc=0x0000000002a4ea2c method=com.android.dx.ssa.NormalSsaInsn.accept(Lcom/android/dx/ssa/SsaInsn$Visitor;)V @ 9
Event: 2.223 Thread 0x00000000566ee000 Uncommon trap: reason=class_check action=maybe_recompile pc=0x0000000002a4ea2c method=com.android.dx.ssa.NormalSsaInsn.accept(Lcom/android/dx/ssa/SsaInsn$Visitor;)V @ 9
Event: 2.224 Thread 0x00000000566ee000 Uncommon trap: reason=class_check action=maybe_recompile pc=0x0000000002a4ea2c method=com.android.dx.ssa.NormalSsaInsn.accept(Lcom/android/dx/ssa/SsaInsn$Visitor;)V @ 9
Event: 2.224 Thread 0x00000000566ee000 Uncommon trap: reason=class_check action=maybe_recompile pc=0x000000000294cc20 method=com.android.dx.ssa.NormalSsaInsn.accept(Lcom/android/dx/ssa/SsaInsn$Visitor;)V @ 9
Event: 2.421 Thread 0x00000000567f0800 Uncommon trap: reason=unstable_if action=reinterpret pc=0x0000000002b8e460 method=com.android.dx.cf.code.ByteCatchList.listFor(I)Lcom/android/dx/cf/code/ByteCatchList; @ 19
Event: 2.518 Thread 0x00000000567f0800 Uncommon trap: reason=unstable_if action=reinterpret pc=0x0000000002b2fab4 method=com.android.dx.cf.code.Ropper.labelToResultIndex(I)I @ 34
Event: 2.520 Thread 0x00000000567f0800 Uncommon trap: reason=unstable_if action=reinterpret pc=0x0000000002b47d20 method=com.android.dx.util.LabeledList.set(ILcom/android/dx/util/LabeledItem;)V @ 16
Event: 2.623 Thread 0x0000000056812800 Uncommon trap: reason=unstable_if action=reinterpret pc=0x0000000002ad0a08 method=com.android.dx.ssa.SsaRenamer$BlockRenamer.addMapping(ILcom/android/dx/rop/code/RegisterSpec;)V @ 120

Internal exceptions (3 events):
Event: 0.176 Thread 0x000000000026e800 Exception <a 'java/lang/NoSuchMethodError': Method sun.misc.Unsafe.defineClass(Ljava/lang/String;[BII)Ljava/lang/Class; name or signature does not match> (0x00000000eab07c78) thrown at [C:\src\android\AOSP-openjdk\external\jetbrains\jdk\hotspot\src\share\vöè=M¬€Æ?
Event: 0.176 Thread 0x000000000026e800 Exception <a 'java/lang/NoSuchMethodError': Method sun.misc.Unsafe.prefetchRead(Ljava/lang/Object;J)V name or signature does not match> (0x00000000eab07f60) thrown at [C:\src\android\AOSP-openjdk\external\jetbrains\jdk\hotspot\src\share\vm\prims\jni.cpp, lC(W÷?
Event: 1.459 Thread 0x00000000566ee000 Implicit null exception at 0x0000000002a47412 to 0x0000000002a4750a

Events (10 events):
Event: 3.938 Thread 0x00000000567f0800 DEOPT PACKING pc=0x0000000002b09e38 sp=0x000000005719e830
Event: 3.938 Thread 0x00000000567f0800 DEOPT UNPACKING pc=0x00000000027c75bf sp=0x000000005719e558 mode 0
Event: 3.939 Thread 0x00000000567f0800 DEOPT PACKING pc=0x0000000002b09e38 sp=0x000000005719e830
Event: 3.939 Thread 0x00000000567f0800 DEOPT UNPACKING pc=0x00000000027c75bf sp=0x000000005719e558 mode 0
Event: 3.963 Thread 0x00000000567f0800 DEOPT PACKING pc=0x0000000002c8a548 sp=0x000000005719eaf0
Event: 3.963 Thread 0x00000000567f0800 DEOPT UNPACKING pc=0x00000000027c75bf sp=0x000000005719e858 mode 0
Event: 4.313 Thread 0x00000000566ee000 DEOPT PACKING pc=0x0000000002b1e2d3 sp=0x0000000057d3e390
Event: 4.313 Thread 0x00000000566ee000 DEOPT UNPACKING pc=0x00000000027c75bf sp=0x0000000057d3e158 mode 0
Event: 4.429 Executing VM operation: EnableBiasedLocking
Event: 4.430 Executing VM operation: EnableBiasedLocking done


Dynamic libraries:
0x000000013f800000 - 0x000000013f831000 	D:\Android_Studio\jre\bin\java.exe
0x0000000077970000 - 0x0000000077b1a000 	C:\windows\SYSTEM32\ntdll.dll
0x0000000077750000 - 0x000000007786f000 	C:\windows\system32\kernel32.dll
0x000007fefd680000 - 0x000007fefd6ea000 	C:\windows\system32\KERNELBASE.dll
0x000007feff060000 - 0x000007feff13b000 	C:\windows\system32\ADVAPI32.dll
0x000007fefe990000 - 0x000007fefea2f000 	C:\windows\system32\msvcrt.dll
0x000007feff1f0000 - 0x000007feff20f000 	C:\windows\SYSTEM32\sechost.dll
0x000007feff210000 - 0x000007feff33d000 	C:\windows\system32\RPCRT4.dll
0x0000000077870000 - 0x000000007796a000 	C:\windows\system32\USER32.dll
0x000007feffc10000 - 0x000007feffc77000 	C:\windows\system32\GDI32.dll
0x000007fefec30000 - 0x000007fefec3e000 	C:\windows\system32\LPK.dll
0x000007feff7b0000 - 0x000007feff87b000 	C:\windows\system32\USP10.dll
0x000007fefb640000 - 0x000007fefb834000 	C:\windows\WinSxS\amd64_microsoft.windows.common-controls_6595b64144ccf1df_6.0.7601.18837_none_fa3b1e3d17594757\COMCTL32.dll
0x000007feff730000 - 0x000007feff7a1000 	C:\windows\system32\SHLWAPI.dll
0x000007fefda20000 - 0x000007fefda4e000 	C:\windows\system32\IMM32.DLL
0x000007fefdaf0000 - 0x000007fefdbf9000 	C:\windows\system32\MSCTF.dll
0x0000000071560000 - 0x0000000071632000 	D:\Android_Studio\jre\jre\bin\msvcr100.dll
0x00000000571e0000 - 0x0000000057a1c000 	D:\Android_Studio\jre\jre\bin\server\jvm.dll
0x000007fef9990000 - 0x000007fef9999000 	C:\windows\system32\WSOCK32.dll
0x000007feff1a0000 - 0x000007feff1ed000 	C:\windows\system32\WS2_32.dll
0x000007fefef70000 - 0x000007fefef78000 	C:\windows\system32\NSI.dll
0x000007fefa500000 - 0x000007fefa53b000 	C:\windows\system32\WINMM.dll
0x000007fefc730000 - 0x000007fefc73c000 	C:\windows\system32\VERSION.dll
0x0000000077b30000 - 0x0000000077b37000 	C:\windows\system32\PSAPI.DLL
0x000007fefb220000 - 0x000007fefb22f000 	D:\Android_Studio\jre\jre\bin\verify.dll
0x000007fef9900000 - 0x000007fef9929000 	D:\Android_Studio\jre\jre\bin\java.dll
0x000007fef98e0000 - 0x000007fef98f6000 	D:\Android_Studio\jre\jre\bin\zip.dll
0x000007fefdc00000 - 0x000007fefe98b000 	C:\windows\system32\SHELL32.dll
0x000007feffa10000 - 0x000007feffc0c000 	C:\windows\system32\ole32.dll
0x000007fefd660000 - 0x000007fefd66f000 	C:\windows\system32\profapi.dll

VM Arguments:
jvm_args: -Djava.awt.headless=true -Xmx1024M -Dfile.encoding=GBK -Duser.country=CN -Duser.language=zh -Duser.variant 
java_command: com.android.dx.command.Main --dex --force-jumbo --num-threads=4 --multi-dex --output E:\projects-learn\Rn-Android-SmartHome\new-android-add-react\android\app\build\intermediates\transforms\dex\debug\folders\1000\5\slice_1 E:\projects-learn\Rn-Android-SmartHome\new-android-add-react\android\app\build\intermediates\transforms\instantRunSlicer\debug\folders\1\5\slice_1
java_class_path (initial): D:\Android_SDK\build-tools\25.0.0\lib\dx.jar
Launcher Type: SUN_STANDARD

Environment Variables:
JAVA_HOME=C:\Program Files\Java\jdk1.8.0_144
CLASSPATH=.;
PATH=C:\Python27\;C:\Python27\Scripts;C:\windows\system32;C:\windows;C:\windows\System32\Wbem;C:\windows\System32\WindowsPowerShell\v1.0\;D:\node\;D:\Git\cmd;D:\tortoisSVN\bin;C:\Ruby23-x64\bin;C:\Users\zhangzhijun\AppData\Roaming\npm;D:\Microsoft VS Code\bin;D:\Android_SDK\platform-tools;C:\nginx\php;C:\ProgramData\ComposerSetup\bin;C:\ProgramData\chocolatey\bin;C:\Program Files\Java\jdk1.8.0_144\bin;C:\Ruby23-x64\bin;C:\Users\zhangzhijun\AppData\Roaming\npm;D:\Microsoft VS Code\bin;C:\Users\zhangzhijun\AppData\Roaming\Composer\vendor\bin;C:\Users\zhangzhijun\AppData\Local\Programs\Fiddler
USERNAME=zhangzhijun
OS=Windows_NT
PROCESSOR_IDENTIFIER=Intel64 Family 6 Model 69 Stepping 1, GenuineIntel



---------------  S Y S T E M  ---------------

OS: Windows 7 , 64 bit Build 7601 (6.1.7601.23807)

CPU:total 4 (2 cores per cpu, 2 threads per core) family 6 model 69 stepping 1, cmov, cx8, fxsr, mmx, sse, sse2, sse3, ssse3, sse4.1, sse4.2, popcnt, avx, avx2, clmul, erms, lzcnt, ht, tsc, tscinvbit, bmi1, bmi2

Memory: 4k page, physical 8079796k(1101696k free), swap 8436336k(3008k free)

vm_info: OpenJDK 64-Bit Server VM (25.112-b06) for windows-amd64 JRE (1.8.0_112-release-b06), built on Dec  8 2016 00:54:26 by "builder" with MS VC++ 10.0 (VS2010)

time: Thu Sep 28 21:17:28 2017
elapsed time: 4 seconds (0d 0h 0m 4s)

