#
# A fatal error has been detected by the Java Runtime Environment:
#
#  EXCEPTION_ACCESS_VIOLATION (0xc0000005) at pc=0x00000000573cb947, pid=10060, tid=0x0000000000002b10
#
# JRE version: OpenJDK Runtime Environment (8.0_112-b06) (build 1.8.0_112-release-b06)
# Java VM: OpenJDK 64-Bit Server VM (25.112-b06 mixed mode windows-amd64 compressed oops)
# Problematic frame:
# V  [jvm.dll+0x1eb947]
#
# Failed to write core dump. Minidumps are not enabled by default on client versions of Windows
#
# If you would like to submit a bug report, please visit:
#   http://bugreport.java.com/bugreport/crash.jsp
#

---------------  T H R E A D  ---------------

Current thread (0x00000000551df000):  JavaThread "Signal Dispatcher" daemon [_thread_in_vm, id=11024, stack(0x0000000056990000,0x0000000056a90000)]

siginfo: ExceptionCode=0xc0000005, writing address 0x0000000056a8a6f0

Registers:
RAX=0x0000000056a8a6f0, RBX=0x0000000000000006, RCX=0x0000000000005000, RDX=0x0000000000000006
RSP=0x0000000056a8f6f0, RBP=0x0000000000000000, RSI=0x0000000056a8f6f0, RDI=0x0000000000000006
R8 =0x0000000000000006, R9 =0x00000000551bb290, R10=0x000000005480d9c0, R11=0x000000005699a150
R12=0x00000000551bb290, R13=0x00000000551df000, R14=0x0000000056a8f7b8, R15=0x000000005480d9c0
RIP=0x00000000573cb947, EFLAGS=0x0000000000010206

Top of Stack: (sp=0x0000000056a8f6f0)
0x0000000056a8f6f0:   0000000002000002 0000000000000000
0x0000000056a8f700:   00000000551df000 00000000551bb290
0x0000000056a8f710:   00000000ffffffff 00000000573cc877
0x0000000056a8f720:   0000000056a8f820 000000005480d9c0
0x0000000056a8f730:   00000000551df000 000000005727ae33
0x0000000056a8f740:   0000000056a8f780 00000000551df000
0x0000000056a8f750:   0000000056a8f810 00000000551df000
0x0000000056a8f760:   000000005480d9c0 00000000551df000
0x0000000056a8f770:   0000000002932f20 00000000551df000
0x0000000056a8f780:   000000005480d9c0 00000000551df000
0x0000000056a8f790:   000000005480d9c0 00000000551df000
0x0000000056a8f7a0:   0000000000000001 000000005480d9c0
0x0000000056a8f7b0:   00000000551df000 000000005516a520
0x0000000056a8f7c0:   00000000551df000 000000005727c31d
0x0000000056a8f7d0:   0000000056a8fbc8 00000000147e66b0
0x0000000056a8f7e0:   00000000147e66b0 0000000000000000 

Instructions: (pc=0x00000000573cb947)
0x00000000573cb927:   48 89 6c 24 30 33 ed 66 90 e8 cb b8 07 00 ff c3
0x00000000573cb937:   48 63 c8 48 8b c6 48 0f af cf 48 ff c7 48 2b c1
0x00000000573cb947:   89 28 48 63 c3 48 3b 05 45 2c 57 00 7e db 48 8b
0x00000000573cb957:   6c 24 30 48 8b 5c 24 38 48 8b 74 24 40 48 83 c4 


Register to memory mapping:

RAX=0x0000000056a8a6f0 is pointing into the stack for thread: 0x00000000551df000
RBX=0x0000000000000006 is an unknown value
RCX=0x0000000000005000 is an unknown value
RDX=0x0000000000000006 is an unknown value
RSP=0x0000000056a8f6f0 is pointing into the stack for thread: 0x00000000551df000
RBP=0x0000000000000000 is an unknown value
RSI=0x0000000056a8f6f0 is pointing into the stack for thread: 0x00000000551df000
RDI=0x0000000000000006 is an unknown value
R8 =0x0000000000000006 is an unknown value
R9 =0x00000000551bb290 is an unknown value
R10={method} {0x000000005480d9c8} 'exit' '()V' in 'java/lang/Thread'
R11=0x000000005699a150 is pointing into the stack for thread: 0x00000000551df000
R12=0x00000000551bb290 is an unknown value
R13=0x00000000551df000 is a thread
R14=0x0000000056a8f7b8 is pointing into the stack for thread: 0x00000000551df000
R15={method} {0x000000005480d9c8} 'exit' '()V' in 'java/lang/Thread'


Stack: [0x0000000056990000,0x0000000056a90000],  sp=0x0000000056a8f6f0,  free space=1021k
Native frames: (J=compiled Java code, j=interpreted, Vv=VM code, C=native code)


---------------  P R O C E S S  ---------------

Java Threads: ( => current thread )
  0x0000000056480000 JavaThread "Service Thread" daemon [_thread_blocked, id=5032, stack(0x0000000057a50000,0x0000000057b50000)]
  0x000000005647e000 JavaThread "C1 CompilerThread2" daemon [_thread_blocked, id=7844, stack(0x0000000056890000,0x0000000056990000)]
  0x000000005647d000 JavaThread "C2 CompilerThread1" daemon [_thread_blocked, id=11960, stack(0x0000000056fb0000,0x00000000570b0000)]
  0x000000005647b000 JavaThread "C2 CompilerThread0" daemon [_thread_blocked, id=7488, stack(0x0000000056e30000,0x0000000056f30000)]
  0x000000005646a800 JavaThread "Attach Listener" daemon [_thread_blocked, id=4472, stack(0x0000000056bd0000,0x0000000056cd0000)]
=>0x00000000551df000 JavaThread "Signal Dispatcher" daemon [_thread_in_vm, id=11024, stack(0x0000000056990000,0x0000000056a90000)]
  0x00000000551b8000 JavaThread "Finalizer" daemon [_thread_blocked, id=9940, stack(0x0000000056360000,0x0000000056460000)]
  0x000000005516f000 JavaThread "Reference Handler" daemon [_thread_blocked, id=11512, stack(0x0000000056250000,0x0000000056350000)]
  0x000000000045e800 JavaThread "main" [_thread_blocked, id=4964, stack(0x0000000002820000,0x0000000002920000)]

Other Threads:
  0x0000000055169800 VMThread [stack: 0x0000000056100000,0x0000000056200000] [id=11876]

VM state:synchronizing (normal execution)

VM Mutex/Monitor currently owned by a thread:  ([mutex/lock_event])
[0x000000000045c070] Threads_lock - owner thread: 0x0000000055169800

Heap:
 PSYoungGen      total 36864K, used 9009K [0x00000000eab00000, 0x00000000ef300000, 0x0000000100000000)
  eden space 31744K, 12% used [0x00000000eab00000,0x00000000eaece6c8,0x00000000eca00000)
  from space 5120K, 99% used [0x00000000eca00000,0x00000000ecefe048,0x00000000ecf00000)
  to   space 5120K, 0% used [0x00000000eee00000,0x00000000eee00000,0x00000000ef300000)
 ParOldGen       total 84992K, used 1736K [0x00000000c0000000, 0x00000000c5300000, 0x00000000eab00000)
  object space 84992K, 2% used [0x00000000c0000000,0x00000000c01b2358,0x00000000c5300000)
 Metaspace       used 5671K, capacity 6832K, committed 7040K, reserved 1056768K
  class space    used 555K, capacity 616K, committed 640K, reserved 1048576K

Card table byte_map: [0x0000000011ce0000,0x0000000011ef0000] byte_map_base: 0x00000000116e0000

Marking Bits: (ParMarkBitMap*) 0x00000000579a18f0
 Begin Bits: [0x00000000125e0000, 0x00000000135e0000)
 End Bits:   [0x00000000135e0000, 0x00000000145e0000)

Polling page: 0x0000000000430000

CodeCache: size=245760Kb used=4822Kb max_used=4832Kb free=240937Kb
 bounds [0x0000000002920000, 0x0000000002de0000, 0x0000000011920000]
 total_blobs=1474 nmethods=1212 adapters=176
 compilation: enabled

Compilation events (10 events):
Event: 2.064 Thread 0x000000005647e000 nmethod 1209 0x0000000002dd7090 code [0x0000000002dd7200, 0x0000000002dd7528]
Event: 2.072 Thread 0x000000005647b000 nmethod 1172 0x0000000002ddac10 code [0x0000000002ddade0, 0x0000000002ddb788]
Event: 2.078 Thread 0x000000005647e000 1210       3       java.util.concurrent.locks.AbstractQueuedSynchronizer::setState (6 bytes)
Event: 2.078 Thread 0x000000005647e000 nmethod 1210 0x0000000002dd1790 code [0x0000000002dd18e0, 0x0000000002dd1a30]
Event: 2.080 Thread 0x000000005647e000 1211       3       java.util.concurrent.locks.AbstractQueuedSynchronizer::release (33 bytes)
Event: 2.081 Thread 0x000000005647e000 nmethod 1211 0x0000000002dda690 code [0x0000000002dda800, 0x0000000002ddab18]
Event: 2.081 Thread 0x000000005647e000 1212       3       java.util.concurrent.locks.AbstractQueuedSynchronizer::compareAndSetState (13 bytes)
Event: 2.081 Thread 0x000000005647e000 nmethod 1212 0x0000000002dda350 code [0x0000000002dda4a0, 0x0000000002dda610]
Event: 2.086 Thread 0x000000005647e000 1213       3       sun.nio.cs.ext.DoubleByte$Encoder::encodeChar (21 bytes)
Event: 2.087 Thread 0x000000005647e000 nmethod 1213 0x0000000002dd9ed0 code [0x0000000002dda040, 0x0000000002dda1f0]

GC Heap History (2 events):
Event: 1.961 GC heap before
{Heap before GC invocations=1 (full 0):
 PSYoungGen      total 36864K, used 31744K [0x00000000eab00000, 0x00000000ed400000, 0x0000000100000000)
  eden space 31744K, 100% used [0x00000000eab00000,0x00000000eca00000,0x00000000eca00000)
  from space 5120K, 0% used [0x00000000ecf00000,0x00000000ecf00000,0x00000000ed400000)
  to   space 5120K, 0% used [0x00000000eca00000,0x00000000eca00000,0x00000000ecf00000)
 ParOldGen       total 84992K, used 0K [0x00000000c0000000, 0x00000000c5300000, 0x00000000eab00000)
  object space 84992K, 0% used [0x00000000c0000000,0x00000000c0000000,0x00000000c5300000)
 Metaspace       used 5647K, capacity 6832K, committed 7040K, reserved 1056768K
  class space    used 554K, capacity 616K, committed 640K, reserved 1048576K
Event: 2.038 GC heap after
Heap after GC invocations=1 (full 0):
 PSYoungGen      total 36864K, used 5112K [0x00000000eab00000, 0x00000000ef300000, 0x0000000100000000)
  eden space 31744K, 0% used [0x00000000eab00000,0x00000000eab00000,0x00000000eca00000)
  from space 5120K, 99% used [0x00000000eca00000,0x00000000ecefe048,0x00000000ecf00000)
  to   space 5120K, 0% used [0x00000000eee00000,0x00000000eee00000,0x00000000ef300000)
 ParOldGen       total 84992K, used 1736K [0x00000000c0000000, 0x00000000c5300000, 0x00000000eab00000)
  object space 84992K, 2% used [0x00000000c0000000,0x00000000c01b2358,0x00000000c5300000)
 Metaspace       used 5647K, capacity 6832K, committed 7040K, reserved 1056768K
  class space    used 554K, capacity 616K, committed 640K, reserved 1048576K
}

Deoptimization events (9 events):
Event: 0.732 Thread 0x000000005661f800 Uncommon trap: reason=class_check action=maybe_recompile pc=0x0000000002ac15e4 method=com.android.dx.rop.cst.CstMemberRef.compareTo0(Lcom/android/dx/rop/cst/Constant;)I @ 1
Event: 0.745 Thread 0x000000005674c000 Uncommon trap: reason=class_check action=maybe_recompile pc=0x0000000002ac15e4 method=com.android.dx.rop.cst.CstMemberRef.compareTo0(Lcom/android/dx/rop/cst/Constant;)I @ 1
Event: 0.745 Thread 0x000000005674c000 Uncommon trap: reason=class_check action=maybe_recompile pc=0x0000000002ac15e4 method=com.android.dx.rop.cst.CstMemberRef.compareTo0(Lcom/android/dx/rop/cst/Constant;)I @ 1
Event: 0.757 Thread 0x000000005674c000 Uncommon trap: reason=class_check action=maybe_recompile pc=0x0000000002ac15e4 method=com.android.dx.rop.cst.CstMemberRef.compareTo0(Lcom/android/dx/rop/cst/Constant;)I @ 1
Event: 0.764 Thread 0x000000005674c000 Uncommon trap: reason=unstable_if action=reinterpret pc=0x0000000002ac2368 method=com.android.dx.rop.cst.CstFieldRef.compareTo0(Lcom/android/dx/rop/cst/Constant;)I @ 7
Event: 1.251 Thread 0x000000000045e800 Uncommon trap: reason=unstable_if action=reinterpret pc=0x0000000002ac05c8 method=java.lang.String.<init>([CII)V @ 18
Event: 1.298 Thread 0x000000005661f800 Uncommon trap: reason=unstable_if action=reinterpret pc=0x0000000002b0cde0 method=java.util.BitSet.nextSetBit(I)I @ 87
Event: 1.932 Thread 0x0000000056629000 Uncommon trap: reason=unstable_if action=reinterpret pc=0x0000000002d09000 method=com.android.dx.cf.code.BytecodeArray.parseInstruction(ILcom/android/dx/cf/code/BytecodeArray$Visitor;)I @ 1261
Event: 1.953 Thread 0x0000000056629000 Uncommon trap: reason=unstable_if action=reinterpret pc=0x0000000002d33eec method=com.android.dx.rop.code.RegisterSpec.withReg(I)Lcom/android/dx/rop/code/RegisterSpec; @ 5

Internal exceptions (5 events):
Event: 0.032 Thread 0x000000000045e800 Exception <a 'java/lang/NoSuchMethodError': Method sun.misc.Unsafe.defineClass(Ljava/lang/String;[BII)Ljava/lang/Class; name or signature does not match> (0x00000000eab07c78) thrown at [C:\src\android\AOSP-openjdk\external\jetbrains\jdk\hotspot\src\share\vk--9C†?
Event: 0.032 Thread 0x000000000045e800 Exception <a 'java/lang/NoSuchMethodError': Method sun.misc.Unsafe.prefetchRead(Ljava/lang/Object;J)V name or signature does not match> (0x00000000eab07f60) thrown at [C:\src\android\AOSP-openjdk\external\jetbrains\jdk\hotspot\src\share\vm\prims\jni.cpp, l¿“Õπ_‹?
Event: 0.443 Thread 0x000000005661f800 Exception <a 'java/lang/OutOfMemoryError'> (0x00000000eaed5518) thrown at [C:\src\android\AOSP-openjdk\external\jetbrains\jdk\hotspot\src\share\vm\prims\jni.cpp, line 735]
Event: 0.443 Thread 0x000000005661f800 Exception <a 'java/lang/OutOfMemoryError'> (0x00000000eaed5518) thrown at [C:\src\android\AOSP-openjdk\external\jetbrains\jdk\hotspot\src\share\vm\prims\jvm.cpp, line 1394]
Event: 0.444 Thread 0x0000000056629000 Exception <a 'java/lang/StackOverflowError'> (0x00000000eb0952d0) thrown at [C:\src\android\AOSP-openjdk\external\jetbrains\jdk\hotspot\src\share\vm\interpreter\interpreterRuntime.cpp, line 323]

Events (10 events):
Event: 2.082 Thread 0x0000000056739000 Thread exited: 0x0000000056739000
Event: 2.082 Thread 0x0000000056629000 Thread exited: 0x0000000056629000
Event: 2.082 Thread 0x000000005674c000 Thread exited: 0x000000005674c000
Event: 2.082 Thread 0x000000005661f800 Thread exited: 0x000000005661f800
Event: 2.084 Thread 0x0000000056628000 Thread exited: 0x0000000056628000
Event: 2.086 loading class java/lang/Shutdown
Event: 2.087 loading class java/lang/Shutdown done
Event: 2.087 loading class java/lang/Shutdown$Lock
Event: 2.087 loading class java/lang/Shutdown$Lock done
Event: 2.091 Executing VM operation: Exit


Dynamic libraries:
0x000000013fa60000 - 0x000000013fa91000 	D:\Android_Studio\jre\bin\java.exe
0x0000000077970000 - 0x0000000077b1a000 	C:\windows\SYSTEM32\ntdll.dll
0x0000000077750000 - 0x000000007786f000 	C:\windows\system32\kernel32.dll
0x000007fefd680000 - 0x000007fefd6ea000 	C:\windows\system32\KERNELBASE.dll
0x000007feff060000 - 0x000007feff13b000 	C:\windows\system32\ADVAPI32.dll
0x000007fefe990000 - 0x000007fefea2f000 	C:\windows\system32\msvcrt.dll
0x000007feff1f0000 - 0x000007feff20f000 	C:\windows\SYSTEM32\sechost.dll
0x000007feff210000 - 0x000007feff33d000 	C:\windows\system32\RPCRT4.dll
0x0000000077870000 - 0x000000007796a000 	C:\windows\system32\USER32.dll
0x000007feffc10000 - 0x000007feffc77000 	C:\windows\system32\GDI32.dll
0x000007fefec30000 - 0x000007fefec3e000 	C:\windows\system32\LPK.dll
0x000007feff7b0000 - 0x000007feff87b000 	C:\windows\system32\USP10.dll
0x000007fefb640000 - 0x000007fefb834000 	C:\windows\WinSxS\amd64_microsoft.windows.common-controls_6595b64144ccf1df_6.0.7601.18837_none_fa3b1e3d17594757\COMCTL32.dll
0x000007feff730000 - 0x000007feff7a1000 	C:\windows\system32\SHLWAPI.dll
0x000007fefda20000 - 0x000007fefda4e000 	C:\windows\system32\IMM32.DLL
0x000007fefdaf0000 - 0x000007fefdbf9000 	C:\windows\system32\MSCTF.dll
0x0000000070fc0000 - 0x0000000071092000 	D:\Android_Studio\jre\jre\bin\msvcr100.dll
0x00000000571e0000 - 0x0000000057a1c000 	D:\Android_Studio\jre\jre\bin\server\jvm.dll
0x000007fef9990000 - 0x000007fef9999000 	C:\windows\system32\WSOCK32.dll
0x000007feff1a0000 - 0x000007feff1ed000 	C:\windows\system32\WS2_32.dll
0x000007fefef70000 - 0x000007fefef78000 	C:\windows\system32\NSI.dll
0x000007fefa500000 - 0x000007fefa53b000 	C:\windows\system32\WINMM.dll
0x000007fefc730000 - 0x000007fefc73c000 	C:\windows\system32\VERSION.dll
0x0000000077b30000 - 0x0000000077b37000 	C:\windows\system32\PSAPI.DLL
0x000007fefb220000 - 0x000007fefb22f000 	D:\Android_Studio\jre\jre\bin\verify.dll
0x000007fef9910000 - 0x000007fef9939000 	D:\Android_Studio\jre\jre\bin\java.dll
0x000007fef98f0000 - 0x000007fef9906000 	D:\Android_Studio\jre\jre\bin\zip.dll
0x000007fefdc00000 - 0x000007fefe98b000 	C:\windows\system32\SHELL32.dll
0x000007feffa10000 - 0x000007feffc0c000 	C:\windows\system32\ole32.dll
0x000007fefd660000 - 0x000007fefd66f000 	C:\windows\system32\profapi.dll

VM Arguments:
jvm_args: -Djava.awt.headless=true -Xmx1024M -Dfile.encoding=GBK -Duser.country=CN -Duser.language=zh -Duser.variant 
java_command: com.android.dx.command.Main --dex --force-jumbo --num-threads=4 --multi-dex --output E:\projects-learn\Rn-Android-SmartHome\new-android-add-react\android\app\build\intermediates\transforms\dex\debug\folders\1000\5\slice_8 E:\projects-learn\Rn-Android-SmartHome\new-android-add-react\android\app\build\intermediates\transforms\instantRunSlicer\debug\folders\1\5\slice_8
java_class_path (initial): D:\Android_SDK\build-tools\25.0.0\lib\dx.jar
Launcher Type: SUN_STANDARD

Environment Variables:
JAVA_HOME=C:\Program Files\Java\jdk1.8.0_144
CLASSPATH=.;
PATH=C:\Python27\;C:\Python27\Scripts;C:\windows\system32;C:\windows;C:\windows\System32\Wbem;C:\windows\System32\WindowsPowerShell\v1.0\;D:\node\;D:\Git\cmd;D:\tortoisSVN\bin;C:\Ruby23-x64\bin;C:\Users\zhangzhijun\AppData\Roaming\npm;D:\Microsoft VS Code\bin;D:\Android_SDK\platform-tools;C:\nginx\php;C:\ProgramData\ComposerSetup\bin;C:\ProgramData\chocolatey\bin;C:\Program Files\Java\jdk1.8.0_144\bin;C:\Ruby23-x64\bin;C:\Users\zhangzhijun\AppData\Roaming\npm;D:\Microsoft VS Code\bin;C:\Users\zhangzhijun\AppData\Roaming\Composer\vendor\bin;C:\Users\zhangzhijun\AppData\Local\Programs\Fiddler
USERNAME=zhangzhijun
OS=Windows_NT
PROCESSOR_IDENTIFIER=Intel64 Family 6 Model 69 Stepping 1, GenuineIntel



---------------  S Y S T E M  ---------------

OS: Windows 7 , 64 bit Build 7601 (6.1.7601.23807)

CPU:total 4 (2 cores per cpu, 2 threads per core) family 6 model 69 stepping 1, cmov, cx8, fxsr, mmx, sse, sse2, sse3, ssse3, sse4.1, sse4.2, popcnt, avx, avx2, clmul, erms, lzcnt, ht, tsc, tscinvbit, bmi1, bmi2

Memory: 4k page, physical 8079796k(1002584k free), swap 8436336k(130244k free)

vm_info: OpenJDK 64-Bit Server VM (25.112-b06) for windows-amd64 JRE (1.8.0_112-release-b06), built on Dec  8 2016 00:54:26 by "builder" with MS VC++ 10.0 (VS2010)

time: Thu Sep 28 21:05:12 2017
elapsed time: 2 seconds (0d 0h 0m 2s)

