#
# There is insufficient memory for the Java Runtime Environment to continue.
# Native memory allocation (malloc) failed to allocate 412976 bytes for Chunk::new
# Possible reasons:
#   The system is out of physical RAM or swap space
#   In 32 bit mode, the process size limit was hit
# Possible solutions:
#   Reduce memory load on the system
#   Increase physical memory or swap space
#   Check if swap backing store is full
#   Use 64 bit Java on a 64 bit OS
#   Decrease Java heap size (-Xmx/-Xms)
#   Decrease number of Java threads
#   Decrease Java thread stack sizes (-Xss)
#   Set larger code cache with -XX:ReservedCodeCacheSize=
# This output file may be truncated or incomplete.
#
#  Out of Memory Error (allocation.cpp:390), pid=10764, tid=0x00000000000022dc
#
# JRE version: OpenJDK Runtime Environment (8.0_112-b06) (build 1.8.0_112-release-b06)
# Java VM: OpenJDK 64-Bit Server VM (25.112-b06 mixed mode windows-amd64 compressed oops)
# Failed to write core dump. Minidumps are not enabled by default on client versions of Windows
#

---------------  T H R E A D  ---------------

Current thread (0x000000005650b000):  JavaThread "C2 CompilerThread0" daemon [_thread_in_native, id=8924, stack(0x0000000056ad0000,0x0000000056bd0000)]

Stack: [0x0000000056ad0000,0x0000000056bd0000]
[error occurred during error reporting (printing stack bounds), id 0xc0000005]

Native frames: (J=compiled Java code, j=interpreted, Vv=VM code, C=native code)


Current CompileTask:
C2:   4272 1180   !   4       com.android.dx.cf.code.BytecodeArray::parseInstruction (2764 bytes)


---------------  P R O C E S S  ---------------

Java Threads: ( => current thread )
  0x00000000568e7800 JavaThread "pool-2-thread-4" [_thread_blocked, id=9488, stack(0x0000000058980000,0x0000000058a80000)]
  0x00000000567aa000 JavaThread "pool-2-thread-3" [_thread_in_Java, id=6376, stack(0x0000000057ba0000,0x0000000057ca0000)]
  0x000000005679d800 JavaThread "pool-2-thread-2" [_thread_blocked, id=8072, stack(0x0000000057f80000,0x0000000058080000)]
  0x000000005669b000 JavaThread "pool-3-thread-1" [_thread_blocked, id=8728, stack(0x0000000057e40000,0x0000000057f40000)]
  0x0000000056656800 JavaThread "pool-2-thread-1" [_thread_blocked, id=10108, stack(0x0000000057d30000,0x0000000057e30000)]
  0x0000000056510000 JavaThread "Service Thread" daemon [_thread_blocked, id=12180, stack(0x0000000057a40000,0x0000000057b40000)]
  0x000000005650e000 JavaThread "C1 CompilerThread2" daemon [_thread_blocked, id=5668, stack(0x0000000056ec0000,0x0000000056fc0000)]
  0x000000005650d000 JavaThread "C2 CompilerThread1" daemon [_thread_in_native, id=11512, stack(0x0000000056d60000,0x0000000056e60000)]
=>0x000000005650b000 JavaThread "C2 CompilerThread0" daemon [_thread_in_native, id=8924, stack(0x0000000056ad0000,0x0000000056bd0000)]
  0x00000000564fa800 JavaThread "Attach Listener" daemon [_thread_blocked, id=10692, stack(0x0000000056bf0000,0x0000000056cf0000)]
  0x000000005511f000 JavaThread "Signal Dispatcher" daemon [_thread_blocked, id=6704, stack(0x00000000569a0000,0x0000000056aa0000)]
  0x00000000550f2800 JavaThread "Finalizer" daemon [_thread_blocked, id=11528, stack(0x00000000563f0000,0x00000000564f0000)]
  0x00000000550af000 JavaThread "Reference Handler" daemon [_thread_blocked, id=10784, stack(0x0000000056280000,0x0000000056380000)]
  0x000000000246e800 JavaThread "main" [_thread_in_native, id=7796, stack(0x00000000028b0000,0x00000000029b0000)]

Other Threads:
  0x00000000550a9800 VMThread [stack: 0x0000000056140000,0x0000000056240000] [id=4240]
  0x0000000056513000 WatcherThread [stack: 0x0000000057020000,0x0000000057120000] [id=2484]

VM state:not at safepoint (normal execution)

VM Mutex/Monitor currently owned by a thread: None

Heap:
 PSYoungGen      total 36864K, used 14105K [0x00000000eab00000, 0x00000000ef300000, 0x0000000100000000)
  eden space 31744K, 28% used [0x00000000eab00000,0x00000000eb3ccbb0,0x00000000eca00000)
  from space 5120K, 99% used [0x00000000eca00000,0x00000000ecef9bc8,0x00000000ecf00000)
  to   space 5120K, 0% used [0x00000000eee00000,0x00000000eee00000,0x00000000ef300000)
 ParOldGen       total 84992K, used 1129K [0x00000000c0000000, 0x00000000c5300000, 0x00000000eab00000)
  object space 84992K, 1% used [0x00000000c0000000,0x00000000c011a430,0x00000000c5300000)
 Metaspace       used 5764K, capacity 6832K, committed 7040K, reserved 1056768K
  class space    used 559K, capacity 616K, committed 640K, reserved 1048576K

Card table byte_map: [0x0000000011d70000,0x0000000011f80000] byte_map_base: 0x0000000011770000

Marking Bits: (ParMarkBitMap*) 0x00000000579a18f0
 Begin Bits: [0x0000000012520000, 0x0000000013520000)
 End Bits:   [0x0000000013520000, 0x0000000014520000)

Polling page: 0x0000000000230000

CodeCache: size=245760Kb used=4895Kb max_used=4895Kb free=240864Kb
 bounds [0x00000000029b0000, 0x0000000002e80000, 0x00000000119b0000]
 total_blobs=1471 nmethods=1208 adapters=177
 compilation: enabled

Compilation events (10 events):
Event: 4.256 Thread 0x000000005650e000 1217       3       com.android.dx.cf.direct.AttributeListParser::<init> (83 bytes)
Event: 4.257 Thread 0x000000005650e000 nmethod 1217 0x0000000002e7be90 code [0x0000000002e7c080, 0x0000000002e7c838]
Event: 4.257 Thread 0x000000005650e000 1218       3       com.android.dx.cf.direct.AttributeListParser::setObserver (6 bytes)
Event: 4.257 Thread 0x000000005650e000 nmethod 1218 0x0000000002e65f90 code [0x0000000002e660e0, 0x0000000002e66250]
Event: 4.257 Thread 0x000000005650e000 1219       3       com.android.dx.cf.direct.AttributeListParser::getEndOffset (9 bytes)
Event: 4.257 Thread 0x000000005650e000 nmethod 1219 0x0000000002e75c50 code [0x0000000002e75dc0, 0x0000000002e76008]
Event: 4.257 Thread 0x000000005650e000 1220       3       com.android.dx.cf.direct.AttributeListParser::getList (9 bytes)
Event: 4.257 Thread 0x000000005650e000 nmethod 1220 0x0000000002e757d0 code [0x0000000002e75940, 0x0000000002e75b88]
Event: 4.265 Thread 0x000000005650e000 1223       1       com.android.dx.cf.code.ByteOps::opInfo (6 bytes)
Event: 4.266 Thread 0x000000005650e000 nmethod 1223 0x0000000002e6fb10 code [0x0000000002e6fc60, 0x0000000002e6fd70]

GC Heap History (2 events):
Event: 3.438 GC heap before
{Heap before GC invocations=1 (full 0):
 PSYoungGen      total 36864K, used 31744K [0x00000000eab00000, 0x00000000ed400000, 0x0000000100000000)
  eden space 31744K, 100% used [0x00000000eab00000,0x00000000eca00000,0x00000000eca00000)
  from space 5120K, 0% used [0x00000000ecf00000,0x00000000ecf00000,0x00000000ed400000)
  to   space 5120K, 0% used [0x00000000eca00000,0x00000000eca00000,0x00000000ecf00000)
 ParOldGen       total 84992K, used 0K [0x00000000c0000000, 0x00000000c5300000, 0x00000000eab00000)
  object space 84992K, 0% used [0x00000000c0000000,0x00000000c0000000,0x00000000c5300000)
 Metaspace       used 5720K, capacity 6832K, committed 7040K, reserved 1056768K
  class space    used 556K, capacity 616K, committed 640K, reserved 1048576K
Event: 3.907 GC heap after
Heap after GC invocations=1 (full 0):
 PSYoungGen      total 36864K, used 5094K [0x00000000eab00000, 0x00000000ef300000, 0x0000000100000000)
  eden space 31744K, 0% used [0x00000000eab00000,0x00000000eab00000,0x00000000eca00000)
  from space 5120K, 99% used [0x00000000eca00000,0x00000000ecef9bc8,0x00000000ecf00000)
  to   space 5120K, 0% used [0x00000000eee00000,0x00000000eee00000,0x00000000ef300000)
 ParOldGen       total 84992K, used 1129K [0x00000000c0000000, 0x00000000c5300000, 0x00000000eab00000)
  object space 84992K, 1% used [0x00000000c0000000,0x00000000c011a430,0x00000000c5300000)
 Metaspace       used 5720K, capacity 6832K, committed 7040K, reserved 1056768K
  class space    used 556K, capacity 616K, committed 640K, reserved 1048576K
}

Deoptimization events (10 events):
Event: 4.005 Thread 0x0000000056656800 Uncommon trap: reason=unstable_if action=reinterpret pc=0x0000000002d48ab4 method=com.android.dx.cf.code.Ropper.labelToResultIndex(I)I @ 34
Event: 4.007 Thread 0x0000000056656800 Uncommon trap: reason=unstable_if action=reinterpret pc=0x0000000002dc9370 method=com.android.dx.util.LabeledList.set(ILcom/android/dx/util/LabeledItem;)V @ 16
Event: 4.100 Thread 0x000000005679d800 Uncommon trap: reason=class_check action=maybe_recompile pc=0x0000000002dfaad8 method=com.android.dx.cf.code.BytecodeArray.parseInstruction(ILcom/android/dx/cf/code/BytecodeArray$Visitor;)I @ 987
Event: 4.100 Thread 0x000000005679d800 Uncommon trap: reason=bimorphic action=maybe_recompile pc=0x0000000002dfad5c method=com.android.dx.cf.code.BytecodeArray.parseInstruction(ILcom/android/dx/cf/code/BytecodeArray$Visitor;)I @ 907
Event: 4.100 Thread 0x000000005679d800 Uncommon trap: reason=bimorphic action=maybe_recompile pc=0x0000000002dfadd8 method=com.android.dx.cf.code.BytecodeArray.parseInstruction(ILcom/android/dx/cf/code/BytecodeArray$Visitor;)I @ 891
Event: 4.100 Thread 0x000000005679d800 Uncommon trap: reason=bimorphic action=maybe_recompile pc=0x0000000002dfacdc method=com.android.dx.cf.code.BytecodeArray.parseInstruction(ILcom/android/dx/cf/code/BytecodeArray$Visitor;)I @ 923
Event: 4.100 Thread 0x000000005679d800 Uncommon trap: reason=bimorphic action=maybe_recompile pc=0x0000000002dfad5c method=com.android.dx.cf.code.BytecodeArray.parseInstruction(ILcom/android/dx/cf/code/BytecodeArray$Visitor;)I @ 907
Event: 4.108 Thread 0x000000005679d800 Uncommon trap: reason=unstable_if action=reinterpret pc=0x0000000002e4b740 method=com.android.dx.ssa.SsaRenamer$BlockRenamer.addMapping(ILcom/android/dx/rop/code/RegisterSpec;)V @ 120
Event: 4.116 Thread 0x000000005679d800 Uncommon trap: reason=unstable_if action=reinterpret pc=0x0000000002e546c0 method=com.android.dx.util.LabeledList.set(ILcom/android/dx/util/LabeledItem;)V @ 16
Event: 4.121 Thread 0x000000005679d800 Uncommon trap: reason=unstable_if action=reinterpret pc=0x0000000002d001b4 method=com.android.dx.ssa.SsaRenamer$BlockRenamer.addMapping(ILcom/android/dx/rop/code/RegisterSpec;)V @ 120

Internal exceptions (3 events):
Event: 0.521 Thread 0x000000000246e800 Exception <a 'java/lang/NoSuchMethodError': Method sun.misc.Unsafe.defineClass(Ljava/lang/String;[BII)Ljava/lang/Class; name or signature does not match> (0x00000000eab07c78) thrown at [C:\src\android\AOSP-openjdk\external\jetbrains\jdk\hotspot\src\share\v –2f¯à?
Event: 0.521 Thread 0x000000000246e800 Exception <a 'java/lang/NoSuchMethodError': Method sun.misc.Unsafe.prefetchRead(Ljava/lang/Object;J)V name or signature does not match> (0x00000000eab07f60) thrown at [C:\src\android\AOSP-openjdk\external\jetbrains\jdk\hotspot\src\share\vm\prims\jni.cpp, lqTã/a@
Event: 2.547 Thread 0x0000000056656800 Implicit null exception at 0x0000000002ca9392 to 0x0000000002ca948a

Events (10 events):
Event: 4.116 Thread 0x000000005679d800 Uncommon trap: trap_request=0xffffff65 fr.pc=0x0000000002e546c0
Event: 4.116 Thread 0x000000005679d800 DEOPT PACKING pc=0x0000000002e546c0 sp=0x000000005807ea40
Event: 4.116 Thread 0x000000005679d800 DEOPT UNPACKING pc=0x00000000029f556a sp=0x000000005807e9c8 mode 2
Event: 4.121 Thread 0x000000005679d800 Uncommon trap: trap_request=0xffffff65 fr.pc=0x0000000002d001b4
Event: 4.121 Thread 0x000000005679d800 DEOPT PACKING pc=0x0000000002d001b4 sp=0x000000005807e890
Event: 4.121 Thread 0x000000005679d800 DEOPT UNPACKING pc=0x00000000029f556a sp=0x000000005807e820 mode 2
Event: 4.124 Thread 0x000000005679d800 DEOPT PACKING pc=0x0000000002d45dd1 sp=0x000000005807eab0
Event: 4.124 Thread 0x000000005679d800 DEOPT UNPACKING pc=0x00000000029f75bf sp=0x000000005807e820 mode 0
Event: 4.134 Thread 0x000000005679d800 DEOPT PACKING pc=0x0000000002d4be6f sp=0x000000005807e980
Event: 4.134 Thread 0x000000005679d800 DEOPT UNPACKING pc=0x00000000029f75bf sp=0x000000005807e760 mode 0


Dynamic libraries:
0x000000013fbe0000 - 0x000000013fc11000 	D:\Android_Studio\jre\bin\java.exe
0x0000000077970000 - 0x0000000077b1a000 	C:\windows\SYSTEM32\ntdll.dll
0x0000000077750000 - 0x000000007786f000 	C:\windows\system32\kernel32.dll
0x000007fefd680000 - 0x000007fefd6ea000 	C:\windows\system32\KERNELBASE.dll
0x000007feff060000 - 0x000007feff13b000 	C:\windows\system32\ADVAPI32.dll
0x000007fefe990000 - 0x000007fefea2f000 	C:\windows\system32\msvcrt.dll
0x000007feff1f0000 - 0x000007feff20f000 	C:\windows\SYSTEM32\sechost.dll
0x000007feff210000 - 0x000007feff33d000 	C:\windows\system32\RPCRT4.dll
0x0000000077870000 - 0x000000007796a000 	C:\windows\system32\USER32.dll
0x000007feffc10000 - 0x000007feffc77000 	C:\windows\system32\GDI32.dll
0x000007fefec30000 - 0x000007fefec3e000 	C:\windows\system32\LPK.dll
0x000007feff7b0000 - 0x000007feff87b000 	C:\windows\system32\USP10.dll
0x000007fefb640000 - 0x000007fefb834000 	C:\windows\WinSxS\amd64_microsoft.windows.common-controls_6595b64144ccf1df_6.0.7601.18837_none_fa3b1e3d17594757\COMCTL32.dll
0x000007feff730000 - 0x000007feff7a1000 	C:\windows\system32\SHLWAPI.dll
0x000007fefda20000 - 0x000007fefda4e000 	C:\windows\system32\IMM32.DLL
0x000007fefdaf0000 - 0x000007fefdbf9000 	C:\windows\system32\MSCTF.dll
0x0000000066d80000 - 0x0000000066e52000 	D:\Android_Studio\jre\jre\bin\msvcr100.dll
0x00000000571e0000 - 0x0000000057a1c000 	D:\Android_Studio\jre\jre\bin\server\jvm.dll
0x000007fef9990000 - 0x000007fef9999000 	C:\windows\system32\WSOCK32.dll
0x000007feff1a0000 - 0x000007feff1ed000 	C:\windows\system32\WS2_32.dll
0x000007fefef70000 - 0x000007fefef78000 	C:\windows\system32\NSI.dll
0x000007fefa500000 - 0x000007fefa53b000 	C:\windows\system32\WINMM.dll
0x000007fefc730000 - 0x000007fefc73c000 	C:\windows\system32\VERSION.dll
0x0000000077b30000 - 0x0000000077b37000 	C:\windows\system32\PSAPI.DLL
0x000007fefc060000 - 0x000007fefc06f000 	D:\Android_Studio\jre\jre\bin\verify.dll
0x000007fef8da0000 - 0x000007fef8dc9000 	D:\Android_Studio\jre\jre\bin\java.dll
0x000007fef8d80000 - 0x000007fef8d96000 	D:\Android_Studio\jre\jre\bin\zip.dll
0x000007fefdc00000 - 0x000007fefe98b000 	C:\windows\system32\SHELL32.dll
0x000007feffa10000 - 0x000007feffc0c000 	C:\windows\system32\ole32.dll
0x000007fefd660000 - 0x000007fefd66f000 	C:\windows\system32\profapi.dll

VM Arguments:
jvm_args: -Djava.awt.headless=true -Xmx1024M -Dfile.encoding=GBK -Duser.country=CN -Duser.language=zh -Duser.variant 
java_command: com.android.dx.command.Main --dex --force-jumbo --num-threads=4 --multi-dex --output E:\projects-learn\Rn-Android-SmartHome\new-android-add-react\android\app\build\intermediates\transforms\dex\debug\folders\1000\5\slice_1 E:\projects-learn\Rn-Android-SmartHome\new-android-add-react\android\app\build\intermediates\transforms\instantRunSlicer\debug\folders\1\5\slice_1
java_class_path (initial): D:\Android_SDK\build-tools\25.0.0\lib\dx.jar
Launcher Type: SUN_STANDARD

Environment Variables:
JAVA_HOME=C:\Program Files\Java\jdk1.8.0_144
CLASSPATH=.;
PATH=C:\Python27\;C:\Python27\Scripts;C:\windows\system32;C:\windows;C:\windows\System32\Wbem;C:\windows\System32\WindowsPowerShell\v1.0\;D:\node\;D:\Git\cmd;D:\tortoisSVN\bin;C:\Ruby23-x64\bin;C:\Users\zhangzhijun\AppData\Roaming\npm;D:\Microsoft VS Code\bin;D:\Android_SDK\platform-tools;C:\nginx\php;C:\ProgramData\ComposerSetup\bin;C:\ProgramData\chocolatey\bin;C:\Program Files\Java\jdk1.8.0_144\bin;C:\Ruby23-x64\bin;C:\Users\zhangzhijun\AppData\Roaming\npm;D:\Microsoft VS Code\bin;C:\Users\zhangzhijun\AppData\Roaming\Composer\vendor\bin;C:\Users\zhangzhijun\AppData\Local\Programs\Fiddler
USERNAME=zhangzhijun
OS=Windows_NT
PROCESSOR_IDENTIFIER=Intel64 Family 6 Model 69 Stepping 1, GenuineIntel



---------------  S Y S T E M  ---------------

OS: Windows 7 , 64 bit Build 7601 (6.1.7601.23807)

CPU:total 4 (2 cores per cpu, 2 threads per core) family 6 model 69 stepping 1, cmov, cx8, fxsr, mmx, sse, sse2, sse3, ssse3, sse4.1, sse4.2, popcnt, avx, avx2, clmul, erms, lzcnt, ht, tsc, tscinvbit, bmi1, bmi2

Memory: 4k page, physical 8079796k(1012720k free), swap 8436336k(3412k free)

vm_info: OpenJDK 64-Bit Server VM (25.112-b06) for windows-amd64 JRE (1.8.0_112-release-b06), built on Dec  8 2016 00:54:26 by "builder" with MS VC++ 10.0 (VS2010)

time: Thu Sep 28 21:14:26 2017
elapsed time: 4 seconds (0d 0h 0m 4s)

