#
# There is insufficient memory for the Java Runtime Environment to continue.
# Native memory allocation (malloc) failed to allocate 340016 bytes for Chunk::new
# Possible reasons:
#   The system is out of physical RAM or swap space
#   In 32 bit mode, the process size limit was hit
# Possible solutions:
#   Reduce memory load on the system
#   Increase physical memory or swap space
#   Check if swap backing store is full
#   Use 64 bit Java on a 64 bit OS
#   Decrease Java heap size (-Xmx/-Xms)
#   Decrease number of Java threads
#   Decrease Java thread stack sizes (-Xss)
#   Set larger code cache with -XX:ReservedCodeCacheSize=
# This output file may be truncated or incomplete.
#
#  Out of Memory Error (allocation.cpp:390), pid=2820, tid=0x0000000000002760
#
# JRE version: OpenJDK Runtime Environment (8.0_112-b06) (build 1.8.0_112-release-b06)
# Java VM: OpenJDK 64-Bit Server VM (25.112-b06 mixed mode windows-amd64 compressed oops)
# Failed to write core dump. Minidumps are not enabled by default on client versions of Windows
#

---------------  T H R E A D  ---------------

Current thread (0x00000000564ab000):  JavaThread "C2 CompilerThread0" daemon [_thread_in_native, id=10080, stack(0x0000000056da0000,0x0000000056ea0000)]

Stack: [0x0000000056da0000,0x0000000056ea0000]
[error occurred during error reporting (printing stack bounds), id 0xc0000005]

Native frames: (J=compiled Java code, j=interpreted, Vv=VM code, C=native code)


Current CompileTask:
C2:   3880 1225   !   4       com.android.dx.cf.code.BytecodeArray::parseInstruction (2764 bytes)


---------------  P R O C E S S  ---------------

Java Threads: ( => current thread )
  0x0000000056779000 JavaThread "pool-2-thread-4" [_thread_blocked, id=10276, stack(0x0000000058220000,0x0000000058320000)]
  0x0000000056778000 JavaThread "pool-2-thread-3" [_thread_blocked, id=9636, stack(0x0000000057dd0000,0x0000000057ed0000)]
  0x0000000056761000 JavaThread "pool-2-thread-2" [_thread_blocked, id=7588, stack(0x0000000057f50000,0x0000000058050000)]
  0x000000005665b800 JavaThread "pool-3-thread-1" [_thread_blocked, id=10256, stack(0x0000000056890000,0x0000000056990000)]
  0x000000005665a800 JavaThread "pool-2-thread-1" [_thread_blocked, id=1732, stack(0x0000000057020000,0x0000000057120000)]
  0x000000005650a000 JavaThread "Service Thread" daemon [_thread_blocked, id=10928, stack(0x0000000057ad0000,0x0000000057bd0000)]
  0x00000000564ae000 JavaThread "C1 CompilerThread2" daemon [_thread_blocked, id=5780, stack(0x0000000056ef0000,0x0000000056ff0000)]
  0x00000000564ad000 JavaThread "C2 CompilerThread1" daemon [_thread_in_native, id=11236, stack(0x0000000056b40000,0x0000000056c40000)]
=>0x00000000564ab000 JavaThread "C2 CompilerThread0" daemon [_thread_in_native, id=10080, stack(0x0000000056da0000,0x0000000056ea0000)]
  0x000000005649a800 JavaThread "Attach Listener" daemon [_thread_blocked, id=11856, stack(0x0000000056c60000,0x0000000056d60000)]
  0x00000000551df000 JavaThread "Signal Dispatcher" daemon [_thread_blocked, id=4928, stack(0x00000000569b0000,0x0000000056ab0000)]
  0x00000000551b8000 JavaThread "Finalizer" daemon [_thread_blocked, id=5756, stack(0x0000000056390000,0x0000000056490000)]
  0x000000005516f000 JavaThread "Reference Handler" daemon [_thread_blocked, id=8320, stack(0x0000000056260000,0x0000000056360000)]
  0x000000000038e800 JavaThread "main" [_thread_blocked, id=6936, stack(0x0000000002730000,0x0000000002830000)]

Other Threads:
  0x0000000055169800 VMThread [stack: 0x0000000056150000,0x0000000056250000] [id=6332]
  0x000000005650c000 WatcherThread [stack: 0x0000000057c70000,0x0000000057d70000] [id=10528]

VM state:not at safepoint (normal execution)

VM Mutex/Monitor currently owned by a thread: None

Heap:
 PSYoungGen      total 68608K, used 14612K [0x00000000eab00000, 0x00000000ef300000, 0x0000000100000000)
  eden space 63488K, 14% used [0x00000000eab00000,0x00000000eb446560,0x00000000ee900000)
  from space 5120K, 99% used [0x00000000eee00000,0x00000000ef2fee28,0x00000000ef300000)
  to   space 5120K, 0% used [0x00000000ee900000,0x00000000ee900000,0x00000000eee00000)
 ParOldGen       total 84992K, used 10695K [0x00000000c0000000, 0x00000000c5300000, 0x00000000eab00000)
  object space 84992K, 12% used [0x00000000c0000000,0x00000000c0a71fe8,0x00000000c5300000)
 Metaspace       used 5718K, capacity 6832K, committed 7040K, reserved 1056768K
  class space    used 560K, capacity 616K, committed 640K, reserved 1048576K

Card table byte_map: [0x0000000011bf0000,0x0000000011e00000] byte_map_base: 0x00000000115f0000

Marking Bits: (ParMarkBitMap*) 0x00000000579a18f0
 Begin Bits: [0x00000000125e0000, 0x00000000135e0000)
 End Bits:   [0x00000000135e0000, 0x00000000145e0000)

Polling page: 0x0000000000330000

CodeCache: size=245760Kb used=4948Kb max_used=4948Kb free=240811Kb
 bounds [0x0000000002830000, 0x0000000002d10000, 0x0000000011830000]
 total_blobs=1465 nmethods=1202 adapters=177
 compilation: enabled

Compilation events (10 events):
Event: 3.767 Thread 0x00000000564ae000 1281       2       com.android.dx.dex.code.SimpleInsn::<init> (8 bytes)
Event: 3.767 Thread 0x00000000564ae000 nmethod 1281 0x0000000002d012d0 code [0x0000000002d01440, 0x0000000002d015a8]
Event: 3.767 Thread 0x00000000564ae000 1280       2       com.android.dx.dex.code.RopTranslator$TranslationVisitor::visitThrowingInsn (118 bytes)
Event: 3.768 Thread 0x00000000564ae000 nmethod 1280 0x0000000002d01650 code [0x0000000002d018a0, 0x0000000002d01fe8]
Event: 3.773 Thread 0x00000000564ae000 1282 %     3       com.android.dx.rop.code.LocalVariableExtractor::processBlock @ 266 (327 bytes)
Event: 3.777 Thread 0x00000000564ae000 nmethod 1282% 0x0000000002d028d0 code [0x0000000002d02d60, 0x0000000002d06818]
Event: 3.777 Thread 0x00000000564ae000 1283       2       com.android.dx.rop.type.Prototype::compareTo (120 bytes)
Event: 3.777 Thread 0x00000000564ae000 nmethod 1283 0x0000000002d08d10 code [0x0000000002d08ec0, 0x0000000002d09298]
Event: 3.777 Thread 0x00000000564ae000 1284       2       java.util.TreeMap::rotateLeft (96 bytes)
Event: 3.777 Thread 0x00000000564ae000 nmethod 1284 0x0000000002d097d0 code [0x0000000002d09920, 0x0000000002d09b90]

GC Heap History (4 events):
Event: 1.848 GC heap before
{Heap before GC invocations=1 (full 0):
 PSYoungGen      total 36864K, used 31744K [0x00000000eab00000, 0x00000000ed400000, 0x0000000100000000)
  eden space 31744K, 100% used [0x00000000eab00000,0x00000000eca00000,0x00000000eca00000)
  from space 5120K, 0% used [0x00000000ecf00000,0x00000000ecf00000,0x00000000ed400000)
  to   space 5120K, 0% used [0x00000000eca00000,0x00000000eca00000,0x00000000ecf00000)
 ParOldGen       total 84992K, used 0K [0x00000000c0000000, 0x00000000c5300000, 0x00000000eab00000)
  object space 84992K, 0% used [0x00000000c0000000,0x00000000c0000000,0x00000000c5300000)
 Metaspace       used 5613K, capacity 6768K, committed 7040K, reserved 1056768K
  class space    used 556K, capacity 616K, committed 640K, reserved 1048576K
Event: 2.401 GC heap after
Heap after GC invocations=1 (full 0):
 PSYoungGen      total 36864K, used 5103K [0x00000000eab00000, 0x00000000ef300000, 0x0000000100000000)
  eden space 31744K, 0% used [0x00000000eab00000,0x00000000eab00000,0x00000000eca00000)
  from space 5120K, 99% used [0x00000000eca00000,0x00000000ecefbf20,0x00000000ecf00000)
  to   space 5120K, 0% used [0x00000000eee00000,0x00000000eee00000,0x00000000ef300000)
 ParOldGen       total 84992K, used 938K [0x00000000c0000000, 0x00000000c5300000, 0x00000000eab00000)
  object space 84992K, 1% used [0x00000000c0000000,0x00000000c00eaaf0,0x00000000c5300000)
 Metaspace       used 5613K, capacity 6768K, committed 7040K, reserved 1056768K
  class space    used 556K, capacity 616K, committed 640K, reserved 1048576K
}
Event: 3.411 GC heap before
{Heap before GC invocations=2 (full 0):
 PSYoungGen      total 36864K, used 36847K [0x00000000eab00000, 0x00000000ef300000, 0x0000000100000000)
  eden space 31744K, 100% used [0x00000000eab00000,0x00000000eca00000,0x00000000eca00000)
  from space 5120K, 99% used [0x00000000eca00000,0x00000000ecefbf20,0x00000000ecf00000)
  to   space 5120K, 0% used [0x00000000eee00000,0x00000000eee00000,0x00000000ef300000)
 ParOldGen       total 84992K, used 938K [0x00000000c0000000, 0x00000000c5300000, 0x00000000eab00000)
  object space 84992K, 1% used [0x00000000c0000000,0x00000000c00eaaf0,0x00000000c5300000)
 Metaspace       used 5711K, capacity 6832K, committed 7040K, reserved 1056768K
  class space    used 560K, capacity 616K, committed 640K, reserved 1048576K
Event: 3.659 GC heap after
Heap after GC invocations=2 (full 0):
 PSYoungGen      total 68608K, used 5115K [0x00000000eab00000, 0x00000000ef300000, 0x0000000100000000)
  eden space 63488K, 0% used [0x00000000eab00000,0x00000000eab00000,0x00000000ee900000)
  from space 5120K, 99% used [0x00000000eee00000,0x00000000ef2fee28,0x00000000ef300000)
  to   space 5120K, 0% used [0x00000000ee900000,0x00000000ee900000,0x00000000eee00000)
 ParOldGen       total 84992K, used 10695K [0x00000000c0000000, 0x00000000c5300000, 0x00000000eab00000)
  object space 84992K, 12% used [0x00000000c0000000,0x00000000c0a71fe8,0x00000000c5300000)
 Metaspace       used 5711K, capacity 6832K, committed 7040K, reserved 1056768K
  class space    used 560K, capacity 616K, committed 640K, reserved 1048576K
}

Deoptimization events (10 events):
Event: 1.362 Thread 0x0000000056761000 Uncommon trap: reason=class_check action=maybe_recompile pc=0x0000000002a95ff4 method=com.android.dx.ssa.NormalSsaInsn.accept(Lcom/android/dx/ssa/SsaInsn$Visitor;)V @ 9
Event: 1.362 Thread 0x0000000056761000 Uncommon trap: reason=class_check action=maybe_recompile pc=0x0000000002a95ff4 method=com.android.dx.ssa.NormalSsaInsn.accept(Lcom/android/dx/ssa/SsaInsn$Visitor;)V @ 9
Event: 1.363 Thread 0x0000000056761000 Uncommon trap: reason=class_check action=maybe_recompile pc=0x0000000002a95ff4 method=com.android.dx.ssa.NormalSsaInsn.accept(Lcom/android/dx/ssa/SsaInsn$Visitor;)V @ 9
Event: 1.363 Thread 0x0000000056761000 Uncommon trap: reason=class_check action=maybe_recompile pc=0x0000000002a629a0 method=com.android.dx.ssa.NormalSsaInsn.accept(Lcom/android/dx/ssa/SsaInsn$Visitor;)V @ 9
Event: 2.530 Thread 0x0000000056761000 Uncommon trap: reason=unstable_if action=reinterpret pc=0x0000000002befb78 method=com.android.dx.cf.code.ByteCatchList.listFor(I)Lcom/android/dx/cf/code/ByteCatchList; @ 19
Event: 2.532 Thread 0x0000000056761000 Uncommon trap: reason=unstable_if action=reinterpret pc=0x0000000002a9f6f4 method=com.android.dx.cf.code.Ropper.labelToResultIndex(I)I @ 34
Event: 2.535 Thread 0x0000000056761000 Uncommon trap: reason=unstable_if action=reinterpret pc=0x0000000002b59b60 method=com.android.dx.util.LabeledList.set(ILcom/android/dx/util/LabeledItem;)V @ 16
Event: 3.000 Thread 0x0000000056778000 Uncommon trap: reason=unstable_if action=reinterpret pc=0x0000000002c06ed0 method=com.android.dx.ssa.SsaRenamer$BlockRenamer.addMapping(ILcom/android/dx/rop/code/RegisterSpec;)V @ 120
Event: 3.066 Thread 0x0000000056778000 Uncommon trap: reason=unstable_if action=reinterpret pc=0x0000000002aac478 method=com.android.dx.ssa.SsaRenamer$BlockRenamer.addMapping(ILcom/android/dx/rop/code/RegisterSpec;)V @ 120
Event: 3.671 Thread 0x0000000056779000 Uncommon trap: reason=bimorphic action=maybe_recompile pc=0x0000000002c08dac method=com.android.dx.ssa.LiteralOpUpgrader.tryReplacingWithConstant(Lcom/android/dx/ssa/NormalSsaInsn;)Z @ 52

Internal exceptions (2 events):
Event: 0.049 Thread 0x000000000038e800 Exception <a 'java/lang/NoSuchMethodError': Method sun.misc.Unsafe.defineClass(Ljava/lang/String;[BII)Ljava/lang/Class; name or signature does not match> (0x00000000eab07c78) thrown at [C:\src\android\AOSP-openjdk\external\jetbrains\jdk\hotspot\src\share\v‘M^Õ†W©?
Event: 0.049 Thread 0x000000000038e800 Exception <a 'java/lang/NoSuchMethodError': Method sun.misc.Unsafe.prefetchRead(Ljava/lang/Object;J)V name or signature does not match> (0x00000000eab07f60) thrown at [C:\src\android\AOSP-openjdk\external\jetbrains\jdk\hotspot\src\share\vm\prims\jni.cpp, l

Events (10 events):
Event: 3.693 Thread 0x0000000056761000 DEOPT PACKING pc=0x0000000002bacf11 sp=0x000000005804ea80
Event: 3.693 Thread 0x0000000056761000 DEOPT UNPACKING pc=0x00000000028775bf sp=0x000000005804e7f0 mode 0
Event: 3.696 Thread 0x0000000056761000 DEOPT PACKING pc=0x0000000002bacf11 sp=0x000000005804ea80
Event: 3.696 Thread 0x0000000056761000 DEOPT UNPACKING pc=0x00000000028775bf sp=0x000000005804e7f0 mode 0
Event: 3.700 Thread 0x0000000056761000 DEOPT PACKING pc=0x0000000002bacf11 sp=0x000000005804ea80
Event: 3.700 Thread 0x0000000056761000 DEOPT UNPACKING pc=0x00000000028775bf sp=0x000000005804e7f0 mode 0
Event: 3.703 Thread 0x0000000056761000 DEOPT PACKING pc=0x0000000002bacf11 sp=0x000000005804ea80
Event: 3.703 Thread 0x0000000056761000 DEOPT UNPACKING pc=0x00000000028775bf sp=0x000000005804e7f0 mode 0
Event: 3.708 Thread 0x0000000056761000 DEOPT PACKING pc=0x0000000002bacf11 sp=0x000000005804edb0
Event: 3.708 Thread 0x0000000056761000 DEOPT UNPACKING pc=0x00000000028775bf sp=0x000000005804eb20 mode 0


Dynamic libraries:
0x000000013f4d0000 - 0x000000013f501000 	D:\Android_Studio\jre\bin\java.exe
0x0000000077970000 - 0x0000000077b1a000 	C:\windows\SYSTEM32\ntdll.dll
0x0000000077750000 - 0x000000007786f000 	C:\windows\system32\kernel32.dll
0x000007fefd680000 - 0x000007fefd6ea000 	C:\windows\system32\KERNELBASE.dll
0x000007feff060000 - 0x000007feff13b000 	C:\windows\system32\ADVAPI32.dll
0x000007fefe990000 - 0x000007fefea2f000 	C:\windows\system32\msvcrt.dll
0x000007feff1f0000 - 0x000007feff20f000 	C:\windows\SYSTEM32\sechost.dll
0x000007feff210000 - 0x000007feff33d000 	C:\windows\system32\RPCRT4.dll
0x0000000077870000 - 0x000000007796a000 	C:\windows\system32\USER32.dll
0x000007feffc10000 - 0x000007feffc77000 	C:\windows\system32\GDI32.dll
0x000007fefec30000 - 0x000007fefec3e000 	C:\windows\system32\LPK.dll
0x000007feff7b0000 - 0x000007feff87b000 	C:\windows\system32\USP10.dll
0x000007fefb640000 - 0x000007fefb834000 	C:\windows\WinSxS\amd64_microsoft.windows.common-controls_6595b64144ccf1df_6.0.7601.18837_none_fa3b1e3d17594757\COMCTL32.dll
0x000007feff730000 - 0x000007feff7a1000 	C:\windows\system32\SHLWAPI.dll
0x000007fefda20000 - 0x000007fefda4e000 	C:\windows\system32\IMM32.DLL
0x000007fefdaf0000 - 0x000007fefdbf9000 	C:\windows\system32\MSCTF.dll
0x0000000070350000 - 0x0000000070422000 	D:\Android_Studio\jre\jre\bin\msvcr100.dll
0x00000000571e0000 - 0x0000000057a1c000 	D:\Android_Studio\jre\jre\bin\server\jvm.dll
0x000007fef9990000 - 0x000007fef9999000 	C:\windows\system32\WSOCK32.dll
0x000007feff1a0000 - 0x000007feff1ed000 	C:\windows\system32\WS2_32.dll
0x000007fefef70000 - 0x000007fefef78000 	C:\windows\system32\NSI.dll
0x000007fefa500000 - 0x000007fefa53b000 	C:\windows\system32\WINMM.dll
0x000007fefc730000 - 0x000007fefc73c000 	C:\windows\system32\VERSION.dll
0x0000000077b30000 - 0x0000000077b37000 	C:\windows\system32\PSAPI.DLL
0x000007fefb220000 - 0x000007fefb22f000 	D:\Android_Studio\jre\jre\bin\verify.dll
0x000007fef9960000 - 0x000007fef9989000 	D:\Android_Studio\jre\jre\bin\java.dll
0x000007fef9fa0000 - 0x000007fef9fb6000 	D:\Android_Studio\jre\jre\bin\zip.dll
0x000007fefdc00000 - 0x000007fefe98b000 	C:\windows\system32\SHELL32.dll
0x000007feffa10000 - 0x000007feffc0c000 	C:\windows\system32\ole32.dll
0x000007fefd660000 - 0x000007fefd66f000 	C:\windows\system32\profapi.dll

VM Arguments:
jvm_args: -Djava.awt.headless=true -Xmx1024M -Dfile.encoding=GBK -Duser.country=CN -Duser.language=zh -Duser.variant 
java_command: com.android.dx.command.Main --dex --force-jumbo --num-threads=4 --multi-dex --output E:\projects-learn\Rn-Android-SmartHome\new-android-add-react\android\app\build\intermediates\transforms\dex\debug\folders\1000\5\slice_1 E:\projects-learn\Rn-Android-SmartHome\new-android-add-react\android\app\build\intermediates\transforms\instantRunSlicer\debug\folders\1\5\slice_1
java_class_path (initial): D:\Android_SDK\build-tools\25.0.0\lib\dx.jar
Launcher Type: SUN_STANDARD

Environment Variables:
JAVA_HOME=C:\Program Files\Java\jdk1.8.0_144
CLASSPATH=.;
PATH=C:\Python27\;C:\Python27\Scripts;C:\windows\system32;C:\windows;C:\windows\System32\Wbem;C:\windows\System32\WindowsPowerShell\v1.0\;D:\node\;D:\Git\cmd;D:\tortoisSVN\bin;C:\Ruby23-x64\bin;C:\Users\zhangzhijun\AppData\Roaming\npm;D:\Microsoft VS Code\bin;D:\Android_SDK\platform-tools;C:\nginx\php;C:\ProgramData\ComposerSetup\bin;C:\ProgramData\chocolatey\bin;C:\Program Files\Java\jdk1.8.0_144\bin;C:\Ruby23-x64\bin;C:\Users\zhangzhijun\AppData\Roaming\npm;D:\Microsoft VS Code\bin;C:\Users\zhangzhijun\AppData\Roaming\Composer\vendor\bin;C:\Users\zhangzhijun\AppData\Local\Programs\Fiddler
USERNAME=zhangzhijun
OS=Windows_NT
PROCESSOR_IDENTIFIER=Intel64 Family 6 Model 69 Stepping 1, GenuineIntel



---------------  S Y S T E M  ---------------

OS: Windows 7 , 64 bit Build 7601 (6.1.7601.23807)

CPU:total 4 (2 cores per cpu, 2 threads per core) family 6 model 69 stepping 1, cmov, cx8, fxsr, mmx, sse, sse2, sse3, ssse3, sse4.1, sse4.2, popcnt, avx, avx2, clmul, erms, lzcnt, ht, tsc, tscinvbit, bmi1, bmi2

Memory: 4k page, physical 8079796k(1007048k free), swap 8436336k(3088k free)

vm_info: OpenJDK 64-Bit Server VM (25.112-b06) for windows-amd64 JRE (1.8.0_112-release-b06), built on Dec  8 2016 00:54:26 by "builder" with MS VC++ 10.0 (VS2010)

time: Fri Sep 29 20:04:13 2017
elapsed time: 3 seconds (0d 0h 0m 3s)

