#
# There is insufficient memory for the Java Runtime Environment to continue.
# Native memory allocation (malloc) failed to allocate 32744 bytes for ChunkPool::allocate
# Possible reasons:
#   The system is out of physical RAM or swap space
#   In 32 bit mode, the process size limit was hit
# Possible solutions:
#   Reduce memory load on the system
#   Increase physical memory or swap space
#   Check if swap backing store is full
#   Use 64 bit Java on a 64 bit OS
#   Decrease Java heap size (-Xmx/-Xms)
#   Decrease number of Java threads
#   Decrease Java thread stack sizes (-Xss)
#   Set larger code cache with -XX:ReservedCodeCacheSize=
# This output file may be truncated or incomplete.
#
#  Out of Memory Error (allocation.cpp:273), pid=11296, tid=0x00000000000020d4
#
# JRE version: OpenJDK Runtime Environment (8.0_112-b06) (build 1.8.0_112-release-b06)
# Java VM: OpenJDK 64-Bit Server VM (25.112-b06 mixed mode windows-amd64 compressed oops)
# Failed to write core dump. Minidumps are not enabled by default on client versions of Windows
#

---------------  T H R E A D  ---------------

Current thread (0x00000000565de800):  JavaThread "C1 CompilerThread2" daemon [_thread_in_native, id=8404, stack(0x00000000571e0000,0x00000000572e0000)]

Stack: [0x00000000571e0000,0x00000000572e0000]
[error occurred during error reporting (printing stack bounds), id 0xc0000005]

Native frames: (J=compiled Java code, j=interpreted, Vv=VM code, C=native code)


Current CompileTask:
C1:   2391  784       3       com.android.dx.ssa.Dominators$DfsWalker::visitBlock (59 bytes)


---------------  P R O C E S S  ---------------

Java Threads: ( => current thread )
  0x000000005688b000 JavaThread "pool-2-thread-3" [_thread_in_Java, id=10620, stack(0x0000000057840000,0x0000000057940000)]
  0x0000000056888800 JavaThread "pool-2-thread-2" [_thread_blocked, id=9660, stack(0x0000000057740000,0x0000000057840000)]
  0x000000005677d800 JavaThread "pool-3-thread-1" [_thread_blocked, id=10116, stack(0x0000000057640000,0x0000000057740000)]
  0x000000005677c800 JavaThread "pool-2-thread-1" [_thread_blocked, id=5572, stack(0x0000000057490000,0x0000000057590000)]
  0x0000000056630000 JavaThread "Service Thread" daemon [_thread_blocked, id=7420, stack(0x0000000012500000,0x0000000012600000)]
=>0x00000000565de800 JavaThread "C1 CompilerThread2" daemon [_thread_in_native, id=8404, stack(0x00000000571e0000,0x00000000572e0000)]
  0x00000000565dd800 JavaThread "C2 CompilerThread1" daemon [_thread_in_native, id=8384, stack(0x0000000057070000,0x0000000057170000)]
  0x00000000565db000 JavaThread "C2 CompilerThread0" daemon [_thread_in_native, id=8628, stack(0x0000000056f50000,0x0000000057050000)]
  0x00000000565ca800 JavaThread "Attach Listener" daemon [_thread_blocked, id=10060, stack(0x0000000056cf0000,0x0000000056df0000)]
  0x00000000552ff000 JavaThread "Signal Dispatcher" daemon [_thread_blocked, id=3124, stack(0x0000000056af0000,0x0000000056bf0000)]
  0x00000000552d8000 JavaThread "Finalizer" daemon [_thread_blocked, id=3088, stack(0x00000000564c0000,0x00000000565c0000)]
  0x000000005528f000 JavaThread "Reference Handler" daemon [_thread_blocked, id=9828, stack(0x0000000056210000,0x0000000056310000)]
  0x000000000253e800 JavaThread "main" [_thread_blocked, id=4696, stack(0x0000000002750000,0x0000000002850000)]

Other Threads:
  0x0000000055289800 VMThread [stack: 0x0000000056390000,0x0000000056490000] [id=4304]
  0x0000000056632800 WatcherThread [stack: 0x0000000057320000,0x0000000057420000] [id=2844]

VM state:not at safepoint (normal execution)

VM Mutex/Monitor currently owned by a thread: None

Heap:
 PSYoungGen      total 36864K, used 9780K [0x00000000eab00000, 0x00000000ef300000, 0x0000000100000000)
  eden space 31744K, 14% used [0x00000000eab00000,0x00000000eaf91b60,0x00000000eca00000)
  from space 5120K, 99% used [0x00000000eca00000,0x00000000ecefb5c0,0x00000000ecf00000)
  to   space 5120K, 0% used [0x00000000eee00000,0x00000000eee00000,0x00000000ef300000)
 ParOldGen       total 84992K, used 1669K [0x00000000c0000000, 0x00000000c5300000, 0x00000000eab00000)
  object space 84992K, 1% used [0x00000000c0000000,0x00000000c01a1458,0x00000000c5300000)
 Metaspace       used 5634K, capacity 6832K, committed 7040K, reserved 1056768K
  class space    used 557K, capacity 616K, committed 640K, reserved 1048576K

Card table byte_map: [0x0000000011c10000,0x0000000011e20000] byte_map_base: 0x0000000011610000

Marking Bits: (ParMarkBitMap*) 0x00000000692e18f0
 Begin Bits: [0x0000000012700000, 0x0000000013700000)
 End Bits:   [0x0000000013700000, 0x0000000014700000)

Polling page: 0x0000000000140000

CodeCache: size=245760Kb used=3523Kb max_used=3523Kb free=242236Kb
 bounds [0x0000000002850000, 0x0000000002bd0000, 0x0000000011850000]
 total_blobs=1133 nmethods=870 adapters=177
 compilation: enabled

Compilation events (10 events):
Event: 2.387 Thread 0x00000000565de800 nmethod 782 0x0000000002bc1210 code [0x0000000002bc13c0, 0x0000000002bc19f8]
Event: 2.387 Thread 0x00000000565de800  786       3       com.android.dx.ssa.SsaBasicBlock::addDomChild (10 bytes)
Event: 2.387 Thread 0x00000000565de800 nmethod 786 0x0000000002bc1d90 code [0x0000000002bc1f40, 0x0000000002bc24c8]
Event: 2.387 Thread 0x00000000565de800  787       3       com.android.dx.ssa.SetFactory::makeDomFrontSet (26 bytes)
Event: 2.387 Thread 0x00000000565de800 nmethod 787 0x0000000002bbafd0 code [0x0000000002bbb160, 0x0000000002bbb568]
Event: 2.387 Thread 0x00000000565de800  809       3       com.android.dx.ssa.SsaRenamer$BlockRenamer::<init> (72 bytes)
Event: 2.388 Thread 0x00000000565de800 nmethod 809 0x0000000002bc27d0 code [0x0000000002bc29c0, 0x0000000002bc34d0]
Event: 2.388 Thread 0x00000000565de800  814       3       com.android.dx.ssa.SsaRenamer$BlockRenamer$1::<init> (10 bytes)
Event: 2.388 Thread 0x00000000565de800 nmethod 814 0x0000000002bb4650 code [0x0000000002bb47a0, 0x0000000002bb4970]
Event: 2.388 Thread 0x00000000565de800  784       3       com.android.dx.ssa.Dominators$DfsWalker::visitBlock (59 bytes)

GC Heap History (2 events):
Event: 2.023 GC heap before
{Heap before GC invocations=1 (full 0):
 PSYoungGen      total 36864K, used 31744K [0x00000000eab00000, 0x00000000ed400000, 0x0000000100000000)
  eden space 31744K, 100% used [0x00000000eab00000,0x00000000eca00000,0x00000000eca00000)
  from space 5120K, 0% used [0x00000000ecf00000,0x00000000ecf00000,0x00000000ed400000)
  to   space 5120K, 0% used [0x00000000eca00000,0x00000000eca00000,0x00000000ecf00000)
 ParOldGen       total 84992K, used 0K [0x00000000c0000000, 0x00000000c5300000, 0x00000000eab00000)
  object space 84992K, 0% used [0x00000000c0000000,0x00000000c0000000,0x00000000c5300000)
 Metaspace       used 5609K, capacity 6768K, committed 7040K, reserved 1056768K
  class space    used 555K, capacity 616K, committed 640K, reserved 1048576K
Event: 2.094 GC heap after
Heap after GC invocations=1 (full 0):
 PSYoungGen      total 36864K, used 5101K [0x00000000eab00000, 0x00000000ef300000, 0x0000000100000000)
  eden space 31744K, 0% used [0x00000000eab00000,0x00000000eab00000,0x00000000eca00000)
  from space 5120K, 99% used [0x00000000eca00000,0x00000000ecefb5c0,0x00000000ecf00000)
  to   space 5120K, 0% used [0x00000000eee00000,0x00000000eee00000,0x00000000ef300000)
 ParOldGen       total 84992K, used 1669K [0x00000000c0000000, 0x00000000c5300000, 0x00000000eab00000)
  object space 84992K, 1% used [0x00000000c0000000,0x00000000c01a1458,0x00000000c5300000)
 Metaspace       used 5609K, capacity 6768K, committed 7040K, reserved 1056768K
  class space    used 555K, capacity 616K, committed 640K, reserved 1048576K
}

Deoptimization events (10 events):
Event: 1.820 Thread 0x000000005677c800 Uncommon trap: reason=unstable_if action=reinterpret pc=0x0000000002a581e0 method=java.util.BitSet.nextSetBit(I)I @ 87
Event: 1.822 Thread 0x000000005677c800 Uncommon trap: reason=unloaded action=reinterpret pc=0x0000000002ad5344 method=com.android.dx.ssa.SsaRenamer$BlockRenamer.visitMoveInsn(Lcom/android/dx/ssa/NormalSsaInsn;)V @ 208
Event: 1.887 Thread 0x000000005677c800 Uncommon trap: reason=unstable_if action=reinterpret pc=0x0000000002a5ace8 method=java.util.BitSet.ensureCapacity(I)V @ 6
Event: 2.012 Thread 0x000000005677c800 Uncommon trap: reason=unstable_if action=reinterpret pc=0x0000000002b92818 method=com.android.dx.rop.code.RegisterSpec.equals(ILcom/android/dx/rop/type/TypeBearer;Lcom/android/dx/rop/code/LocalItem;)Z @ 16
Event: 2.294 Thread 0x000000005688b000 Uncommon trap: reason=class_check action=maybe_recompile pc=0x0000000002b81528 method=com.android.dx.rop.type.Type.equals(Ljava/lang/Object;)Z @ 8
Event: 2.295 Thread 0x000000005688b000 Uncommon trap: reason=unstable_if action=reinterpret pc=0x0000000002b8c5b4 method=com.android.dx.cf.code.Ropper.labelToResultIndex(I)I @ 34
Event: 2.296 Thread 0x000000005677c800 Uncommon trap: reason=unstable_if action=reinterpret pc=0x0000000002b97db4 method=com.android.dx.rop.code.RegisterSpec.equals(ILcom/android/dx/rop/type/TypeBearer;Lcom/android/dx/rop/code/LocalItem;)Z @ 16
Event: 2.303 Thread 0x000000005688b000 Uncommon trap: reason=class_check action=maybe_recompile pc=0x0000000002b81528 method=com.android.dx.rop.type.Type.equals(Ljava/lang/Object;)Z @ 8
Event: 2.305 Thread 0x000000005677c800 Uncommon trap: reason=class_check action=maybe_recompile pc=0x0000000002b81528 method=com.android.dx.rop.type.Type.equals(Ljava/lang/Object;)Z @ 8
Event: 2.310 Thread 0x000000005677c800 Uncommon trap: reason=class_check action=maybe_recompile pc=0x0000000002b81528 method=com.android.dx.rop.type.Type.equals(Ljava/lang/Object;)Z @ 8

Internal exceptions (3 events):
Event: 0.053 Thread 0x000000000253e800 Exception <a 'java/lang/NoSuchMethodError': Method sun.misc.Unsafe.defineClass(Ljava/lang/String;[BII)Ljava/lang/Class; name or signature does not match> (0x00000000eab07c78) thrown at [C:\src\android\AOSP-openjdk\external\jetbrains\jdk\hotspot\src\share\vt‹7nI«?
Event: 0.053 Thread 0x000000000253e800 Exception <a 'java/lang/NoSuchMethodError': Method sun.misc.Unsafe.prefetchRead(Ljava/lang/Object;J)V name or signature does not match> (0x00000000eab07f60) thrown at [C:\src\android\AOSP-openjdk\external\jetbrains\jdk\hotspot\src\share\vm\prims\jni.cpp, l{#øq&™ü?
Event: 1.787 Thread 0x000000005677c800 Implicit null exception at 0x0000000002af2e12 to 0x0000000002af2f19

Events (10 events):
Event: 2.296 Thread 0x000000005677c800 DEOPT UNPACKING pc=0x000000000289556a sp=0x000000005758e9d0 mode 2
Event: 2.303 Thread 0x000000005688b000 Uncommon trap: trap_request=0xffffffde fr.pc=0x0000000002b81528
Event: 2.303 Thread 0x000000005688b000 DEOPT PACKING pc=0x0000000002b81528 sp=0x000000005793e000
Event: 2.303 Thread 0x000000005688b000 DEOPT UNPACKING pc=0x000000000289556a sp=0x000000005793dfa8 mode 2
Event: 2.305 Thread 0x000000005677c800 Uncommon trap: trap_request=0xffffffde fr.pc=0x0000000002b81528
Event: 2.305 Thread 0x000000005677c800 DEOPT PACKING pc=0x0000000002b81528 sp=0x000000005758e130
Event: 2.305 Thread 0x000000005677c800 DEOPT UNPACKING pc=0x000000000289556a sp=0x000000005758e0d8 mode 2
Event: 2.310 Thread 0x000000005677c800 Uncommon trap: trap_request=0xffffffde fr.pc=0x0000000002b81528
Event: 2.310 Thread 0x000000005677c800 DEOPT PACKING pc=0x0000000002b81528 sp=0x000000005758e6d0
Event: 2.310 Thread 0x000000005677c800 DEOPT UNPACKING pc=0x000000000289556a sp=0x000000005758e678 mode 2


Dynamic libraries:
0x000000013f8b0000 - 0x000000013f8e1000 	D:\Android_Studio\jre\bin\java.exe
0x0000000077970000 - 0x0000000077b1a000 	C:\windows\SYSTEM32\ntdll.dll
0x0000000077750000 - 0x000000007786f000 	C:\windows\system32\kernel32.dll
0x000007fefd680000 - 0x000007fefd6ea000 	C:\windows\system32\KERNELBASE.dll
0x000007feff060000 - 0x000007feff13b000 	C:\windows\system32\ADVAPI32.dll
0x000007fefe990000 - 0x000007fefea2f000 	C:\windows\system32\msvcrt.dll
0x000007feff1f0000 - 0x000007feff20f000 	C:\windows\SYSTEM32\sechost.dll
0x000007feff210000 - 0x000007feff33d000 	C:\windows\system32\RPCRT4.dll
0x0000000077870000 - 0x000000007796a000 	C:\windows\system32\USER32.dll
0x000007feffc10000 - 0x000007feffc77000 	C:\windows\system32\GDI32.dll
0x000007fefec30000 - 0x000007fefec3e000 	C:\windows\system32\LPK.dll
0x000007feff7b0000 - 0x000007feff87b000 	C:\windows\system32\USP10.dll
0x000007fefb640000 - 0x000007fefb834000 	C:\windows\WinSxS\amd64_microsoft.windows.common-controls_6595b64144ccf1df_6.0.7601.18837_none_fa3b1e3d17594757\COMCTL32.dll
0x000007feff730000 - 0x000007feff7a1000 	C:\windows\system32\SHLWAPI.dll
0x000007fefda20000 - 0x000007fefda4e000 	C:\windows\system32\IMM32.DLL
0x000007fefdaf0000 - 0x000007fefdbf9000 	C:\windows\system32\MSCTF.dll
0x0000000071560000 - 0x0000000071632000 	D:\Android_Studio\jre\jre\bin\msvcr100.dll
0x0000000068b20000 - 0x000000006935c000 	D:\Android_Studio\jre\jre\bin\server\jvm.dll
0x000007fef9990000 - 0x000007fef9999000 	C:\windows\system32\WSOCK32.dll
0x000007feff1a0000 - 0x000007feff1ed000 	C:\windows\system32\WS2_32.dll
0x000007fefef70000 - 0x000007fefef78000 	C:\windows\system32\NSI.dll
0x000007fefa500000 - 0x000007fefa53b000 	C:\windows\system32\WINMM.dll
0x000007fefc730000 - 0x000007fefc73c000 	C:\windows\system32\VERSION.dll
0x0000000077b30000 - 0x0000000077b37000 	C:\windows\system32\PSAPI.DLL
0x000007fef98f0000 - 0x000007fef98ff000 	D:\Android_Studio\jre\jre\bin\verify.dll
0x000007fef98c0000 - 0x000007fef98e9000 	D:\Android_Studio\jre\jre\bin\java.dll
0x000007fef8da0000 - 0x000007fef8db6000 	D:\Android_Studio\jre\jre\bin\zip.dll
0x000007fefdc00000 - 0x000007fefe98b000 	C:\windows\system32\SHELL32.dll
0x000007feffa10000 - 0x000007feffc0c000 	C:\windows\system32\ole32.dll
0x000007fefd660000 - 0x000007fefd66f000 	C:\windows\system32\profapi.dll

VM Arguments:
jvm_args: -Djava.awt.headless=true -Xmx1024M -Dfile.encoding=GBK -Duser.country=CN -Duser.language=zh -Duser.variant 
java_command: com.android.dx.command.Main --dex --force-jumbo --num-threads=4 --multi-dex --output E:\projects-learn\Rn-Android-SmartHome\new-android-add-react\android\app\build\intermediates\transforms\dex\debug\folders\1000\5\slice_2 E:\projects-learn\Rn-Android-SmartHome\new-android-add-react\android\app\build\intermediates\transforms\instantRunSlicer\debug\folders\1\5\slice_2
java_class_path (initial): D:\Android_SDK\build-tools\25.0.0\lib\dx.jar
Launcher Type: SUN_STANDARD

Environment Variables:
JAVA_HOME=C:\Program Files\Java\jdk1.8.0_144
CLASSPATH=.;
PATH=C:\Python27\;C:\Python27\Scripts;C:\windows\system32;C:\windows;C:\windows\System32\Wbem;C:\windows\System32\WindowsPowerShell\v1.0\;D:\node\;D:\Git\cmd;D:\tortoisSVN\bin;C:\Ruby23-x64\bin;C:\Users\zhangzhijun\AppData\Roaming\npm;D:\Microsoft VS Code\bin;D:\Android_SDK\platform-tools;C:\nginx\php;C:\ProgramData\ComposerSetup\bin;C:\ProgramData\chocolatey\bin;C:\Program Files\Java\jdk1.8.0_144\bin;C:\Ruby23-x64\bin;C:\Users\zhangzhijun\AppData\Roaming\npm;D:\Microsoft VS Code\bin;C:\Users\zhangzhijun\AppData\Roaming\Composer\vendor\bin;C:\Users\zhangzhijun\AppData\Local\Programs\Fiddler
USERNAME=zhangzhijun
OS=Windows_NT
PROCESSOR_IDENTIFIER=Intel64 Family 6 Model 69 Stepping 1, GenuineIntel



---------------  S Y S T E M  ---------------

OS: Windows 7 , 64 bit Build 7601 (6.1.7601.23807)

CPU:total 4 (2 cores per cpu, 2 threads per core) family 6 model 69 stepping 1, cmov, cx8, fxsr, mmx, sse, sse2, sse3, ssse3, sse4.1, sse4.2, popcnt, avx, avx2, clmul, erms, lzcnt, ht, tsc, tscinvbit, bmi1, bmi2

Memory: 4k page, physical 8079796k(963388k free), swap 8436336k(5128k free)

vm_info: OpenJDK 64-Bit Server VM (25.112-b06) for windows-amd64 JRE (1.8.0_112-release-b06), built on Dec  8 2016 00:54:26 by "builder" with MS VC++ 10.0 (VS2010)

time: Thu Sep 28 20:44:28 2017
elapsed time: 2 seconds (0d 0h 0m 2s)

