#
# There is insufficient memory for the Java Runtime Environment to continue.
# Native memory allocation (malloc) failed to allocate 32744 bytes for ChunkPool::allocate
# Possible reasons:
#   The system is out of physical RAM or swap space
#   In 32 bit mode, the process size limit was hit
# Possible solutions:
#   Reduce memory load on the system
#   Increase physical memory or swap space
#   Check if swap backing store is full
#   Use 64 bit Java on a 64 bit OS
#   Decrease Java heap size (-Xmx/-Xms)
#   Decrease number of Java threads
#   Decrease Java thread stack sizes (-Xss)
#   Set larger code cache with -XX:ReservedCodeCacheSize=
# This output file may be truncated or incomplete.
#
#  Out of Memory Error (allocation.cpp:273), pid=8388, tid=0x0000000000002d8c
#
# JRE version: OpenJDK Runtime Environment (8.0_112-b06) (build 1.8.0_112-release-b06)
# Java VM: OpenJDK 64-Bit Server VM (25.112-b06 mixed mode windows-amd64 compressed oops)
# Failed to write core dump. Minidumps are not enabled by default on client versions of Windows
#

---------------  T H R E A D  ---------------

Current thread (0x0000000056370800):  JavaThread "C2 CompilerThread1" daemon [_thread_in_native, id=11660, stack(0x0000000056940000,0x0000000056a40000)]

Stack: [0x0000000056940000,0x0000000056a40000]
[error occurred during error reporting (printing stack bounds), id 0xc0000005]

Native frames: (J=compiled Java code, j=interpreted, Vv=VM code, C=native code)


Current CompileTask:
C2:   3995 1712   !   4       com.android.dx.cf.code.BytecodeArray::parseInstruction (2764 bytes)


---------------  P R O C E S S  ---------------

Java Threads: ( => current thread )
  0x000000005663d000 JavaThread "pool-2-thread-4" [_thread_blocked, id=6224, stack(0x00000000580f0000,0x00000000581f0000)]
  0x000000005663a000 JavaThread "pool-2-thread-3" [_thread_blocked, id=10068, stack(0x0000000057f60000,0x0000000058060000)]
  0x0000000056637800 JavaThread "pool-2-thread-2" [_thread_blocked, id=11328, stack(0x0000000057c90000,0x0000000057d90000)]
  0x0000000056636800 JavaThread "pool-3-thread-1" [_thread_blocked, id=5044, stack(0x0000000057b20000,0x0000000057c20000)]
  0x0000000056636000 JavaThread "pool-2-thread-1" [_thread_blocked, id=8832, stack(0x0000000012230000,0x0000000012330000)]
  0x00000000563e4000 JavaThread "Service Thread" daemon [_thread_blocked, id=7304, stack(0x0000000056f70000,0x0000000057070000)]
  0x00000000563c2800 JavaThread "C1 CompilerThread2" daemon [_thread_blocked, id=11204, stack(0x0000000056db0000,0x0000000056eb0000)]
=>0x0000000056370800 JavaThread "C2 CompilerThread1" daemon [_thread_in_native, id=11660, stack(0x0000000056940000,0x0000000056a40000)]
  0x000000005636b000 JavaThread "C2 CompilerThread0" daemon [_thread_in_native, id=11916, stack(0x0000000056be0000,0x0000000056ce0000)]
  0x000000005635a800 JavaThread "Attach Listener" daemon [_thread_blocked, id=8516, stack(0x0000000056a70000,0x0000000056b70000)]
  0x000000005502f000 JavaThread "Signal Dispatcher" daemon [_thread_blocked, id=12164, stack(0x00000000567a0000,0x00000000568a0000)]
  0x0000000055008000 JavaThread "Finalizer" daemon [_thread_blocked, id=9664, stack(0x0000000056150000,0x0000000056250000)]
  0x0000000054fbf000 JavaThread "Reference Handler" daemon [_thread_blocked, id=6920, stack(0x0000000056250000,0x0000000056350000)]
  0x000000000240e800 JavaThread "main" [_thread_blocked, id=8204, stack(0x0000000002750000,0x0000000002850000)]

Other Threads:
  0x0000000054fb9800 VMThread [stack: 0x0000000056040000,0x0000000056140000] [id=7688]
  0x00000000563c4800 WatcherThread [stack: 0x00000000570b0000,0x00000000571b0000] [id=8104]

VM state:not at safepoint (normal execution)

VM Mutex/Monitor currently owned by a thread: None

Heap:
 PSYoungGen      total 68608K, used 5567K [0x00000000eab00000, 0x00000000f3100000, 0x0000000100000000)
  eden space 63488K, 0% used [0x00000000eab00000,0x00000000eab764f0,0x00000000ee900000)
  from space 5120K, 99% used [0x00000000ee900000,0x00000000eedf9ac0,0x00000000eee00000)
  to   space 5120K, 0% used [0x00000000f2c00000,0x00000000f2c00000,0x00000000f3100000)
 ParOldGen       total 84992K, used 14001K [0x00000000c0000000, 0x00000000c5300000, 0x00000000eab00000)
  object space 84992K, 16% used [0x00000000c0000000,0x00000000c0dac4f8,0x00000000c5300000)
 Metaspace       used 6267K, capacity 7152K, committed 7296K, reserved 1056768K
  class space    used 580K, capacity 616K, committed 640K, reserved 1048576K

Card table byte_map: [0x0000000011c10000,0x0000000011e20000] byte_map_base: 0x0000000011610000

Marking Bits: (ParMarkBitMap*) 0x00000000579a18f0
 Begin Bits: [0x0000000012430000, 0x0000000013430000)
 End Bits:   [0x0000000013430000, 0x0000000014430000)

Polling page: 0x0000000001b60000

CodeCache: size=245760Kb used=7533Kb max_used=7533Kb free=238226Kb
 bounds [0x0000000002850000, 0x0000000002fc0000, 0x0000000011850000]
 total_blobs=2012 nmethods=1742 adapters=184
 compilation: enabled

Compilation events (10 events):
Event: 3.752 Thread 0x00000000563c2800 1758       2       java.util.concurrent.ThreadPoolExecutor::execute (132 bytes)
Event: 3.753 Thread 0x00000000563c2800 nmethod 1758 0x0000000002fb0250 code [0x0000000002fb0420, 0x0000000002fb0888]
Event: 3.753 Thread 0x00000000563c2800 1759       2       com.android.dx.cf.direct.DirectClassFile::getFields (9 bytes)
Event: 3.754 Thread 0x00000000563c2800 nmethod 1759 0x0000000002fb0b50 code [0x0000000002fb0cc0, 0x0000000002fb0e48]
Event: 3.754 Thread 0x00000000563c2800 1760       2       com.android.dx.command.dexer.Main::access$1802 (6 bytes)
Event: 3.754 Thread 0x00000000563c2800 nmethod 1760 0x0000000002fb0f10 code [0x0000000002fb1060, 0x0000000002fb1190]
Event: 3.754 Thread 0x00000000563c2800 1761       2       com.android.dx.command.dexer.Main::access$2002 (6 bytes)
Event: 3.754 Thread 0x00000000563c2800 nmethod 1761 0x0000000002fb1210 code [0x0000000002fb1360, 0x0000000002fb1490]
Event: 3.755 Thread 0x00000000563c2800 1762   !   2       java.util.concurrent.FutureTask::run (126 bytes)
Event: 3.756 Thread 0x00000000563c2800 nmethod 1762 0x0000000002fb1510 code [0x0000000002fb16c0, 0x0000000002fb1ae8]

GC Heap History (6 events):
Event: 1.380 GC heap before
{Heap before GC invocations=1 (full 0):
 PSYoungGen      total 36864K, used 31744K [0x00000000eab00000, 0x00000000ed400000, 0x0000000100000000)
  eden space 31744K, 100% used [0x00000000eab00000,0x00000000eca00000,0x00000000eca00000)
  from space 5120K, 0% used [0x00000000ecf00000,0x00000000ecf00000,0x00000000ed400000)
  to   space 5120K, 0% used [0x00000000eca00000,0x00000000eca00000,0x00000000ecf00000)
 ParOldGen       total 84992K, used 0K [0x00000000c0000000, 0x00000000c5300000, 0x00000000eab00000)
  object space 84992K, 0% used [0x00000000c0000000,0x00000000c0000000,0x00000000c5300000)
 Metaspace       used 5940K, capacity 6896K, committed 7040K, reserved 1056768K
  class space    used 579K, capacity 616K, committed 640K, reserved 1048576K
Event: 1.405 GC heap after
Heap after GC invocations=1 (full 0):
 PSYoungGen      total 36864K, used 5100K [0x00000000eab00000, 0x00000000ef300000, 0x0000000100000000)
  eden space 31744K, 0% used [0x00000000eab00000,0x00000000eab00000,0x00000000eca00000)
  from space 5120K, 99% used [0x00000000eca00000,0x00000000ecefb278,0x00000000ecf00000)
  to   space 5120K, 0% used [0x00000000eee00000,0x00000000eee00000,0x00000000ef300000)
 ParOldGen       total 84992K, used 815K [0x00000000c0000000, 0x00000000c5300000, 0x00000000eab00000)
  object space 84992K, 0% used [0x00000000c0000000,0x00000000c00cbf68,0x00000000c5300000)
 Metaspace       used 5940K, capacity 6896K, committed 7040K, reserved 1056768K
  class space    used 579K, capacity 616K, committed 640K, reserved 1048576K
}
Event: 2.952 GC heap before
{Heap before GC invocations=2 (full 0):
 PSYoungGen      total 36864K, used 36844K [0x00000000eab00000, 0x00000000ef300000, 0x0000000100000000)
  eden space 31744K, 100% used [0x00000000eab00000,0x00000000eca00000,0x00000000eca00000)
  from space 5120K, 99% used [0x00000000eca00000,0x00000000ecefb278,0x00000000ecf00000)
  to   space 5120K, 0% used [0x00000000eee00000,0x00000000eee00000,0x00000000ef300000)
 ParOldGen       total 84992K, used 815K [0x00000000c0000000, 0x00000000c5300000, 0x00000000eab00000)
  object space 84992K, 0% used [0x00000000c0000000,0x00000000c00cbf68,0x00000000c5300000)
 Metaspace       used 6181K, capacity 7088K, committed 7296K, reserved 1056768K
  class space    used 580K, capacity 616K, committed 640K, reserved 1048576K
Event: 2.966 GC heap after
Heap after GC invocations=2 (full 0):
 PSYoungGen      total 68608K, used 5092K [0x00000000eab00000, 0x00000000ef300000, 0x0000000100000000)
  eden space 63488K, 0% used [0x00000000eab00000,0x00000000eab00000,0x00000000ee900000)
  from space 5120K, 99% used [0x00000000eee00000,0x00000000ef2f92e0,0x00000000ef300000)
  to   space 5120K, 0% used [0x00000000ee900000,0x00000000ee900000,0x00000000eee00000)
 ParOldGen       total 84992K, used 4648K [0x00000000c0000000, 0x00000000c5300000, 0x00000000eab00000)
  object space 84992K, 5% used [0x00000000c0000000,0x00000000c048a350,0x00000000c5300000)
 Metaspace       used 6181K, capacity 7088K, committed 7296K, reserved 1056768K
  class space    used 580K, capacity 616K, committed 640K, reserved 1048576K
}
Event: 3.758 GC heap before
{Heap before GC invocations=3 (full 0):
 PSYoungGen      total 68608K, used 68580K [0x00000000eab00000, 0x00000000ef300000, 0x0000000100000000)
  eden space 63488K, 100% used [0x00000000eab00000,0x00000000ee900000,0x00000000ee900000)
  from space 5120K, 99% used [0x00000000eee00000,0x00000000ef2f92e0,0x00000000ef300000)
  to   space 5120K, 0% used [0x00000000ee900000,0x00000000ee900000,0x00000000eee00000)
 ParOldGen       total 84992K, used 4648K [0x00000000c0000000, 0x00000000c5300000, 0x00000000eab00000)
  object space 84992K, 5% used [0x00000000c0000000,0x00000000c048a350,0x00000000c5300000)
 Metaspace       used 6267K, capacity 7152K, committed 7296K, reserved 1056768K
  class space    used 580K, capacity 616K, committed 640K, reserved 1048576K
Event: 3.958 GC heap after
Heap after GC invocations=3 (full 0):
 PSYoungGen      total 68608K, used 5094K [0x00000000eab00000, 0x00000000f3100000, 0x0000000100000000)
  eden space 63488K, 0% used [0x00000000eab00000,0x00000000eab00000,0x00000000ee900000)
  from space 5120K, 99% used [0x00000000ee900000,0x00000000eedf9ac0,0x00000000eee00000)
  to   space 5120K, 0% used [0x00000000f2c00000,0x00000000f2c00000,0x00000000f3100000)
 ParOldGen       total 84992K, used 14001K [0x00000000c0000000, 0x00000000c5300000, 0x00000000eab00000)
  object space 84992K, 16% used [0x00000000c0000000,0x00000000c0dac4f8,0x00000000c5300000)
 Metaspace       used 6267K, capacity 7152K, committed 7296K, reserved 1056768K
  class space    used 580K, capacity 616K, committed 640K, reserved 1048576K
}

Deoptimization events (10 events):
Event: 2.900 Thread 0x000000005663d000 Uncommon trap: reason=bimorphic action=maybe_recompile pc=0x0000000002e18978 method=com.android.dx.ssa.SCCP.setLatticeValueTo(IILcom/android/dx/rop/cst/Constant;)Z @ 43
Event: 2.978 Thread 0x0000000056636000 Uncommon trap: reason=unstable_if action=reinterpret pc=0x0000000002d52848 method=com.android.dx.ssa.SCCP.simulateStmt(Lcom/android/dx/ssa/SsaInsn;)V @ 53
Event: 3.001 Thread 0x000000005663d000 Uncommon trap: reason=unstable_if action=reinterpret pc=0x0000000002d45f0c method=com.android.dx.ssa.SCCP.simulateBranch(Lcom/android/dx/ssa/SsaInsn;)V @ 64
Event: 3.031 Thread 0x000000005663a000 Uncommon trap: reason=bimorphic action=maybe_recompile pc=0x0000000002d5c6fc method=java.util.HashMap.putVal(ILjava/lang/Object;Ljava/lang/Object;ZZ)Ljava/lang/Object; @ 203
Event: 3.399 Thread 0x0000000056637800 Uncommon trap: reason=unstable_if action=reinterpret pc=0x0000000002cac96c method=com.android.dx.util.IntList.binarysearch(I)I @ 105
Event: 3.399 Thread 0x0000000056637800 Uncommon trap: reason=unstable_if action=reinterpret pc=0x0000000002e1f820 method=com.android.dx.ssa.SsaBasicBlock.newFromRop(Lcom/android/dx/rop/code/RopMethod;ILcom/android/dx/ssa/SsaMethod;)Lcom/android/dx/ssa/SsaBasicBlock; @ 164
Event: 3.400 Thread 0x0000000056637800 Uncommon trap: reason=unstable_if action=reinterpret pc=0x0000000002e2669c method=com.android.dx.ssa.SsaMethod.blockIndexToRopLabel(I)I @ 1
Event: 3.525 Thread 0x000000005663d000 Uncommon trap: reason=unstable_if action=reinterpret pc=0x0000000002e6ee98 method=com.android.dx.ssa.LiteralOpUpgrader$1.visitNonMoveInsn(Lcom/android/dx/ssa/NormalSsaInsn;)V @ 55
Event: 3.526 Thread 0x000000005663d000 Uncommon trap: reason=unstable_if action=reinterpret pc=0x0000000002b9f10c method=com.android.dx.ssa.SsaMethod.updateOneDefinition(Lcom/android/dx/ssa/SsaInsn;Lcom/android/dx/rop/code/RegisterSpec;)V @ 4
Event: 3.604 Thread 0x0000000056636000 Uncommon trap: reason=unstable_if action=reinterpret pc=0x0000000002ed4424 method=com.android.dx.rop.code.RegisterSpec.equals(ILcom/android/dx/rop/type/TypeBearer;Lcom/android/dx/rop/code/LocalItem;)Z @ 42

Internal exceptions (2 events):
Event: 0.097 Thread 0x000000000240e800 Exception <a 'java/lang/NoSuchMethodError': Method sun.misc.Unsafe.defineClass(Ljava/lang/String;[BII)Ljava/lang/Class; name or signature does not match> (0x00000000eab07c78) thrown at [C:\src\android\AOSP-openjdk\external\jetbrains\jdk\hotspot\src\share\v©¹}ìXú¸?
Event: 0.098 Thread 0x000000000240e800 Exception <a 'java/lang/NoSuchMethodError': Method sun.misc.Unsafe.prefetchRead(Ljava/lang/Object;J)V name or signature does not match> (0x00000000eab07f60) thrown at [C:\src\android\AOSP-openjdk\external\jetbrains\jdk\hotspot\src\share\vm\prims\jni.cpp, l

Events (10 events):
Event: 3.526 Thread 0x000000005663d000 DEOPT UNPACKING pc=0x000000000289556a sp=0x00000000581ee4b8 mode 2
Event: 3.554 Thread 0x000000000240e800 DEOPT PACKING pc=0x0000000002f5723a sp=0x000000000284e9d0
Event: 3.554 Thread 0x000000000240e800 DEOPT UNPACKING pc=0x00000000028975bf sp=0x000000000284e7e8 mode 0
Event: 3.585 Thread 0x000000005663a000 DEOPT PACKING pc=0x0000000002f5a4a9 sp=0x000000005805eaa0
Event: 3.585 Thread 0x000000005663a000 DEOPT UNPACKING pc=0x00000000028975bf sp=0x000000005805e8a8 mode 0
Event: 3.604 Thread 0x0000000056636000 Uncommon trap: trap_request=0xffffff65 fr.pc=0x0000000002ed4424
Event: 3.604 Thread 0x0000000056636000 DEOPT PACKING pc=0x0000000002ed4424 sp=0x000000001232ecb0
Event: 3.604 Thread 0x0000000056636000 DEOPT UNPACKING pc=0x000000000289556a sp=0x000000001232ebb8 mode 2
Event: 3.758 Executing VM operation: ParallelGCFailedAllocation
Event: 3.958 Executing VM operation: ParallelGCFailedAllocation done


Dynamic libraries:
0x000000013ff00000 - 0x000000013ff31000 	D:\Android_Studio\jre\bin\java.exe
0x0000000077970000 - 0x0000000077b1a000 	C:\windows\SYSTEM32\ntdll.dll
0x0000000077750000 - 0x000000007786f000 	C:\windows\system32\kernel32.dll
0x000007fefd680000 - 0x000007fefd6ea000 	C:\windows\system32\KERNELBASE.dll
0x000007feff060000 - 0x000007feff13b000 	C:\windows\system32\ADVAPI32.dll
0x000007fefe990000 - 0x000007fefea2f000 	C:\windows\system32\msvcrt.dll
0x000007feff1f0000 - 0x000007feff20f000 	C:\windows\SYSTEM32\sechost.dll
0x000007feff210000 - 0x000007feff33d000 	C:\windows\system32\RPCRT4.dll
0x0000000077870000 - 0x000000007796a000 	C:\windows\system32\USER32.dll
0x000007feffc10000 - 0x000007feffc77000 	C:\windows\system32\GDI32.dll
0x000007fefec30000 - 0x000007fefec3e000 	C:\windows\system32\LPK.dll
0x000007feff7b0000 - 0x000007feff87b000 	C:\windows\system32\USP10.dll
0x000007fefb640000 - 0x000007fefb834000 	C:\windows\WinSxS\amd64_microsoft.windows.common-controls_6595b64144ccf1df_6.0.7601.18837_none_fa3b1e3d17594757\COMCTL32.dll
0x000007feff730000 - 0x000007feff7a1000 	C:\windows\system32\SHLWAPI.dll
0x000007fefda20000 - 0x000007fefda4e000 	C:\windows\system32\IMM32.DLL
0x000007fefdaf0000 - 0x000007fefdbf9000 	C:\windows\system32\MSCTF.dll
0x0000000070fc0000 - 0x0000000071092000 	D:\Android_Studio\jre\jre\bin\msvcr100.dll
0x00000000571e0000 - 0x0000000057a1c000 	D:\Android_Studio\jre\jre\bin\server\jvm.dll
0x000007fef9990000 - 0x000007fef9999000 	C:\windows\system32\WSOCK32.dll
0x000007feff1a0000 - 0x000007feff1ed000 	C:\windows\system32\WS2_32.dll
0x000007fefef70000 - 0x000007fefef78000 	C:\windows\system32\NSI.dll
0x000007fefa500000 - 0x000007fefa53b000 	C:\windows\system32\WINMM.dll
0x000007fefc730000 - 0x000007fefc73c000 	C:\windows\system32\VERSION.dll
0x0000000077b30000 - 0x0000000077b37000 	C:\windows\system32\PSAPI.DLL
0x000007fefb220000 - 0x000007fefb22f000 	D:\Android_Studio\jre\jre\bin\verify.dll
0x000007fef98d0000 - 0x000007fef98f9000 	D:\Android_Studio\jre\jre\bin\java.dll
0x000007fef9910000 - 0x000007fef9926000 	D:\Android_Studio\jre\jre\bin\zip.dll
0x000007fefdc00000 - 0x000007fefe98b000 	C:\windows\system32\SHELL32.dll
0x000007feffa10000 - 0x000007feffc0c000 	C:\windows\system32\ole32.dll
0x000007fefd660000 - 0x000007fefd66f000 	C:\windows\system32\profapi.dll

VM Arguments:
jvm_args: -Djava.awt.headless=true -Xmx1024M -Dfile.encoding=GBK -Duser.country=CN -Duser.language=zh -Duser.variant 
java_command: com.android.dx.command.Main --dex --force-jumbo --num-threads=4 --multi-dex --output E:\projects-learn\Rn-Android-SmartHome\new-android-add-react\android\app\build\intermediates\transforms\dex\debug\folders\1000\10\classes_322698a06a51cfcca97e67db4ee9134f1df27590 C:\Users\zhangzhijun\.android\build-cache\511dd191c0ba752528adb015edf6ed637c4a55d1\output\jars\classes.jar
java_class_path (initial): D:\Android_SDK\build-tools\25.0.0\lib\dx.jar
Launcher Type: SUN_STANDARD

Environment Variables:
JAVA_HOME=C:\Program Files\Java\jdk1.8.0_144
CLASSPATH=.;
PATH=C:\Python27\;C:\Python27\Scripts;C:\windows\system32;C:\windows;C:\windows\System32\Wbem;C:\windows\System32\WindowsPowerShell\v1.0\;D:\node\;D:\Git\cmd;D:\tortoisSVN\bin;C:\Ruby23-x64\bin;C:\Users\zhangzhijun\AppData\Roaming\npm;D:\Microsoft VS Code\bin;D:\Android_SDK\platform-tools;C:\nginx\php;C:\ProgramData\ComposerSetup\bin;C:\ProgramData\chocolatey\bin;C:\Program Files\Java\jdk1.8.0_144\bin;C:\Ruby23-x64\bin;C:\Users\zhangzhijun\AppData\Roaming\npm;D:\Microsoft VS Code\bin;C:\Users\zhangzhijun\AppData\Roaming\Composer\vendor\bin;C:\Users\zhangzhijun\AppData\Local\Programs\Fiddler
USERNAME=zhangzhijun
OS=Windows_NT
PROCESSOR_IDENTIFIER=Intel64 Family 6 Model 69 Stepping 1, GenuineIntel



---------------  S Y S T E M  ---------------

OS: Windows 7 , 64 bit Build 7601 (6.1.7601.23807)

CPU:total 4 (2 cores per cpu, 2 threads per core) family 6 model 69 stepping 1, cmov, cx8, fxsr, mmx, sse, sse2, sse3, ssse3, sse4.1, sse4.2, popcnt, avx, avx2, clmul, erms, lzcnt, ht, tsc, tscinvbit, bmi1, bmi2

Memory: 4k page, physical 8079796k(726744k free), swap 8436336k(4032k free)

vm_info: OpenJDK 64-Bit Server VM (25.112-b06) for windows-amd64 JRE (1.8.0_112-release-b06), built on Dec  8 2016 00:54:26 by "builder" with MS VC++ 10.0 (VS2010)

time: Thu Sep 28 21:12:24 2017
elapsed time: 4 seconds (0d 0h 0m 4s)

