#
# There is insufficient memory for the Java Runtime Environment to continue.
# Native memory allocation (malloc) failed to allocate 185904 bytes for Chunk::new
# Possible reasons:
#   The system is out of physical RAM or swap space
#   In 32 bit mode, the process size limit was hit
# Possible solutions:
#   Reduce memory load on the system
#   Increase physical memory or swap space
#   Check if swap backing store is full
#   Use 64 bit Java on a 64 bit OS
#   Decrease Java heap size (-Xmx/-Xms)
#   Decrease number of Java threads
#   Decrease Java thread stack sizes (-Xss)
#   Set larger code cache with -XX:ReservedCodeCacheSize=
# This output file may be truncated or incomplete.
#
#  Out of Memory Error (allocation.cpp:390), pid=7840, tid=0x0000000000002b10
#
# JRE version: OpenJDK Runtime Environment (8.0_112-b06) (build 1.8.0_112-release-b06)
# Java VM: OpenJDK 64-Bit Server VM (25.112-b06 mixed mode windows-amd64 compressed oops)
# Failed to write core dump. Minidumps are not enabled by default on client versions of Windows
#

---------------  T H R E A D  ---------------

Current thread (0x000000005649d000):  JavaThread "C2 CompilerThread1" daemon [_thread_in_native, id=11024, stack(0x0000000056240000,0x0000000056340000)]

Stack: [0x0000000056240000,0x0000000056340000]
[error occurred during error reporting (printing stack bounds), id 0xc0000005]

Native frames: (J=compiled Java code, j=interpreted, Vv=VM code, C=native code)


Current CompileTask:
C2:   4028  988   !   4       com.android.dx.cf.code.BytecodeArray::parseInstruction (2764 bytes)


---------------  P R O C E S S  ---------------

Java Threads: ( => current thread )
  0x0000000056749000 JavaThread "pool-2-thread-4" [_thread_blocked, id=9900, stack(0x0000000057f70000,0x0000000058070000)]
  0x0000000056745000 JavaThread "pool-2-thread-3" [_thread_blocked, id=11764, stack(0x0000000057bc0000,0x0000000057cc0000)]
  0x0000000056658800 JavaThread "pool-2-thread-2" [_thread_blocked, id=9848, stack(0x0000000057cf0000,0x0000000057df0000)]
  0x0000000056658000 JavaThread "pool-3-thread-1" [_thread_blocked, id=6944, stack(0x0000000057aa0000,0x0000000057ba0000)]
  0x0000000056653000 JavaThread "pool-2-thread-1" [_thread_in_Java, id=10692, stack(0x0000000057040000,0x0000000057140000)]
  0x00000000564a0000 JavaThread "Service Thread" daemon [_thread_blocked, id=4148, stack(0x0000000056ed0000,0x0000000056fd0000)]
  0x000000005649e000 JavaThread "C1 CompilerThread2" daemon [_thread_blocked, id=10504, stack(0x0000000056d30000,0x0000000056e30000)]
=>0x000000005649d000 JavaThread "C2 CompilerThread1" daemon [_thread_in_native, id=11024, stack(0x0000000056240000,0x0000000056340000)]
  0x000000005649b000 JavaThread "C2 CompilerThread0" daemon [_thread_in_native, id=7876, stack(0x0000000056c00000,0x0000000056d00000)]
  0x000000005648a800 JavaThread "Attach Listener" daemon [_thread_blocked, id=6512, stack(0x0000000056af0000,0x0000000056bf0000)]
  0x000000005505b000 JavaThread "Signal Dispatcher" daemon [_thread_blocked, id=9828, stack(0x00000000568a0000,0x00000000569a0000)]
  0x0000000055048000 JavaThread "Finalizer" daemon [_thread_blocked, id=9544, stack(0x0000000056380000,0x0000000056480000)]
  0x0000000054fff000 JavaThread "Reference Handler" daemon [_thread_blocked, id=4684, stack(0x0000000056140000,0x0000000056240000)]
  0x00000000002de800 JavaThread "main" [_thread_blocked, id=11444, stack(0x00000000026e0000,0x00000000027e0000)]

Other Threads:
  0x0000000054ff9800 VMThread [stack: 0x0000000055fc0000,0x00000000560c0000] [id=4672]
  0x00000000564a3000 WatcherThread [stack: 0x00000000569d0000,0x0000000056ad0000] [id=9740]

VM state:not at safepoint (normal execution)

VM Mutex/Monitor currently owned by a thread: None

Heap:
 PSYoungGen      total 36864K, used 19689K [0x00000000eab00000, 0x00000000ed400000, 0x0000000100000000)
  eden space 31744K, 62% used [0x00000000eab00000,0x00000000ebe3a618,0x00000000eca00000)
  from space 5120K, 0% used [0x00000000ecf00000,0x00000000ecf00000,0x00000000ed400000)
  to   space 5120K, 0% used [0x00000000eca00000,0x00000000eca00000,0x00000000ecf00000)
 ParOldGen       total 84992K, used 0K [0x00000000c0000000, 0x00000000c5300000, 0x00000000eab00000)
  object space 84992K, 0% used [0x00000000c0000000,0x00000000c0000000,0x00000000c5300000)
 Metaspace       used 5620K, capacity 6832K, committed 7040K, reserved 1056768K
  class space    used 552K, capacity 616K, committed 640K, reserved 1048576K

Card table byte_map: [0x0000000011ba0000,0x0000000011db0000] byte_map_base: 0x00000000115a0000

Marking Bits: (ParMarkBitMap*) 0x00000000579a18f0
 Begin Bits: [0x0000000012470000, 0x0000000013470000)
 End Bits:   [0x0000000013470000, 0x0000000014470000)

Polling page: 0x0000000000240000

CodeCache: size=245760Kb used=4020Kb max_used=4024Kb free=241740Kb
 bounds [0x00000000027e0000, 0x0000000002be0000, 0x00000000117e0000]
 total_blobs=1247 nmethods=985 adapters=176
 compilation: enabled

Compilation events (10 events):
Event: 3.975 Thread 0x000000005649e000 nmethod 983 0x0000000002bae510 code [0x0000000002bae680, 0x0000000002bae8f0]
Event: 3.975 Thread 0x000000005649e000  984       3       com.android.dx.rop.code.Insn::canThrow (8 bytes)
Event: 3.976 Thread 0x000000005649d000  985       4       com.android.dx.dex.code.DalvInsn::<init> (67 bytes)
Event: 3.976 Thread 0x000000005649e000 nmethod 984 0x0000000002bcd8d0 code [0x0000000002bcda40, 0x0000000002bcdd88]
Event: 3.977 Thread 0x000000005649d000 nmethod 985 0x0000000002bd0b90 code [0x0000000002bd0cc0, 0x0000000002bd0d98]
Event: 3.977 Thread 0x000000005649e000  986       3       com.android.dx.cf.code.SwitchList::add (35 bytes)
Event: 3.977 Thread 0x000000005649e000 nmethod 986 0x0000000002bd01d0 code [0x0000000002bd0380, 0x0000000002bd0938]
Event: 3.978 Thread 0x000000005649e000  987       3       com.android.dx.rop.type.Prototype::withFirstParameter (68 bytes)
Event: 3.978 Thread 0x000000005649d000  988   !   4       com.android.dx.cf.code.BytecodeArray::parseInstruction (2764 bytes)
Event: 3.978 Thread 0x000000005649e000 nmethod 987 0x0000000002bcee90 code [0x0000000002bcf0c0, 0x0000000002bcfc98]

GC Heap History (0 events):
No events

Deoptimization events (10 events):
Event: 1.857 Thread 0x0000000056658800 Uncommon trap: reason=class_check action=maybe_recompile pc=0x0000000002990d2c method=com.android.dx.rop.cst.Constant.compareTo(Ljava/lang/Object;)I @ 2
Event: 1.857 Thread 0x0000000056658800 Uncommon trap: reason=class_check action=maybe_recompile pc=0x0000000002990d2c method=com.android.dx.rop.cst.Constant.compareTo(Ljava/lang/Object;)I @ 2
Event: 1.863 Thread 0x0000000056745000 Uncommon trap: reason=speculate_class_check action=maybe_recompile pc=0x00000000029aaa1c method=com.android.dx.rop.cst.Constant.compareTo(Lcom/android/dx/rop/cst/Constant;)I @ 29
Event: 1.863 Thread 0x0000000056745000 Uncommon trap: reason=speculate_class_check action=maybe_recompile pc=0x00000000029aaa1c method=com.android.dx.rop.cst.Constant.compareTo(Lcom/android/dx/rop/cst/Constant;)I @ 29
Event: 1.863 Thread 0x0000000056745000 Uncommon trap: reason=speculate_class_check action=maybe_recompile pc=0x00000000029aaa1c method=com.android.dx.rop.cst.Constant.compareTo(Lcom/android/dx/rop/cst/Constant;)I @ 29
Event: 1.863 Thread 0x0000000056745000 Uncommon trap: reason=speculate_class_check action=maybe_recompile pc=0x00000000029aaa1c method=com.android.dx.rop.cst.Constant.compareTo(Lcom/android/dx/rop/cst/Constant;)I @ 29
Event: 2.615 Thread 0x0000000056658800 Uncommon trap: reason=unstable_if action=reinterpret pc=0x00000000029f72d4 method=java.util.HashMap.getNode(ILjava/lang/Object;)Ljava/util/HashMap$Node; @ 129
Event: 2.620 Thread 0x0000000056658800 Uncommon trap: reason=unstable_if action=reinterpret pc=0x00000000029ae0d8 method=com.android.dx.rop.cst.CstFieldRef.compareTo0(Lcom/android/dx/rop/cst/Constant;)I @ 7
Event: 2.645 Thread 0x0000000056658800 Uncommon trap: reason=unstable_if action=reinterpret pc=0x0000000002998328 method=com.android.dx.rop.cst.CstFieldRef.compareTo0(Lcom/android/dx/rop/cst/Constant;)I @ 7
Event: 3.017 Thread 0x0000000056749000 Uncommon trap: reason=unstable_if action=reinterpret pc=0x0000000002a30b20 method=java.util.BitSet.nextSetBit(I)I @ 87

Internal exceptions (2 events):
Event: 0.176 Thread 0x00000000002de800 Exception <a 'java/lang/NoSuchMethodError': Method sun.misc.Unsafe.defineClass(Ljava/lang/String;[BII)Ljava/lang/Class; name or signature does not match> (0x00000000eab07c78) thrown at [C:\src\android\AOSP-openjdk\external\jetbrains\jdk\hotspot\src\share\vºËÙDÜ∆?
Event: 0.176 Thread 0x00000000002de800 Exception <a 'java/lang/NoSuchMethodError': Method sun.misc.Unsafe.prefetchRead(Ljava/lang/Object;J)V name or signature does not match> (0x00000000eab07f60) thrown at [C:\src\android\AOSP-openjdk\external\jetbrains\jdk\hotspot\src\share\vm\prims\jni.cpp, l

Events (10 events):
Event: 2.645 Thread 0x0000000056658800 Uncommon trap: trap_request=0xffffff65 fr.pc=0x0000000002998328
Event: 2.645 Thread 0x0000000056658800 DEOPT PACKING pc=0x0000000002998328 sp=0x0000000057deead0
Event: 2.645 Thread 0x0000000056658800 DEOPT UNPACKING pc=0x000000000282556a sp=0x0000000057deea58 mode 2
Event: 2.767 loading class java/util/ArrayList$1
Event: 2.767 loading class java/util/ArrayList$1 done
Event: 2.997 loading class com/android/dx/cf/code/BytecodeArray$ConstantParserVisitor
Event: 2.997 loading class com/android/dx/cf/code/BytecodeArray$ConstantParserVisitor done
Event: 3.017 Thread 0x0000000056749000 Uncommon trap: trap_request=0xffffff65 fr.pc=0x0000000002a30b20
Event: 3.017 Thread 0x0000000056749000 DEOPT PACKING pc=0x0000000002a30b20 sp=0x000000005806e970
Event: 3.017 Thread 0x0000000056749000 DEOPT UNPACKING pc=0x000000000282556a sp=0x000000005806e908 mode 2


Dynamic libraries:
0x000000013f4d0000 - 0x000000013f501000 	D:\Android_Studio\jre\bin\java.exe
0x0000000077970000 - 0x0000000077b1a000 	C:\windows\SYSTEM32\ntdll.dll
0x0000000077750000 - 0x000000007786f000 	C:\windows\system32\kernel32.dll
0x000007fefd680000 - 0x000007fefd6ea000 	C:\windows\system32\KERNELBASE.dll
0x000007feff060000 - 0x000007feff13b000 	C:\windows\system32\ADVAPI32.dll
0x000007fefe990000 - 0x000007fefea2f000 	C:\windows\system32\msvcrt.dll
0x000007feff1f0000 - 0x000007feff20f000 	C:\windows\SYSTEM32\sechost.dll
0x000007feff210000 - 0x000007feff33d000 	C:\windows\system32\RPCRT4.dll
0x0000000077870000 - 0x000000007796a000 	C:\windows\system32\USER32.dll
0x000007feffc10000 - 0x000007feffc77000 	C:\windows\system32\GDI32.dll
0x000007fefec30000 - 0x000007fefec3e000 	C:\windows\system32\LPK.dll
0x000007feff7b0000 - 0x000007feff87b000 	C:\windows\system32\USP10.dll
0x000007fefb640000 - 0x000007fefb834000 	C:\windows\WinSxS\amd64_microsoft.windows.common-controls_6595b64144ccf1df_6.0.7601.18837_none_fa3b1e3d17594757\COMCTL32.dll
0x000007feff730000 - 0x000007feff7a1000 	C:\windows\system32\SHLWAPI.dll
0x000007fefda20000 - 0x000007fefda4e000 	C:\windows\system32\IMM32.DLL
0x000007fefdaf0000 - 0x000007fefdbf9000 	C:\windows\system32\MSCTF.dll
0x0000000070350000 - 0x0000000070422000 	D:\Android_Studio\jre\jre\bin\msvcr100.dll
0x00000000571e0000 - 0x0000000057a1c000 	D:\Android_Studio\jre\jre\bin\server\jvm.dll
0x000007fef9990000 - 0x000007fef9999000 	C:\windows\system32\WSOCK32.dll
0x000007feff1a0000 - 0x000007feff1ed000 	C:\windows\system32\WS2_32.dll
0x000007fefef70000 - 0x000007fefef78000 	C:\windows\system32\NSI.dll
0x000007fefa500000 - 0x000007fefa53b000 	C:\windows\system32\WINMM.dll
0x000007fefc730000 - 0x000007fefc73c000 	C:\windows\system32\VERSION.dll
0x0000000077b30000 - 0x0000000077b37000 	C:\windows\system32\PSAPI.DLL
0x000007fefb220000 - 0x000007fefb22f000 	D:\Android_Studio\jre\jre\bin\verify.dll
0x000007fef9960000 - 0x000007fef9989000 	D:\Android_Studio\jre\jre\bin\java.dll
0x000007fef9fa0000 - 0x000007fef9fb6000 	D:\Android_Studio\jre\jre\bin\zip.dll
0x000007fefdc00000 - 0x000007fefe98b000 	C:\windows\system32\SHELL32.dll
0x000007feffa10000 - 0x000007feffc0c000 	C:\windows\system32\ole32.dll
0x000007fefd660000 - 0x000007fefd66f000 	C:\windows\system32\profapi.dll

VM Arguments:
jvm_args: -Djava.awt.headless=true -Xmx1024M -Dfile.encoding=GBK -Duser.country=CN -Duser.language=zh -Duser.variant 
java_command: com.android.dx.command.Main --dex --force-jumbo --num-threads=4 --multi-dex --output E:\projects-learn\Rn-Android-SmartHome\new-android-add-react\android\app\build\intermediates\transforms\dex\debug\folders\1000\5\slice_2 E:\projects-learn\Rn-Android-SmartHome\new-android-add-react\android\app\build\intermediates\transforms\instantRunSlicer\debug\folders\1\5\slice_2
java_class_path (initial): D:\Android_SDK\build-tools\25.0.0\lib\dx.jar
Launcher Type: SUN_STANDARD

Environment Variables:
JAVA_HOME=C:\Program Files\Java\jdk1.8.0_144
CLASSPATH=.;
PATH=C:\Python27\;C:\Python27\Scripts;C:\windows\system32;C:\windows;C:\windows\System32\Wbem;C:\windows\System32\WindowsPowerShell\v1.0\;D:\node\;D:\Git\cmd;D:\tortoisSVN\bin;C:\Ruby23-x64\bin;C:\Users\zhangzhijun\AppData\Roaming\npm;D:\Microsoft VS Code\bin;D:\Android_SDK\platform-tools;C:\nginx\php;C:\ProgramData\ComposerSetup\bin;C:\ProgramData\chocolatey\bin;C:\Program Files\Java\jdk1.8.0_144\bin;C:\Ruby23-x64\bin;C:\Users\zhangzhijun\AppData\Roaming\npm;D:\Microsoft VS Code\bin;C:\Users\zhangzhijun\AppData\Roaming\Composer\vendor\bin;C:\Users\zhangzhijun\AppData\Local\Programs\Fiddler
USERNAME=zhangzhijun
OS=Windows_NT
PROCESSOR_IDENTIFIER=Intel64 Family 6 Model 69 Stepping 1, GenuineIntel



---------------  S Y S T E M  ---------------

OS: Windows 7 , 64 bit Build 7601 (6.1.7601.23807)

CPU:total 4 (2 cores per cpu, 2 threads per core) family 6 model 69 stepping 1, cmov, cx8, fxsr, mmx, sse, sse2, sse3, ssse3, sse4.1, sse4.2, popcnt, avx, avx2, clmul, erms, lzcnt, ht, tsc, tscinvbit, bmi1, bmi2

Memory: 4k page, physical 8079796k(1003600k free), swap 8436336k(3100k free)

vm_info: OpenJDK 64-Bit Server VM (25.112-b06) for windows-amd64 JRE (1.8.0_112-release-b06), built on Dec  8 2016 00:54:26 by "builder" with MS VC++ 10.0 (VS2010)

time: Fri Sep 29 20:04:13 2017
elapsed time: 4 seconds (0d 0h 0m 4s)

