#
# There is insufficient memory for the Java Runtime Environment to continue.
# Native memory allocation (malloc) failed to allocate 32744 bytes for ChunkPool::allocate
# Possible reasons:
#   The system is out of physical RAM or swap space
#   In 32 bit mode, the process size limit was hit
# Possible solutions:
#   Reduce memory load on the system
#   Increase physical memory or swap space
#   Check if swap backing store is full
#   Use 64 bit Java on a 64 bit OS
#   Decrease Java heap size (-Xmx/-Xms)
#   Decrease number of Java threads
#   Decrease Java thread stack sizes (-Xss)
#   Set larger code cache with -XX:ReservedCodeCacheSize=
# This output file may be truncated or incomplete.
#
#  Out of Memory Error (allocation.cpp:273), pid=7104, tid=0x0000000000002fe8
#
# JRE version: OpenJDK Runtime Environment (8.0_112-b06) (build 1.8.0_112-release-b06)
# Java VM: OpenJDK 64-Bit Server VM (25.112-b06 mixed mode windows-amd64 compressed oops)
# Failed to write core dump. Minidumps are not enabled by default on client versions of Windows
#

---------------  T H R E A D  ---------------

Current thread (0x000000005657b000):  JavaThread "C2 CompilerThread0" daemon [_thread_in_native, id=12264, stack(0x0000000056c60000,0x0000000056d60000)]

Stack: [0x0000000056c60000,0x0000000056d60000]
[error occurred during error reporting (printing stack bounds), id 0xc0000005]

Native frames: (J=compiled Java code, j=interpreted, Vv=VM code, C=native code)


Current CompileTask:
C2:   7778 1925       4       com.android.dx.ssa.SCCP::simulateBranch (666 bytes)


---------------  P R O C E S S  ---------------

Java Threads: ( => current thread )
  0x0000000056937800 JavaThread "pool-2-thread-4" [_thread_blocked, id=7304, stack(0x0000000056960000,0x0000000056a60000)]
  0x000000005690c000 JavaThread "pool-2-thread-3" [_thread_blocked, id=9436, stack(0x0000000058a30000,0x0000000058b30000)]
  0x000000005691d000 JavaThread "pool-2-thread-2" [_thread_blocked, id=11828, stack(0x0000000058780000,0x0000000058880000)]
  0x00000000568d2000 JavaThread "pool-3-thread-1" [_thread_blocked, id=1856, stack(0x0000000058590000,0x0000000058690000)]
  0x00000000568d1800 JavaThread "pool-2-thread-1" [_thread_blocked, id=4228, stack(0x0000000058430000,0x0000000058530000)]
  0x0000000056580000 JavaThread "Service Thread" daemon [_thread_blocked, id=9076, stack(0x0000000057aa0000,0x0000000057ba0000)]
  0x000000005657e000 JavaThread "C1 CompilerThread2" daemon [_thread_blocked, id=11304, stack(0x0000000056d60000,0x0000000056e60000)]
  0x000000005657d000 JavaThread "C2 CompilerThread1" daemon [_thread_in_native, id=10300, stack(0x0000000056ed0000,0x0000000056fd0000)]
=>0x000000005657b000 JavaThread "C2 CompilerThread0" daemon [_thread_in_native, id=12264, stack(0x0000000056c60000,0x0000000056d60000)]
  0x000000005656a800 JavaThread "Attach Listener" daemon [_thread_blocked, id=8352, stack(0x0000000056230000,0x0000000056330000)]
  0x00000000552bf000 JavaThread "Signal Dispatcher" daemon [_thread_blocked, id=5352, stack(0x0000000056a70000,0x0000000056b70000)]
  0x0000000055298000 JavaThread "Finalizer" daemon [_thread_blocked, id=3264, stack(0x0000000056460000,0x0000000056560000)]
  0x000000005524f000 JavaThread "Reference Handler" daemon [_thread_blocked, id=12260, stack(0x0000000056340000,0x0000000056440000)]
  0x000000000014e800 JavaThread "main" [_thread_blocked, id=8020, stack(0x0000000002720000,0x0000000002820000)]

Other Threads:
  0x0000000055249800 VMThread [stack: 0x00000000560e0000,0x00000000561e0000] [id=9332]
  0x0000000056583000 WatcherThread [stack: 0x00000000570d0000,0x00000000571d0000] [id=9036]

VM state:not at safepoint (normal execution)

VM Mutex/Monitor currently owned by a thread: None

Heap:
 PSYoungGen      total 68608K, used 29123K [0x00000000eab00000, 0x00000000f3100000, 0x0000000100000000)
  eden space 63488K, 37% used [0x00000000eab00000,0x00000000ec278c68,0x00000000ee900000)
  from space 5120K, 99% used [0x00000000ee900000,0x00000000eedf8028,0x00000000eee00000)
  to   space 5120K, 0% used [0x00000000f2c00000,0x00000000f2c00000,0x00000000f3100000)
 ParOldGen       total 84992K, used 15288K [0x00000000c0000000, 0x00000000c5300000, 0x00000000eab00000)
  object space 84992K, 17% used [0x00000000c0000000,0x00000000c0eee168,0x00000000c5300000)
 Metaspace       used 6225K, capacity 7088K, committed 7296K, reserved 1056768K
  class space    used 571K, capacity 616K, committed 640K, reserved 1048576K

Card table byte_map: [0x0000000011be0000,0x0000000011df0000] byte_map_base: 0x00000000115e0000

Marking Bits: (ParMarkBitMap*) 0x00000000579a18f0
 Begin Bits: [0x00000000126c0000, 0x00000000136c0000)
 End Bits:   [0x00000000136c0000, 0x00000000146c0000)

Polling page: 0x0000000000130000

CodeCache: size=245760Kb used=7470Kb max_used=7492Kb free=238289Kb
 bounds [0x0000000002820000, 0x0000000002f80000, 0x0000000011820000]
 total_blobs=2081 nmethods=1811 adapters=183
 compilation: enabled

Compilation events (10 events):
Event: 7.490 Thread 0x000000005657e000 1927       2       com.android.dx.ssa.SsaBasicBlock::checkRegUsed (39 bytes)
Event: 7.491 Thread 0x000000005657e000 nmethod 1927 0x0000000002f32a90 code [0x0000000002f32c20, 0x0000000002f32e58]
Event: 7.497 Thread 0x000000005657e000 1935 %     3       com.android.dx.ssa.PhiInsn::mapSourceRegisters @ 8 (78 bytes)
Event: 7.498 Thread 0x000000005657e000 nmethod 1935% 0x0000000002f3b490 code [0x0000000002f3b680, 0x0000000002f3c0f8]
Event: 7.499 Thread 0x000000005657e000 1937       2       java.util.Collections::swap (25 bytes)
Event: 7.499 Thread 0x000000005657e000 nmethod 1937 0x0000000002f3b050 code [0x0000000002f3b1c0, 0x0000000002f3b388]
Event: 7.500 Thread 0x000000005657e000 1938       2       com.android.dx.ssa.SsaBasicBlock::scheduleUseBeforeAssigned (389 bytes)
Event: 7.502 Thread 0x000000005657e000 nmethod 1938 0x0000000002f61710 code [0x0000000002f61ba0, 0x0000000002f630a8]
Event: 7.505 Thread 0x000000005657b000 nmethod 1905 0x0000000002f709d0 code [0x0000000002f70c20, 0x0000000002f737b8]
Event: 7.505 Thread 0x000000005657b000 1925       4       com.android.dx.ssa.SCCP::simulateBranch (666 bytes)

GC Heap History (6 events):
Event: 2.875 GC heap before
{Heap before GC invocations=1 (full 0):
 PSYoungGen      total 36864K, used 31744K [0x00000000eab00000, 0x00000000ed400000, 0x0000000100000000)
  eden space 31744K, 100% used [0x00000000eab00000,0x00000000eca00000,0x00000000eca00000)
  from space 5120K, 0% used [0x00000000ecf00000,0x00000000ecf00000,0x00000000ed400000)
  to   space 5120K, 0% used [0x00000000eca00000,0x00000000eca00000,0x00000000ecf00000)
 ParOldGen       total 84992K, used 0K [0x00000000c0000000, 0x00000000c5300000, 0x00000000eab00000)
  object space 84992K, 0% used [0x00000000c0000000,0x00000000c0000000,0x00000000c5300000)
 Metaspace       used 5823K, capacity 6768K, committed 7040K, reserved 1056768K
  class space    used 568K, capacity 616K, committed 640K, reserved 1048576K
Event: 3.011 GC heap after
Heap after GC invocations=1 (full 0):
 PSYoungGen      total 36864K, used 5116K [0x00000000eab00000, 0x00000000ef300000, 0x0000000100000000)
  eden space 31744K, 0% used [0x00000000eab00000,0x00000000eab00000,0x00000000eca00000)
  from space 5120K, 99% used [0x00000000eca00000,0x00000000eceff268,0x00000000ecf00000)
  to   space 5120K, 0% used [0x00000000eee00000,0x00000000eee00000,0x00000000ef300000)
 ParOldGen       total 84992K, used 1186K [0x00000000c0000000, 0x00000000c5300000, 0x00000000eab00000)
  object space 84992K, 1% used [0x00000000c0000000,0x00000000c0128b70,0x00000000c5300000)
 Metaspace       used 5823K, capacity 6768K, committed 7040K, reserved 1056768K
  class space    used 568K, capacity 616K, committed 640K, reserved 1048576K
}
Event: 3.586 GC heap before
{Heap before GC invocations=2 (full 0):
 PSYoungGen      total 36864K, used 36860K [0x00000000eab00000, 0x00000000ef300000, 0x0000000100000000)
  eden space 31744K, 100% used [0x00000000eab00000,0x00000000eca00000,0x00000000eca00000)
  from space 5120K, 99% used [0x00000000eca00000,0x00000000eceff268,0x00000000ecf00000)
  to   space 5120K, 0% used [0x00000000eee00000,0x00000000eee00000,0x00000000ef300000)
 ParOldGen       total 84992K, used 1186K [0x00000000c0000000, 0x00000000c5300000, 0x00000000eab00000)
  object space 84992K, 1% used [0x00000000c0000000,0x00000000c0128b70,0x00000000c5300000)
 Metaspace       used 6080K, capacity 7024K, committed 7296K, reserved 1056768K
  class space    used 571K, capacity 616K, committed 640K, reserved 1048576K
Event: 3.624 GC heap after
Heap after GC invocations=2 (full 0):
 PSYoungGen      total 68608K, used 5099K [0x00000000eab00000, 0x00000000ef300000, 0x0000000100000000)
  eden space 63488K, 0% used [0x00000000eab00000,0x00000000eab00000,0x00000000ee900000)
  from space 5120K, 99% used [0x00000000eee00000,0x00000000ef2fac18,0x00000000ef300000)
  to   space 5120K, 0% used [0x00000000ee900000,0x00000000ee900000,0x00000000eee00000)
 ParOldGen       total 84992K, used 5670K [0x00000000c0000000, 0x00000000c5300000, 0x00000000eab00000)
  object space 84992K, 6% used [0x00000000c0000000,0x00000000c0589848,0x00000000c5300000)
 Metaspace       used 6080K, capacity 7024K, committed 7296K, reserved 1056768K
  class space    used 571K, capacity 616K, committed 640K, reserved 1048576K
}
Event: 4.472 GC heap before
{Heap before GC invocations=3 (full 0):
 PSYoungGen      total 68608K, used 68587K [0x00000000eab00000, 0x00000000ef300000, 0x0000000100000000)
  eden space 63488K, 100% used [0x00000000eab00000,0x00000000ee900000,0x00000000ee900000)
  from space 5120K, 99% used [0x00000000eee00000,0x00000000ef2fac18,0x00000000ef300000)
  to   space 5120K, 0% used [0x00000000ee900000,0x00000000ee900000,0x00000000eee00000)
 ParOldGen       total 84992K, used 5670K [0x00000000c0000000, 0x00000000c5300000, 0x00000000eab00000)
  object space 84992K, 6% used [0x00000000c0000000,0x00000000c0589848,0x00000000c5300000)
 Metaspace       used 6215K, capacity 7088K, committed 7296K, reserved 1056768K
  class space    used 571K, capacity 616K, committed 640K, reserved 1048576K
Event: 4.518 GC heap after
Heap after GC invocations=3 (full 0):
 PSYoungGen      total 68608K, used 5088K [0x00000000eab00000, 0x00000000f3100000, 0x0000000100000000)
  eden space 63488K, 0% used [0x00000000eab00000,0x00000000eab00000,0x00000000ee900000)
  from space 5120K, 99% used [0x00000000ee900000,0x00000000eedf8028,0x00000000eee00000)
  to   space 5120K, 0% used [0x00000000f2c00000,0x00000000f2c00000,0x00000000f3100000)
 ParOldGen       total 84992K, used 15288K [0x00000000c0000000, 0x00000000c5300000, 0x00000000eab00000)
  object space 84992K, 17% used [0x00000000c0000000,0x00000000c0eee168,0x00000000c5300000)
 Metaspace       used 6215K, capacity 7088K, committed 7296K, reserved 1056768K
  class space    used 571K, capacity 616K, committed 640K, reserved 1048576K
}

Deoptimization events (10 events):
Event: 3.686 Thread 0x000000005691d000 Uncommon trap: reason=unstable_if action=reinterpret pc=0x0000000002be5e70 method=com.android.dx.rop.code.RegisterSpecSet.<init>(I)V @ 2
Event: 4.444 Thread 0x000000005690c000 Uncommon trap: reason=class_check action=maybe_recompile pc=0x0000000002e40c34 method=com.android.dx.ssa.SCCP.simulateBranch(Lcom/android/dx/ssa/SsaInsn;)V @ 145
Event: 4.444 Thread 0x000000005690c000 Uncommon trap: reason=class_check action=maybe_recompile pc=0x0000000002e40c34 method=com.android.dx.ssa.SCCP.simulateBranch(Lcom/android/dx/ssa/SsaInsn;)V @ 145
Event: 4.445 Thread 0x000000005690c000 Uncommon trap: reason=class_check action=maybe_recompile pc=0x0000000002e40c34 method=com.android.dx.ssa.SCCP.simulateBranch(Lcom/android/dx/ssa/SsaInsn;)V @ 145
Event: 4.445 Thread 0x000000005690c000 Uncommon trap: reason=class_check action=maybe_recompile pc=0x0000000002e40c34 method=com.android.dx.ssa.SCCP.simulateBranch(Lcom/android/dx/ssa/SsaInsn;)V @ 145
Event: 4.925 Thread 0x00000000568d1800 Uncommon trap: reason=unstable_if action=reinterpret pc=0x0000000002dc338c method=java.util.HashMap.putVal(ILjava/lang/Object;Ljava/lang/Object;ZZ)Ljava/lang/Object; @ 94
Event: 6.939 Thread 0x000000005691d000 Uncommon trap: reason=speculate_class_check action=maybe_recompile pc=0x0000000002eebe60 method=com.android.dx.rop.cst.TypedConstant.getBasicType()I @ 1
Event: 6.939 Thread 0x000000005691d000 Uncommon trap: reason=speculate_class_check action=maybe_recompile pc=0x0000000002eebe60 method=com.android.dx.rop.cst.TypedConstant.getBasicType()I @ 1
Event: 7.487 Thread 0x000000005691d000 Uncommon trap: reason=speculate_class_check action=maybe_recompile pc=0x0000000002eebe60 method=com.android.dx.rop.cst.TypedConstant.getBasicType()I @ 1
Event: 7.488 Thread 0x000000005691d000 Uncommon trap: reason=speculate_class_check action=maybe_recompile pc=0x0000000002eebe60 method=com.android.dx.rop.cst.TypedConstant.getBasicType()I @ 1

Internal exceptions (3 events):
Event: 0.044 Thread 0x000000000014e800 Exception <a 'java/lang/NoSuchMethodError': Method sun.misc.Unsafe.defineClass(Ljava/lang/String;[BII)Ljava/lang/Class; name or signature does not match> (0x00000000eab07c78) thrown at [C:\src\android\AOSP-openjdk\external\jetbrains\jdk\hotspot\src\share\vAÔ
Event: 0.044 Thread 0x000000000014e800 Exception <a 'java/lang/NoSuchMethodError': Method sun.misc.Unsafe.prefetchRead(Ljava/lang/Object;J)V name or signature does not match> (0x00000000eab07f60) thrown at [C:\src\android\AOSP-openjdk\external\jetbrains\jdk\hotspot\src\share\vm\prims\jni.cpp, l1á=Ú	@
Event: 3.232 Thread 0x000000000014e800 Implicit null exception at 0x0000000002b39652 to 0x0000000002b3974a

Events (10 events):
Event: 6.939 Thread 0x000000005691d000 DEOPT PACKING pc=0x0000000002eebe60 sp=0x000000005887ea70
Event: 6.939 Thread 0x000000005691d000 DEOPT UNPACKING pc=0x000000000286556a sp=0x000000005887e9f0 mode 2
Event: 7.487 Thread 0x000000005691d000 Uncommon trap: trap_request=0xffffff76 fr.pc=0x0000000002eebe60
Event: 7.487 Thread 0x000000005691d000 DEOPT PACKING pc=0x0000000002eebe60 sp=0x000000005887ea20
Event: 7.487 Thread 0x000000005691d000 DEOPT UNPACKING pc=0x000000000286556a sp=0x000000005887e9a0 mode 2
Event: 7.488 Thread 0x000000005691d000 Uncommon trap: trap_request=0xffffff76 fr.pc=0x0000000002eebe60
Event: 7.488 Thread 0x000000005691d000 DEOPT PACKING pc=0x0000000002eebe60 sp=0x000000005887ea20
Event: 7.488 Thread 0x000000005691d000 DEOPT UNPACKING pc=0x000000000286556a sp=0x000000005887e9a0 mode 2
Event: 7.500 Thread 0x000000005691d000 DEOPT PACKING pc=0x0000000002c737ec sp=0x000000005887eb50
Event: 7.500 Thread 0x000000005691d000 DEOPT UNPACKING pc=0x00000000028675bf sp=0x000000005887e8d0 mode 0


Dynamic libraries:
0x000000013fba0000 - 0x000000013fbd1000 	D:\Android_Studio\jre\bin\java.exe
0x0000000077970000 - 0x0000000077b1a000 	C:\windows\SYSTEM32\ntdll.dll
0x0000000077750000 - 0x000000007786f000 	C:\windows\system32\kernel32.dll
0x000007fefd680000 - 0x000007fefd6ea000 	C:\windows\system32\KERNELBASE.dll
0x000007feff060000 - 0x000007feff13b000 	C:\windows\system32\ADVAPI32.dll
0x000007fefe990000 - 0x000007fefea2f000 	C:\windows\system32\msvcrt.dll
0x000007feff1f0000 - 0x000007feff20f000 	C:\windows\SYSTEM32\sechost.dll
0x000007feff210000 - 0x000007feff33d000 	C:\windows\system32\RPCRT4.dll
0x0000000077870000 - 0x000000007796a000 	C:\windows\system32\USER32.dll
0x000007feffc10000 - 0x000007feffc77000 	C:\windows\system32\GDI32.dll
0x000007fefec30000 - 0x000007fefec3e000 	C:\windows\system32\LPK.dll
0x000007feff7b0000 - 0x000007feff87b000 	C:\windows\system32\USP10.dll
0x000007fefb640000 - 0x000007fefb834000 	C:\windows\WinSxS\amd64_microsoft.windows.common-controls_6595b64144ccf1df_6.0.7601.18837_none_fa3b1e3d17594757\COMCTL32.dll
0x000007feff730000 - 0x000007feff7a1000 	C:\windows\system32\SHLWAPI.dll
0x000007fefda20000 - 0x000007fefda4e000 	C:\windows\system32\IMM32.DLL
0x000007fefdaf0000 - 0x000007fefdbf9000 	C:\windows\system32\MSCTF.dll
0x0000000070fc0000 - 0x0000000071092000 	D:\Android_Studio\jre\jre\bin\msvcr100.dll
0x00000000571e0000 - 0x0000000057a1c000 	D:\Android_Studio\jre\jre\bin\server\jvm.dll
0x000007fef9990000 - 0x000007fef9999000 	C:\windows\system32\WSOCK32.dll
0x000007feff1a0000 - 0x000007feff1ed000 	C:\windows\system32\WS2_32.dll
0x000007fefef70000 - 0x000007fefef78000 	C:\windows\system32\NSI.dll
0x000007fefa500000 - 0x000007fefa53b000 	C:\windows\system32\WINMM.dll
0x000007fefc730000 - 0x000007fefc73c000 	C:\windows\system32\VERSION.dll
0x0000000077b30000 - 0x0000000077b37000 	C:\windows\system32\PSAPI.DLL
0x000007fef9f70000 - 0x000007fef9f7f000 	D:\Android_Studio\jre\jre\bin\verify.dll
0x000007fef98d0000 - 0x000007fef98f9000 	D:\Android_Studio\jre\jre\bin\java.dll
0x000007fef98b0000 - 0x000007fef98c6000 	D:\Android_Studio\jre\jre\bin\zip.dll
0x000007fefdc00000 - 0x000007fefe98b000 	C:\windows\system32\SHELL32.dll
0x000007feffa10000 - 0x000007feffc0c000 	C:\windows\system32\ole32.dll
0x000007fefd660000 - 0x000007fefd66f000 	C:\windows\system32\profapi.dll

VM Arguments:
jvm_args: -Djava.awt.headless=true -Xmx1024M -Dfile.encoding=GBK -Duser.country=CN -Duser.language=zh -Duser.variant 
java_command: com.android.dx.command.Main --dex --force-jumbo --num-threads=4 --multi-dex --output E:\projects-learn\Rn-Android-SmartHome\new-android-add-react\android\app\build\intermediates\transforms\dex\debug\folders\1000\2\Msc_5ae59c771bc32b769c60b08f34d5f86b655f2808 E:\projects-learn\Rn-Android-SmartHome\new-android-add-react\android\app\libs\Msc.jar
java_class_path (initial): D:\Android_SDK\build-tools\25.0.0\lib\dx.jar
Launcher Type: SUN_STANDARD

Environment Variables:
JAVA_HOME=C:\Program Files\Java\jdk1.8.0_144
CLASSPATH=.;
PATH=C:\Python27\;C:\Python27\Scripts;C:\windows\system32;C:\windows;C:\windows\System32\Wbem;C:\windows\System32\WindowsPowerShell\v1.0\;D:\node\;D:\Git\cmd;D:\tortoisSVN\bin;C:\Ruby23-x64\bin;C:\Users\zhangzhijun\AppData\Roaming\npm;D:\Microsoft VS Code\bin;D:\Android_SDK\platform-tools;C:\nginx\php;C:\ProgramData\ComposerSetup\bin;C:\ProgramData\chocolatey\bin;C:\Program Files\Java\jdk1.8.0_144\bin;C:\Ruby23-x64\bin;C:\Users\zhangzhijun\AppData\Roaming\npm;D:\Microsoft VS Code\bin;C:\Users\zhangzhijun\AppData\Roaming\Composer\vendor\bin;C:\Users\zhangzhijun\AppData\Local\Programs\Fiddler
USERNAME=zhangzhijun
OS=Windows_NT
PROCESSOR_IDENTIFIER=Intel64 Family 6 Model 69 Stepping 1, GenuineIntel



---------------  S Y S T E M  ---------------

OS: Windows 7 , 64 bit Build 7601 (6.1.7601.23807)

CPU:total 4 (2 cores per cpu, 2 threads per core) family 6 model 69 stepping 1, cmov, cx8, fxsr, mmx, sse, sse2, sse3, ssse3, sse4.1, sse4.2, popcnt, avx, avx2, clmul, erms, lzcnt, ht, tsc, tscinvbit, bmi1, bmi2

Memory: 4k page, physical 8079796k(1098496k free), swap 8436336k(3008k free)

vm_info: OpenJDK 64-Bit Server VM (25.112-b06) for windows-amd64 JRE (1.8.0_112-release-b06), built on Dec  8 2016 00:54:26 by "builder" with MS VC++ 10.0 (VS2010)

time: Thu Sep 28 20:11:11 2017
elapsed time: 7 seconds (0d 0h 0m 7s)

